16:24:06.719 [AWT-EventQueue-0] INFO  com.satfnRegBot.automationScripts.SatisfactionRegisteration - 400062395692 is satisfied with the Transaction ID 200299155602
16:24:29.912 [AWT-EventQueue-0] INFO  com.satfnRegBot.automationScripts.SatisfactionRegisteration - 400060668561 is satisfied with the Transaction ID 200299155800
16:25:10.652 [AWT-EventQueue-0] INFO  com.satfnRegBot.automationScripts.SatisfactionRegisteration - 400061277202 is satisfied with the Transaction ID 200299155936
16:25:33.399 [AWT-EventQueue-0] INFO  com.satfnRegBot.automationScripts.SatisfactionRegisteration - 400061279076 is satisfied with the Transaction ID 200299156179
16:25:55.664 [AWT-EventQueue-0] INFO  com.satfnRegBot.automationScripts.SatisfactionRegisteration - 400061305588 is satisfied with the Transaction ID 200299156364
16:26:17.938 [AWT-EventQueue-0] INFO  com.satfnRegBot.automationScripts.SatisfactionRegisteration - 400061305231 is satisfied with the Transaction ID 200299156548
16:26:41.028 [AWT-EventQueue-0] INFO  com.satfnRegBot.automationScripts.SatisfactionRegisteration - 400062300752 is satisfied with the Transaction ID 200299156724
16:27:03.243 [AWT-EventQueue-0] INFO  com.satfnRegBot.automationScripts.SatisfactionRegisteration - 400060580035 is satisfied with the Transaction ID 200299156873
16:27:26.048 [AWT-EventQueue-0] INFO  com.satfnRegBot.automationScripts.SatisfactionRegisteration - 400060580079 is satisfied with the Transaction ID 200299157056
16:27:48.886 [AWT-EventQueue-0] INFO  com.satfnRegBot.automationScripts.SatisfactionRegisteration - 400061181097 is satisfied with the Transaction ID 200299157242
16:28:13.232 [AWT-EventQueue-0] INFO  com.satfnRegBot.automationScripts.SatisfactionRegisteration - 400061126106 is satisfied with the Transaction ID 200299157394
16:28:35.997 [AWT-EventQueue-0] INFO  com.satfnRegBot.automationScripts.SatisfactionRegisteration - 400061116409 is satisfied with the Transaction ID 200299157578
16:28:59.772 [AWT-EventQueue-0] INFO  com.satfnRegBot.automationScripts.SatisfactionRegisteration - 400061088989 is satisfied with the Transaction ID 200299157707
16:29:22.909 [AWT-EventQueue-0] INFO  com.satfnRegBot.automationScripts.SatisfactionRegisteration - 400061099798 is satisfied with the Transaction ID 200299157842
16:29:45.793 [AWT-EventQueue-0] INFO  com.satfnRegBot.automationScripts.SatisfactionRegisteration - 400061081066 is satisfied with the Transaction ID 200299157981
16:30:09.378 [AWT-EventQueue-0] INFO  com.satfnRegBot.automationScripts.SatisfactionRegisteration - 400060577545 is satisfied with the Transaction ID 200299158102
16:30:32.375 [AWT-EventQueue-0] INFO  com.satfnRegBot.automationScripts.SatisfactionRegisteration - 400060573277 is satisfied with the Transaction ID 200299158205
16:30:55.731 [AWT-EventQueue-0] INFO  com.satfnRegBot.automationScripts.SatisfactionRegisteration - 400060574357 is satisfied with the Transaction ID 200299158295
16:31:19.042 [AWT-EventQueue-0] INFO  com.satfnRegBot.automationScripts.SatisfactionRegisteration - 400060574371 is satisfied with the Transaction ID 200299158371
16:31:41.727 [AWT-EventQueue-0] INFO  com.satfnRegBot.automationScripts.SatisfactionRegisteration - 400060574665 is satisfied with the Transaction ID 200299158484
16:31:43.866 [AWT-EventQueue-0] INFO  com.satfnRegBot.automationScripts.SatisfactionRegisteration - 400061271601 is already satisfied
16:32:05.188 [AWT-EventQueue-0] INFO  com.satfnRegBot.automationScripts.SatisfactionRegisteration - 400061321557 is satisfied with the Transaction ID 200299158599
16:32:28.274 [AWT-EventQueue-0] INFO  com.satfnRegBot.automationScripts.SatisfactionRegisteration - 400061277570 is satisfied with the Transaction ID 200299158728
16:32:51.298 [AWT-EventQueue-0] INFO  com.satfnRegBot.automationScripts.SatisfactionRegisteration - 400061321569 is satisfied with the Transaction ID 200299158845
16:33:14.277 [AWT-EventQueue-0] INFO  com.satfnRegBot.automationScripts.SatisfactionRegisteration - 400061316490 is satisfied with the Transaction ID 200299158963
16:33:37.295 [AWT-EventQueue-0] INFO  com.satfnRegBot.automationScripts.SatisfactionRegisteration - 400062238215 is satisfied with the Transaction ID 200299159091
16:33:39.519 [AWT-EventQueue-0] INFO  com.satfnRegBot.automationScripts.SatisfactionRegisteration - 400061273684 is already satisfied
16:34:00.956 [AWT-EventQueue-0] INFO  com.satfnRegBot.automationScripts.SatisfactionRegisteration - 400061321175 is satisfied with the Transaction ID 200299159210
16:34:24.101 [AWT-EventQueue-0] INFO  com.satfnRegBot.automationScripts.SatisfactionRegisteration - 400061324689 is satisfied with the Transaction ID 200299159320
16:34:47.451 [AWT-EventQueue-0] INFO  com.satfnRegBot.automationScripts.SatisfactionRegisteration - 400061304935 is satisfied with the Transaction ID 200299159455
16:35:16.265 [AWT-EventQueue-0] INFO  com.satfnRegBot.automationScripts.SatisfactionRegisteration - 400061338985 is satisfied with the Transaction ID 200299159521
16:35:39.433 [AWT-EventQueue-0] INFO  com.satfnRegBot.automationScripts.SatisfactionRegisteration - 400061324732 is satisfied with the Transaction ID 200299159671
16:36:02.107 [AWT-EventQueue-0] INFO  com.satfnRegBot.automationScripts.SatisfactionRegisteration - 400061606970 is satisfied with the Transaction ID 200299159786
16:36:25.814 [AWT-EventQueue-0] INFO  com.satfnRegBot.automationScripts.SatisfactionRegisteration - 400061606333 is satisfied with the Transaction ID 200299159924
16:36:49.787 [AWT-EventQueue-0] INFO  com.satfnRegBot.automationScripts.SatisfactionRegisteration - 400061340669 is satisfied with the Transaction ID 200299160022
16:37:12.771 [AWT-EventQueue-0] INFO  com.satfnRegBot.automationScripts.SatisfactionRegisteration - 400063496770 is satisfied with the Transaction ID 200299160142
16:37:35.785 [AWT-EventQueue-0] INFO  com.satfnRegBot.automationScripts.SatisfactionRegisteration - 400061649046 is satisfied with the Transaction ID 200299160266
16:37:58.693 [AWT-EventQueue-0] INFO  com.satfnRegBot.automationScripts.SatisfactionRegisteration - 400061337475 is satisfied with the Transaction ID 200299160400
16:38:01.064 [AWT-EventQueue-0] INFO  com.satfnRegBot.automationScripts.SatisfactionRegisteration - 400061321419 is already satisfied
16:38:22.445 [AWT-EventQueue-0] INFO  com.satfnRegBot.automationScripts.SatisfactionRegisteration - 400067061687 is satisfied with the Transaction ID 200299160508
16:38:45.452 [AWT-EventQueue-0] INFO  com.satfnRegBot.automationScripts.SatisfactionRegisteration - 400060532966 is satisfied with the Transaction ID 200299160592
16:39:08.953 [AWT-EventQueue-0] INFO  com.satfnRegBot.automationScripts.SatisfactionRegisteration - 400060534798 is satisfied with the Transaction ID 200299160698
16:39:32.841 [AWT-EventQueue-0] INFO  com.satfnRegBot.automationScripts.SatisfactionRegisteration - 400067073460 is satisfied with the Transaction ID 200299160807
16:39:56.161 [AWT-EventQueue-0] INFO  com.satfnRegBot.automationScripts.SatisfactionRegisteration - 400061210283 is satisfied with the Transaction ID 200299160900
16:40:19.518 [AWT-EventQueue-0] INFO  com.satfnRegBot.automationScripts.SatisfactionRegisteration - 400061209216 is satisfied with the Transaction ID 200299160982
16:40:47.001 [AWT-EventQueue-0] INFO  com.satfnRegBot.automationScripts.SatisfactionRegisteration - 400060571851 is satisfied with the Transaction ID 200299161068
16:41:10.393 [AWT-EventQueue-0] INFO  com.satfnRegBot.automationScripts.SatisfactionRegisteration - 400061875480 is satisfied with the Transaction ID 200299161157
16:41:33.524 [AWT-EventQueue-0] INFO  com.satfnRegBot.automationScripts.SatisfactionRegisteration - 400061366876 is satisfied with the Transaction ID 200299161250
16:42:39.465 [AWT-EventQueue-0] INFO  com.satfnRegBot.automationScripts.SatisfactionRegisteration - 400060092395 is satisfied with the Transaction ID 200299161608
16:43:03.168 [AWT-EventQueue-0] INFO  com.satfnRegBot.automationScripts.SatisfactionRegisteration - 400062603349 is satisfied with the Transaction ID 200299161779
16:43:26.787 [AWT-EventQueue-0] INFO  com.satfnRegBot.automationScripts.SatisfactionRegisteration - 400060092348 is satisfied with the Transaction ID 200299161916
16:43:52.470 [AWT-EventQueue-0] INFO  com.satfnRegBot.automationScripts.SatisfactionRegisteration - 400060188848 is satisfied with the Transaction ID 200299162074
16:44:25.527 [AWT-EventQueue-0] INFO  com.satfnRegBot.automationScripts.SatisfactionRegisteration - 400060212159 is satisfied with the Transaction ID 200299162245
16:44:58.011 [AWT-EventQueue-0] INFO  com.satfnRegBot.automationScripts.SatisfactionRegisteration - 400060214367 is satisfied with the Transaction ID 200299162451
16:45:28.510 [AWT-EventQueue-0] INFO  com.satfnRegBot.automationScripts.SatisfactionRegisteration - 400061317852 is satisfied with the Transaction ID 200299162564
16:45:54.992 [AWT-EventQueue-0] INFO  com.satfnRegBot.automationScripts.SatisfactionRegisteration - 400061449614 is satisfied with the Transaction ID 200299162726
16:46:23.154 [AWT-EventQueue-0] INFO  com.satfnRegBot.automationScripts.SatisfactionRegisteration - 400060211329 is satisfied with the Transaction ID 200299162910
16:46:49.203 [AWT-EventQueue-0] INFO  com.satfnRegBot.automationScripts.SatisfactionRegisteration - 400061450056 is satisfied with the Transaction ID 200299163092
16:47:19.392 [AWT-EventQueue-0] INFO  com.satfnRegBot.automationScripts.SatisfactionRegisteration - 400060238546 is satisfied with the Transaction ID 200299163263
16:47:45.957 [AWT-EventQueue-0] INFO  com.satfnRegBot.automationScripts.SatisfactionRegisteration - 400060140264 is satisfied with the Transaction ID 200299163421
16:48:12.308 [AWT-EventQueue-0] INFO  com.satfnRegBot.automationScripts.SatisfactionRegisteration - 400059646071 is satisfied with the Transaction ID 200299163592
16:48:35.777 [AWT-EventQueue-0] INFO  com.satfnRegBot.automationScripts.SatisfactionRegisteration - 400059750510 is satisfied with the Transaction ID 200299163721
16:48:38.350 [AWT-EventQueue-0] INFO  com.satfnRegBot.automationScripts.SatisfactionRegisteration - 400059655367 is already satisfied
16:48:59.732 [AWT-EventQueue-0] INFO  com.satfnRegBot.automationScripts.SatisfactionRegisteration - 400060976699 is satisfied with the Transaction ID 200299163863
16:49:23.877 [AWT-EventQueue-0] INFO  com.satfnRegBot.automationScripts.SatisfactionRegisteration - 400059843103 is satisfied with the Transaction ID 200299164022
16:49:47.922 [AWT-EventQueue-0] INFO  com.satfnRegBot.automationScripts.SatisfactionRegisteration - 400059656579 is satisfied with the Transaction ID 200299164174
16:50:11.892 [AWT-EventQueue-0] INFO  com.satfnRegBot.automationScripts.SatisfactionRegisteration - 400059656611 is satisfied with the Transaction ID 200299164317
16:50:36.817 [AWT-EventQueue-0] INFO  com.satfnRegBot.automationScripts.SatisfactionRegisteration - 400060980196 is satisfied with the Transaction ID 200299164435
16:51:00.423 [AWT-EventQueue-0] INFO  com.satfnRegBot.automationScripts.SatisfactionRegisteration - 400059886142 is satisfied with the Transaction ID 200299164556
16:51:23.910 [AWT-EventQueue-0] INFO  com.satfnRegBot.automationScripts.SatisfactionRegisteration - 400059896859 is satisfied with the Transaction ID 200299164668
16:51:47.340 [AWT-EventQueue-0] INFO  com.satfnRegBot.automationScripts.SatisfactionRegisteration - 400060956966 is satisfied with the Transaction ID 200299164796
16:52:10.525 [AWT-EventQueue-0] INFO  com.satfnRegBot.automationScripts.SatisfactionRegisteration - 400061179537 is satisfied with the Transaction ID 200299164924
16:52:36.125 [AWT-EventQueue-0] INFO  com.satfnRegBot.automationScripts.SatisfactionRegisteration - 400059508706 is satisfied with the Transaction ID 200299165044
16:53:00.444 [AWT-EventQueue-0] INFO  com.satfnRegBot.automationScripts.SatisfactionRegisteration - 400059806404 is satisfied with the Transaction ID 200299165165
16:53:24.123 [AWT-EventQueue-0] INFO  com.satfnRegBot.automationScripts.SatisfactionRegisteration - 400062212739 is satisfied with the Transaction ID 200299165304
16:53:48.663 [AWT-EventQueue-0] INFO  com.satfnRegBot.automationScripts.SatisfactionRegisteration - 400059945486 is satisfied with the Transaction ID 200299165462
16:54:15.906 [AWT-EventQueue-0] INFO  com.satfnRegBot.automationScripts.SatisfactionRegisteration - 400059802890 is satisfied with the Transaction ID 200299165623
16:54:45.336 [AWT-EventQueue-0] INFO  com.satfnRegBot.automationScripts.SatisfactionRegisteration - 400059907112 is satisfied with the Transaction ID 200299165808
16:55:11.319 [AWT-EventQueue-0] INFO  com.satfnRegBot.automationScripts.SatisfactionRegisteration - 400061211471 is satisfied with the Transaction ID 200299165951
16:55:38.075 [AWT-EventQueue-0] INFO  com.satfnRegBot.automationScripts.SatisfactionRegisteration - 400059753809 is satisfied with the Transaction ID 200299166094
16:56:07.330 [AWT-EventQueue-0] INFO  com.satfnRegBot.automationScripts.SatisfactionRegisteration - 400061209824 is satisfied with the Transaction ID 200299166238
16:56:38.999 [AWT-EventQueue-0] INFO  com.satfnRegBot.automationScripts.SatisfactionRegisteration - 400059590827 is satisfied with the Transaction ID 200299166401
16:57:08.760 [AWT-EventQueue-0] INFO  com.satfnRegBot.automationScripts.SatisfactionRegisteration - 400061589571 is satisfied with the Transaction ID 200299166527
16:57:35.408 [AWT-EventQueue-0] INFO  com.satfnRegBot.automationScripts.SatisfactionRegisteration - 400061209405 is satisfied with the Transaction ID 200299166709
16:57:42.812 [AWT-EventQueue-0] INFO  com.satfnRegBot.automationScripts.SatisfactionRegisteration - 400061186371 is already satisfied
16:58:05.996 [AWT-EventQueue-0] INFO  com.satfnRegBot.automationScripts.SatisfactionRegisteration - 400061210477 is satisfied with the Transaction ID 200299166867
16:58:32.077 [AWT-EventQueue-0] INFO  com.satfnRegBot.automationScripts.SatisfactionRegisteration - 400062495504 is satisfied with the Transaction ID 200299167054
16:58:55.371 [AWT-EventQueue-0] INFO  com.satfnRegBot.automationScripts.SatisfactionRegisteration - 400061047707 is satisfied with the Transaction ID 200299167199
16:59:19.351 [AWT-EventQueue-0] INFO  com.satfnRegBot.automationScripts.SatisfactionRegisteration - 400061049762 is satisfied with the Transaction ID 200299167342
16:59:44.263 [AWT-EventQueue-0] INFO  com.satfnRegBot.automationScripts.SatisfactionRegisteration - 400061104285 is satisfied with the Transaction ID 200299167444
17:00:15.747 [AWT-EventQueue-0] INFO  com.satfnRegBot.automationScripts.SatisfactionRegisteration - 400064284720 is satisfied with the Transaction ID 200299167531
17:00:39.749 [AWT-EventQueue-0] INFO  com.satfnRegBot.automationScripts.SatisfactionRegisteration - 400061046887 is satisfied with the Transaction ID 200299167656
17:00:42.349 [AWT-EventQueue-0] INFO  com.satfnRegBot.automationScripts.SatisfactionRegisteration - 400061047100 is already satisfied
17:01:04.208 [AWT-EventQueue-0] INFO  com.satfnRegBot.automationScripts.SatisfactionRegisteration - 400073041226 is satisfied with the Transaction ID 200299167743
17:01:30.801 [AWT-EventQueue-0] INFO  com.satfnRegBot.automationScripts.SatisfactionRegisteration - 400061030651 is satisfied with the Transaction ID 200299167808
17:01:56.692 [AWT-EventQueue-0] INFO  com.satfnRegBot.automationScripts.SatisfactionRegisteration - 400061805267 is satisfied with the Transaction ID 200299167905
17:02:21.587 [AWT-EventQueue-0] INFO  com.satfnRegBot.automationScripts.SatisfactionRegisteration - 400061048505 is satisfied with the Transaction ID 200299168011
17:02:47.014 [AWT-EventQueue-0] INFO  com.satfnRegBot.automationScripts.SatisfactionRegisteration - 400060981912 is satisfied with the Transaction ID 200299168161
17:03:11.425 [AWT-EventQueue-0] INFO  com.satfnRegBot.automationScripts.SatisfactionRegisteration - 400062165832 is satisfied with the Transaction ID 200299168301
17:03:34.799 [AWT-EventQueue-0] INFO  com.satfnRegBot.automationScripts.SatisfactionRegisteration - 400060993703 is satisfied with the Transaction ID 200299168438
17:03:58.190 [AWT-EventQueue-0] INFO  com.satfnRegBot.automationScripts.SatisfactionRegisteration - 400061048876 is satisfied with the Transaction ID 200299168576
17:04:23.597 [AWT-EventQueue-0] INFO  com.satfnRegBot.automationScripts.SatisfactionRegisteration - 400060995141 is satisfied with the Transaction ID 200299168711
17:04:49.953 [AWT-EventQueue-0] INFO  com.satfnRegBot.automationScripts.SatisfactionRegisteration - 400061036132 is satisfied with the Transaction ID 200299168844
17:05:14.808 [AWT-EventQueue-0] INFO  com.satfnRegBot.automationScripts.SatisfactionRegisteration - 400060989849 is satisfied with the Transaction ID 200299168986
17:05:38.031 [AWT-EventQueue-0] INFO  com.satfnRegBot.automationScripts.SatisfactionRegisteration - 400061730023 is satisfied with the Transaction ID 200299169115
17:06:07.758 [AWT-EventQueue-0] INFO  com.satfnRegBot.automationScripts.SatisfactionRegisteration - 400061194588 is satisfied with the Transaction ID 200299169299
17:06:33.869 [AWT-EventQueue-0] INFO  com.satfnRegBot.automationScripts.SatisfactionRegisteration - 400061145295 is satisfied with the Transaction ID 200299169408
17:07:02.051 [AWT-EventQueue-0] INFO  com.satfnRegBot.automationScripts.SatisfactionRegisteration - 400061225034 is satisfied with the Transaction ID 200299169595
17:07:28.456 [AWT-EventQueue-0] INFO  com.satfnRegBot.automationScripts.SatisfactionRegisteration - 400061209584 is satisfied with the Transaction ID 200299169766
17:07:52.400 [AWT-EventQueue-0] INFO  com.satfnRegBot.automationScripts.SatisfactionRegisteration - 400061211014 is satisfied with the Transaction ID 200299169936
17:08:20.278 [AWT-EventQueue-0] INFO  com.satfnRegBot.automationScripts.SatisfactionRegisteration - 400061145341 is satisfied with the Transaction ID 200299170105
17:08:26.973 [AWT-EventQueue-0] INFO  com.satfnRegBot.automationScripts.SatisfactionRegisteration - 400062085581 is already satisfied
17:08:48.759 [AWT-EventQueue-0] INFO  com.satfnRegBot.automationScripts.SatisfactionRegisteration - 400062081454 is satisfied with the Transaction ID 200299170283
17:09:15.770 [AWT-EventQueue-0] INFO  com.satfnRegBot.automationScripts.SatisfactionRegisteration - 400061194124 is satisfied with the Transaction ID 200299170451
17:09:42.105 [AWT-EventQueue-0] INFO  com.satfnRegBot.automationScripts.SatisfactionRegisteration - 400061796135 is satisfied with the Transaction ID 200299170609
17:10:12.543 [AWT-EventQueue-0] INFO  com.satfnRegBot.automationScripts.SatisfactionRegisteration - 400061821536 is satisfied with the Transaction ID 200299170746
17:10:40.447 [AWT-EventQueue-0] INFO  com.satfnRegBot.automationScripts.SatisfactionRegisteration - 400061672412 is satisfied with the Transaction ID 200299170886
17:11:06.150 [AWT-EventQueue-0] INFO  com.satfnRegBot.automationScripts.SatisfactionRegisteration - 400061763727 is satisfied with the Transaction ID 200299171012
17:11:29.945 [AWT-EventQueue-0] INFO  com.satfnRegBot.automationScripts.SatisfactionRegisteration - 400061673935 is satisfied with the Transaction ID 200299171109
17:11:55.112 [AWT-EventQueue-0] INFO  com.satfnRegBot.automationScripts.SatisfactionRegisteration - 400061701259 is satisfied with the Transaction ID 200299171300
17:12:18.423 [AWT-EventQueue-0] INFO  com.satfnRegBot.automationScripts.SatisfactionRegisteration - 400061637588 is satisfied with the Transaction ID 200299171516
17:12:41.852 [AWT-EventQueue-0] INFO  com.satfnRegBot.automationScripts.SatisfactionRegisteration - 400061699311 is satisfied with the Transaction ID 200299171733
17:13:10.855 [AWT-EventQueue-0] INFO  com.satfnRegBot.automationScripts.SatisfactionRegisteration - 400061710134 is satisfied with the Transaction ID 200299171921
17:13:35.128 [AWT-EventQueue-0] INFO  com.satfnRegBot.automationScripts.SatisfactionRegisteration - 400061718030 is satisfied with the Transaction ID 200299172044
17:14:00.514 [AWT-EventQueue-0] INFO  com.satfnRegBot.automationScripts.SatisfactionRegisteration - 400061813892 is satisfied with the Transaction ID 200299172285
17:14:25.181 [AWT-EventQueue-0] INFO  com.satfnRegBot.automationScripts.SatisfactionRegisteration - 400061825855 is satisfied with the Transaction ID 200299172479
17:14:52.213 [AWT-EventQueue-0] INFO  com.satfnRegBot.automationScripts.SatisfactionRegisteration - 400061830750 is satisfied with the Transaction ID 200299172660
17:15:18.361 [AWT-EventQueue-0] INFO  com.satfnRegBot.automationScripts.SatisfactionRegisteration - 400061729498 is satisfied with the Transaction ID 200299172835
17:15:54.601 [AWT-EventQueue-0] INFO  com.satfnRegBot.automationScripts.SatisfactionRegisteration - 400061710229 is satisfied with the Transaction ID 200299172948
17:15:58.294 [AWT-EventQueue-0] INFO  com.satfnRegBot.automationScripts.SatisfactionRegisteration - 400062060851 is already satisfied
17:16:21.861 [AWT-EventQueue-0] INFO  com.satfnRegBot.automationScripts.SatisfactionRegisteration - 400061764017 is satisfied with the Transaction ID 200299173223
17:16:45.426 [AWT-EventQueue-0] INFO  com.satfnRegBot.automationScripts.SatisfactionRegisteration - 400061659455 is satisfied with the Transaction ID 200299173455
17:17:10.956 [AWT-EventQueue-0] INFO  com.satfnRegBot.automationScripts.SatisfactionRegisteration - 400063137476 is satisfied with the Transaction ID 200299173680
17:17:34.478 [AWT-EventQueue-0] INFO  com.satfnRegBot.automationScripts.SatisfactionRegisteration - 400062909344 is satisfied with the Transaction ID 200299173904
17:17:58.115 [AWT-EventQueue-0] INFO  com.satfnRegBot.automationScripts.SatisfactionRegisteration - 400062909197 is satisfied with the Transaction ID 200299174102
17:18:21.778 [AWT-EventQueue-0] INFO  com.satfnRegBot.automationScripts.SatisfactionRegisteration - 400063110872 is satisfied with the Transaction ID 200299174331
17:18:46.502 [AWT-EventQueue-0] INFO  com.satfnRegBot.automationScripts.SatisfactionRegisteration - 400063114564 is satisfied with the Transaction ID 200299174580
17:19:10.123 [AWT-EventQueue-0] INFO  com.satfnRegBot.automationScripts.SatisfactionRegisteration - 400063116917 is satisfied with the Transaction ID 200299174807
17:19:35.593 [AWT-EventQueue-0] INFO  com.satfnRegBot.automationScripts.SatisfactionRegisteration - 400062964588 is satisfied with the Transaction ID 200299175068
17:19:59.659 [AWT-EventQueue-0] INFO  com.satfnRegBot.automationScripts.SatisfactionRegisteration - 400063192586 is satisfied with the Transaction ID 200299175294
17:20:25.116 [AWT-EventQueue-0] INFO  com.satfnRegBot.automationScripts.SatisfactionRegisteration - 400063221201 is satisfied with the Transaction ID 200299175458
17:20:48.743 [AWT-EventQueue-0] INFO  com.satfnRegBot.automationScripts.SatisfactionRegisteration - 400063222224 is satisfied with the Transaction ID 200299175587
17:21:13.828 [AWT-EventQueue-0] INFO  com.satfnRegBot.automationScripts.SatisfactionRegisteration - 400063164461 is satisfied with the Transaction ID 200299175728
17:21:37.460 [AWT-EventQueue-0] INFO  com.satfnRegBot.automationScripts.SatisfactionRegisteration - 400063206442 is satisfied with the Transaction ID 200299175861
17:22:01.240 [AWT-EventQueue-0] INFO  com.satfnRegBot.automationScripts.SatisfactionRegisteration - 400063238905 is satisfied with the Transaction ID 200299176032
17:22:25.422 [AWT-EventQueue-0] INFO  com.satfnRegBot.automationScripts.SatisfactionRegisteration - 400063251502 is satisfied with the Transaction ID 200299176244
17:22:49.144 [AWT-EventQueue-0] INFO  com.satfnRegBot.automationScripts.SatisfactionRegisteration - 400063282798 is satisfied with the Transaction ID 200299176443
17:22:52.084 [AWT-EventQueue-0] INFO  com.satfnRegBot.automationScripts.SatisfactionRegisteration - 400063282908 is already satisfied
17:23:14.726 [AWT-EventQueue-0] INFO  com.satfnRegBot.automationScripts.SatisfactionRegisteration - 400063278979 is satisfied with the Transaction ID 200299176647
17:23:38.169 [AWT-EventQueue-0] INFO  com.satfnRegBot.automationScripts.SatisfactionRegisteration - 400063313225 is satisfied with the Transaction ID 200299176765
17:24:02.308 [AWT-EventQueue-0] INFO  com.satfnRegBot.automationScripts.SatisfactionRegisteration - 400063327757 is satisfied with the Transaction ID 200299176850
17:24:25.915 [AWT-EventQueue-0] INFO  com.satfnRegBot.automationScripts.SatisfactionRegisteration - 400063278616 is satisfied with the Transaction ID 200299176935
17:24:28.829 [AWT-EventQueue-0] INFO  com.satfnRegBot.automationScripts.SatisfactionRegisteration - 400063357870 is already satisfied
17:24:53.517 [AWT-EventQueue-0] INFO  com.satfnRegBot.automationScripts.SatisfactionRegisteration - 400063326002 is satisfied with the Transaction ID 200299177006
17:25:17.277 [AWT-EventQueue-0] INFO  com.satfnRegBot.automationScripts.SatisfactionRegisteration - 400063340642 is satisfied with the Transaction ID 200299177099
17:25:43.649 [AWT-EventQueue-0] INFO  com.satfnRegBot.automationScripts.SatisfactionRegisteration - 400063398935 is satisfied with the Transaction ID 200299177199
17:26:07.499 [AWT-EventQueue-0] INFO  com.satfnRegBot.automationScripts.SatisfactionRegisteration - 400063369688 is satisfied with the Transaction ID 200299177352
17:26:31.475 [AWT-EventQueue-0] INFO  com.satfnRegBot.automationScripts.SatisfactionRegisteration - 400063408458 is satisfied with the Transaction ID 200299177500
17:26:55.235 [AWT-EventQueue-0] INFO  com.satfnRegBot.automationScripts.SatisfactionRegisteration - 400063440617 is satisfied with the Transaction ID 200299177650
17:27:19.617 [AWT-EventQueue-0] INFO  com.satfnRegBot.automationScripts.SatisfactionRegisteration - 400063393734 is satisfied with the Transaction ID 200299177806
17:27:43.421 [AWT-EventQueue-0] INFO  com.satfnRegBot.automationScripts.SatisfactionRegisteration - 400063436607 is satisfied with the Transaction ID 200299177932
17:28:07.120 [AWT-EventQueue-0] INFO  com.satfnRegBot.automationScripts.SatisfactionRegisteration - 400063422929 is satisfied with the Transaction ID 200299178089
17:28:30.854 [AWT-EventQueue-0] INFO  com.satfnRegBot.automationScripts.SatisfactionRegisteration - 400063396511 is satisfied with the Transaction ID 200299178238
17:28:54.637 [AWT-EventQueue-0] INFO  com.satfnRegBot.automationScripts.SatisfactionRegisteration - 400063408552 is satisfied with the Transaction ID 200299178379
17:29:18.967 [AWT-EventQueue-0] INFO  com.satfnRegBot.automationScripts.SatisfactionRegisteration - 400063440272 is satisfied with the Transaction ID 200299178534
17:29:42.800 [AWT-EventQueue-0] INFO  com.satfnRegBot.automationScripts.SatisfactionRegisteration - 400063409927 is satisfied with the Transaction ID 200299178683
17:30:10.154 [AWT-EventQueue-0] INFO  com.satfnRegBot.automationScripts.SatisfactionRegisteration - 400063439591 is satisfied with the Transaction ID 200299178819
17:30:13.932 [AWT-EventQueue-0] INFO  com.satfnRegBot.automationScripts.SatisfactionRegisteration - 400063436638 is already satisfied
17:30:35.887 [AWT-EventQueue-0] INFO  com.satfnRegBot.automationScripts.SatisfactionRegisteration - 400063903645 is satisfied with the Transaction ID 200299178951
17:31:00.423 [AWT-EventQueue-0] INFO  com.satfnRegBot.automationScripts.SatisfactionRegisteration - 400063908372 is satisfied with the Transaction ID 200299179050
17:31:24.433 [AWT-EventQueue-0] INFO  com.satfnRegBot.automationScripts.SatisfactionRegisteration - 400063911580 is satisfied with the Transaction ID 200299179129
17:31:48.065 [AWT-EventQueue-0] INFO  com.satfnRegBot.automationScripts.SatisfactionRegisteration - 400063915169 is satisfied with the Transaction ID 200299179245
17:32:12.286 [AWT-EventQueue-0] INFO  com.satfnRegBot.automationScripts.SatisfactionRegisteration - 400063915484 is satisfied with the Transaction ID 200299179382
17:32:36.049 [AWT-EventQueue-0] INFO  com.satfnRegBot.automationScripts.SatisfactionRegisteration - 400063960249 is satisfied with the Transaction ID 200299179520
17:33:00.075 [AWT-EventQueue-0] INFO  com.satfnRegBot.automationScripts.SatisfactionRegisteration - 400063962604 is satisfied with the Transaction ID 200299179652
17:33:24.197 [AWT-EventQueue-0] INFO  com.satfnRegBot.automationScripts.SatisfactionRegisteration - 400063979779 is satisfied with the Transaction ID 200299179802
17:33:48.328 [AWT-EventQueue-0] INFO  com.satfnRegBot.automationScripts.SatisfactionRegisteration - 400063977700 is satisfied with the Transaction ID 200299179964
17:33:51.328 [AWT-EventQueue-0] INFO  com.satfnRegBot.automationScripts.SatisfactionRegisteration - 400064045064 is already satisfied
17:33:52.137 [AWT-EventQueue-0] INFO  com.satfnRegBot.automationScripts.SatisfactionRegisteration - 400064001562 is already satisfied
17:34:13.845 [AWT-EventQueue-0] INFO  com.satfnRegBot.automationScripts.SatisfactionRegisteration - 400064046743 is satisfied with the Transaction ID 200299180116
17:34:48.114 [AWT-EventQueue-0] INFO  com.satfnRegBot.automationScripts.SatisfactionRegisteration - 400064220492 is satisfied with the Transaction ID 200299180243
17:35:11.924 [AWT-EventQueue-0] INFO  com.satfnRegBot.automationScripts.SatisfactionRegisteration - 400063980848 is satisfied with the Transaction ID 200299180378
17:35:36.759 [AWT-EventQueue-0] INFO  com.satfnRegBot.automationScripts.SatisfactionRegisteration - 400064149121 is satisfied with the Transaction ID 200299180511
17:36:00.775 [AWT-EventQueue-0] INFO  com.satfnRegBot.automationScripts.SatisfactionRegisteration - 400064014240 is satisfied with the Transaction ID 200299180647
17:36:24.486 [AWT-EventQueue-0] INFO  com.satfnRegBot.automationScripts.SatisfactionRegisteration - 400064043058 is satisfied with the Transaction ID 200299180816
17:36:49.035 [AWT-EventQueue-0] INFO  com.satfnRegBot.automationScripts.SatisfactionRegisteration - 400064019409 is satisfied with the Transaction ID 200299180927
17:37:13.054 [AWT-EventQueue-0] INFO  com.satfnRegBot.automationScripts.SatisfactionRegisteration - 400064018956 is satisfied with the Transaction ID 200299181075
17:37:36.854 [AWT-EventQueue-0] INFO  com.satfnRegBot.automationScripts.SatisfactionRegisteration - 400064041366 is satisfied with the Transaction ID 200299181211
17:38:00.815 [AWT-EventQueue-0] INFO  com.satfnRegBot.automationScripts.SatisfactionRegisteration - 400064182392 is satisfied with the Transaction ID 200299181345
17:38:24.448 [AWT-EventQueue-0] INFO  com.satfnRegBot.automationScripts.SatisfactionRegisteration - 400064219737 is satisfied with the Transaction ID 200299181480
17:38:48.595 [AWT-EventQueue-0] INFO  com.satfnRegBot.automationScripts.SatisfactionRegisteration - 400064220604 is satisfied with the Transaction ID 200299181619
17:39:12.730 [AWT-EventQueue-0] INFO  com.satfnRegBot.automationScripts.SatisfactionRegisteration - 400064184741 is satisfied with the Transaction ID 200299181745
17:39:36.732 [AWT-EventQueue-0] INFO  com.satfnRegBot.automationScripts.SatisfactionRegisteration - 400064150708 is satisfied with the Transaction ID 200299181888
17:40:00.601 [AWT-EventQueue-0] INFO  com.satfnRegBot.automationScripts.SatisfactionRegisteration - 400064219403 is satisfied with the Transaction ID 200299182032
17:40:24.685 [AWT-EventQueue-0] INFO  com.satfnRegBot.automationScripts.SatisfactionRegisteration - 400063988435 is satisfied with the Transaction ID 200299182132
17:40:53.818 [AWT-EventQueue-0] INFO  com.satfnRegBot.automationScripts.SatisfactionRegisteration - 400064597706 is satisfied with the Transaction ID 200299182227
12:11:46.774 [AWT-EventQueue-0] INFO  com.satfnRegBot.automationScripts.SatisfactionRegisteration - https://www.cersai.org.in/CERSAI/home.prg URL Opened Successfully in chrome browser
12:15:26.812 [AWT-EventQueue-0] INFO  com.satfnRegBot.automationScripts.SatisfactionRegisteration - https://www.cersai.org.in/CERSAI/home.prg URL Opened Successfully in chrome browser
14:35:09.729 [AWT-EventQueue-0] INFO  com.satfnRegBot.automationScripts.SatisfactionRegisteration - https://www.cersai.org.in/CERSAI/home.prg URL Opened Successfully in chrome browser
13:03:06.420 [AWT-EventQueue-0] INFO  com.satfnRegBot.automationScripts.SatisfactionRegisteration - https://www.cersai.org.in/CERSAI/home.prg URL Opened Successfully in chrome browser
13:05:29.983 [AWT-EventQueue-0] INFO  com.satfnRegBot.automationScripts.SatisfactionRegisteration - https://www.cersai.org.in/CERSAI/home.prg URL Opened Successfully in chrome browser
13:11:17.558 [AWT-EventQueue-0] INFO  com.satfnRegBot.automationScripts.SatisfactionRegisteration - https://www.cersai.org.in/CERSAI/home.prg URL Opened Successfully in chrome browser
13:20:54.050 [AWT-EventQueue-0] INFO  com.satfnRegBot.automationScripts.SatisfactionRegisteration - https://www.cersai.org.in/CERSAI/home.prg URL Opened Successfully in chrome browser
13:23:12.014 [AWT-EventQueue-0] INFO  com.satfnRegBot.automationScripts.SatisfactionRegisteration - https://www.cersai.org.in/CERSAI/home.prg URL Opened Successfully in chrome browser
14:36:15.051 [AWT-EventQueue-0] INFO  com.satfnRegBot.automationScripts.SatisfactionRegisteration - https://www.cersai.org.in/CERSAI/home.prg URL Opened Successfully in chrome browser
14:38:37.492 [AWT-EventQueue-0] INFO  com.satfnRegBot.automationScripts.SatisfactionRegisteration - https://www.cersai.org.in/CERSAI/home.prg URL Opened Successfully in chrome browser
14:41:37.027 [AWT-EventQueue-0] INFO  com.satfnRegBot.automationScripts.SatisfactionRegisteration - https://www.cersai.org.in/CERSAI/home.prg URL Opened Successfully in chrome browser
14:43:05.663 [AWT-EventQueue-0] INFO  com.satfnRegBot.automationScripts.SatisfactionRegisteration - https://www.cersai.org.in/CERSAI/home.prg URL Opened Successfully in chrome browser
14:47:12.749 [AWT-EventQueue-0] INFO  com.satfnRegBot.automationScripts.SatisfactionRegisteration - https://www.cersai.org.in/CERSAI/home.prg URL Opened Successfully in chrome browser
15:00:49.128 [AWT-EventQueue-0] INFO  com.satfnRegBot.automationScripts.SatisfactionRegisteration - https://www.cersai.org.in/CERSAI/home.prg URL Opened Successfully in chrome browser
15:02:12.352 [AWT-EventQueue-0] INFO  com.satfnRegBot.automationScripts.SatisfactionRegisteration - 400075601182 is already satisfied
15:02:13.941 [AWT-EventQueue-0] INFO  com.satfnRegBot.automationScripts.SatisfactionRegisteration - 400076302128 is already satisfied
15:02:18.511 [AWT-EventQueue-0] INFO  com.satfnRegBot.automationScripts.SatisfactionRegisteration - 400076395793 is already satisfied
15:02:18.937 [AWT-EventQueue-0] INFO  com.satfnRegBot.automationScripts.SatisfactionRegisteration -  is Not valid or empty
15:02:19.146 [AWT-EventQueue-0] INFO  com.satfnRegBot.automationScripts.SatisfactionRegisteration -  is Not valid or empty
15:02:19.313 [AWT-EventQueue-0] INFO  com.satfnRegBot.automationScripts.SatisfactionRegisteration -  is Not valid or empty
15:02:19.541 [AWT-EventQueue-0] INFO  com.satfnRegBot.automationScripts.SatisfactionRegisteration -  is Not valid or empty
15:02:19.769 [AWT-EventQueue-0] INFO  com.satfnRegBot.automationScripts.SatisfactionRegisteration -  is Not valid or empty
15:02:19.947 [AWT-EventQueue-0] INFO  com.satfnRegBot.automationScripts.SatisfactionRegisteration -  is Not valid or empty
15:02:20.166 [AWT-EventQueue-0] INFO  com.satfnRegBot.automationScripts.SatisfactionRegisteration -  is Not valid or empty
15:02:20.337 [AWT-EventQueue-0] INFO  com.satfnRegBot.automationScripts.SatisfactionRegisteration -  is Not valid or empty
15:02:20.545 [AWT-EventQueue-0] INFO  com.satfnRegBot.automationScripts.SatisfactionRegisteration -  is Not valid or empty
15:02:20.703 [AWT-EventQueue-0] INFO  com.satfnRegBot.automationScripts.SatisfactionRegisteration -  is Not valid or empty
15:02:20.877 [AWT-EventQueue-0] INFO  com.satfnRegBot.automationScripts.SatisfactionRegisteration -  is Not valid or empty
15:02:21.109 [AWT-EventQueue-0] INFO  com.satfnRegBot.automationScripts.SatisfactionRegisteration -  is Not valid or empty
15:02:21.270 [AWT-EventQueue-0] INFO  com.satfnRegBot.automationScripts.SatisfactionRegisteration -  is Not valid or empty
15:02:21.420 [AWT-EventQueue-0] INFO  com.satfnRegBot.automationScripts.SatisfactionRegisteration -  is Not valid or empty
15:02:21.609 [AWT-EventQueue-0] INFO  com.satfnRegBot.automationScripts.SatisfactionRegisteration -  is Not valid or empty
15:02:21.768 [AWT-EventQueue-0] INFO  com.satfnRegBot.automationScripts.SatisfactionRegisteration -  is Not valid or empty
15:02:23.856 [AWT-EventQueue-0] INFO  com.satfnRegBot.automationScripts.SatisfactionRegisteration -  is Not valid or empty
15:02:24.400 [AWT-EventQueue-0] INFO  com.satfnRegBot.automationScripts.SatisfactionRegisteration -  is Not valid or empty
15:02:24.817 [AWT-EventQueue-0] INFO  com.satfnRegBot.automationScripts.SatisfactionRegisteration -  is Not valid or empty
15:02:26.053 [AWT-EventQueue-0] INFO  com.satfnRegBot.automationScripts.SatisfactionRegisteration -  is Not valid or empty
15:02:31.480 [AWT-EventQueue-0] INFO  com.satfnRegBot.automationScripts.SatisfactionRegisteration -  is Not valid or empty
15:02:31.618 [AWT-EventQueue-0] INFO  com.satfnRegBot.automationScripts.SatisfactionRegisteration -  is Not valid or empty
15:02:31.775 [AWT-EventQueue-0] INFO  com.satfnRegBot.automationScripts.SatisfactionRegisteration -  is Not valid or empty
15:02:31.960 [AWT-EventQueue-0] INFO  com.satfnRegBot.automationScripts.SatisfactionRegisteration -  is Not valid or empty
15:02:32.151 [AWT-EventQueue-0] INFO  com.satfnRegBot.automationScripts.SatisfactionRegisteration -  is Not valid or empty
15:02:32.466 [AWT-EventQueue-0] INFO  com.satfnRegBot.automationScripts.SatisfactionRegisteration -  is Not valid or empty
15:02:32.727 [AWT-EventQueue-0] INFO  com.satfnRegBot.automationScripts.SatisfactionRegisteration -  is Not valid or empty
15:02:32.921 [AWT-EventQueue-0] INFO  com.satfnRegBot.automationScripts.SatisfactionRegisteration -  is Not valid or empty
15:02:33.167 [AWT-EventQueue-0] INFO  com.satfnRegBot.automationScripts.SatisfactionRegisteration -  is Not valid or empty
15:02:33.358 [AWT-EventQueue-0] INFO  com.satfnRegBot.automationScripts.SatisfactionRegisteration -  is Not valid or empty
15:02:33.614 [AWT-EventQueue-0] INFO  com.satfnRegBot.automationScripts.SatisfactionRegisteration -  is Not valid or empty
15:02:33.746 [AWT-EventQueue-0] INFO  com.satfnRegBot.automationScripts.SatisfactionRegisteration -  is Not valid or empty
15:02:33.911 [AWT-EventQueue-0] INFO  com.satfnRegBot.automationScripts.SatisfactionRegisteration -  is Not valid or empty
15:02:34.085 [AWT-EventQueue-0] INFO  com.satfnRegBot.automationScripts.SatisfactionRegisteration -  is Not valid or empty
15:02:34.230 [AWT-EventQueue-0] INFO  com.satfnRegBot.automationScripts.SatisfactionRegisteration -  is Not valid or empty
15:02:34.369 [AWT-EventQueue-0] INFO  com.satfnRegBot.automationScripts.SatisfactionRegisteration -  is Not valid or empty
15:02:34.708 [AWT-EventQueue-0] INFO  com.satfnRegBot.automationScripts.SatisfactionRegisteration -  is Not valid or empty
15:02:34.906 [AWT-EventQueue-0] INFO  com.satfnRegBot.automationScripts.SatisfactionRegisteration -  is Not valid or empty
15:02:35.033 [AWT-EventQueue-0] INFO  com.satfnRegBot.automationScripts.SatisfactionRegisteration -  is Not valid or empty
15:02:35.118 [AWT-EventQueue-0] INFO  com.satfnRegBot.automationScripts.SatisfactionRegisteration -  is Not valid or empty
15:02:35.246 [AWT-EventQueue-0] INFO  com.satfnRegBot.automationScripts.SatisfactionRegisteration -  is Not valid or empty
15:02:35.448 [AWT-EventQueue-0] INFO  com.satfnRegBot.automationScripts.SatisfactionRegisteration -  is Not valid or empty
15:02:35.628 [AWT-EventQueue-0] INFO  com.satfnRegBot.automationScripts.SatisfactionRegisteration -  is Not valid or empty
15:02:35.777 [AWT-EventQueue-0] INFO  com.satfnRegBot.automationScripts.SatisfactionRegisteration -  is Not valid or empty
15:02:35.863 [AWT-EventQueue-0] INFO  com.satfnRegBot.automationScripts.SatisfactionRegisteration -  is Not valid or empty
15:02:35.963 [AWT-EventQueue-0] INFO  com.satfnRegBot.automationScripts.SatisfactionRegisteration -  is Not valid or empty
15:02:36.074 [AWT-EventQueue-0] INFO  com.satfnRegBot.automationScripts.SatisfactionRegisteration -  is Not valid or empty
15:02:36.184 [AWT-EventQueue-0] INFO  com.satfnRegBot.automationScripts.SatisfactionRegisteration -  is Not valid or empty
15:02:36.335 [AWT-EventQueue-0] INFO  com.satfnRegBot.automationScripts.SatisfactionRegisteration -  is Not valid or empty
15:02:36.494 [AWT-EventQueue-0] INFO  com.satfnRegBot.automationScripts.SatisfactionRegisteration -  is Not valid or empty
15:02:36.630 [AWT-EventQueue-0] INFO  com.satfnRegBot.automationScripts.SatisfactionRegisteration -  is Not valid or empty
15:02:36.844 [AWT-EventQueue-0] INFO  com.satfnRegBot.automationScripts.SatisfactionRegisteration -  is Not valid or empty
15:02:36.996 [AWT-EventQueue-0] INFO  com.satfnRegBot.automationScripts.SatisfactionRegisteration -  is Not valid or empty
15:02:37.102 [AWT-EventQueue-0] INFO  com.satfnRegBot.automationScripts.SatisfactionRegisteration -  is Not valid or empty
15:02:37.241 [AWT-EventQueue-0] INFO  com.satfnRegBot.automationScripts.SatisfactionRegisteration -  is Not valid or empty
15:02:37.442 [AWT-EventQueue-0] INFO  com.satfnRegBot.automationScripts.SatisfactionRegisteration -  is Not valid or empty
15:02:37.543 [AWT-EventQueue-0] INFO  com.satfnRegBot.automationScripts.SatisfactionRegisteration -  is Not valid or empty
15:02:37.686 [AWT-EventQueue-0] INFO  com.satfnRegBot.automationScripts.SatisfactionRegisteration -  is Not valid or empty
15:02:37.786 [AWT-EventQueue-0] INFO  com.satfnRegBot.automationScripts.SatisfactionRegisteration -  is Not valid or empty
15:02:37.964 [AWT-EventQueue-0] INFO  com.satfnRegBot.automationScripts.SatisfactionRegisteration -  is Not valid or empty
15:02:38.092 [AWT-EventQueue-0] INFO  com.satfnRegBot.automationScripts.SatisfactionRegisteration -  is Not valid or empty
15:02:38.186 [AWT-EventQueue-0] INFO  com.satfnRegBot.automationScripts.SatisfactionRegisteration -  is Not valid or empty
15:02:38.406 [AWT-EventQueue-0] INFO  com.satfnRegBot.automationScripts.SatisfactionRegisteration -  is Not valid or empty
15:02:38.551 [AWT-EventQueue-0] INFO  com.satfnRegBot.automationScripts.SatisfactionRegisteration -  is Not valid or empty
15:02:39.125 [AWT-EventQueue-0] INFO  com.satfnRegBot.automationScripts.SatisfactionRegisteration -  is Not valid or empty
15:02:39.274 [AWT-EventQueue-0] INFO  com.satfnRegBot.automationScripts.SatisfactionRegisteration -  is Not valid or empty
15:02:39.477 [AWT-EventQueue-0] INFO  com.satfnRegBot.automationScripts.SatisfactionRegisteration -  is Not valid or empty
15:02:39.714 [AWT-EventQueue-0] INFO  com.satfnRegBot.automationScripts.SatisfactionRegisteration -  is Not valid or empty
15:02:39.908 [AWT-EventQueue-0] INFO  com.satfnRegBot.automationScripts.SatisfactionRegisteration -  is Not valid or empty
15:02:40.116 [AWT-EventQueue-0] INFO  com.satfnRegBot.automationScripts.SatisfactionRegisteration -  is Not valid or empty
15:02:40.221 [AWT-EventQueue-0] INFO  com.satfnRegBot.automationScripts.SatisfactionRegisteration -  is Not valid or empty
15:02:40.316 [AWT-EventQueue-0] INFO  com.satfnRegBot.automationScripts.SatisfactionRegisteration -  is Not valid or empty
15:02:40.422 [AWT-EventQueue-0] INFO  com.satfnRegBot.automationScripts.SatisfactionRegisteration -  is Not valid or empty
15:02:40.561 [AWT-EventQueue-0] INFO  com.satfnRegBot.automationScripts.SatisfactionRegisteration -  is Not valid or empty
15:02:40.667 [AWT-EventQueue-0] INFO  com.satfnRegBot.automationScripts.SatisfactionRegisteration -  is Not valid or empty
15:02:40.768 [AWT-EventQueue-0] INFO  com.satfnRegBot.automationScripts.SatisfactionRegisteration -  is Not valid or empty
15:02:40.868 [AWT-EventQueue-0] INFO  com.satfnRegBot.automationScripts.SatisfactionRegisteration -  is Not valid or empty
15:02:41.031 [AWT-EventQueue-0] INFO  com.satfnRegBot.automationScripts.SatisfactionRegisteration -  is Not valid or empty
15:02:41.163 [AWT-EventQueue-0] INFO  com.satfnRegBot.automationScripts.SatisfactionRegisteration -  is Not valid or empty
15:02:41.299 [AWT-EventQueue-0] INFO  com.satfnRegBot.automationScripts.SatisfactionRegisteration -  is Not valid or empty
15:02:41.684 [AWT-EventQueue-0] INFO  com.satfnRegBot.automationScripts.SatisfactionRegisteration -  is Not valid or empty
15:02:41.909 [AWT-EventQueue-0] INFO  com.satfnRegBot.automationScripts.SatisfactionRegisteration -  is Not valid or empty
15:02:42.078 [AWT-EventQueue-0] INFO  com.satfnRegBot.automationScripts.SatisfactionRegisteration -  is Not valid or empty
15:02:42.217 [AWT-EventQueue-0] INFO  com.satfnRegBot.automationScripts.SatisfactionRegisteration -  is Not valid or empty
15:02:42.339 [AWT-EventQueue-0] INFO  com.satfnRegBot.automationScripts.SatisfactionRegisteration -  is Not valid or empty
15:02:42.439 [AWT-EventQueue-0] INFO  com.satfnRegBot.automationScripts.SatisfactionRegisteration -  is Not valid or empty
15:02:42.583 [AWT-EventQueue-0] INFO  com.satfnRegBot.automationScripts.SatisfactionRegisteration -  is Not valid or empty
15:02:42.683 [AWT-EventQueue-0] INFO  com.satfnRegBot.automationScripts.SatisfactionRegisteration -  is Not valid or empty
15:02:43.163 [AWT-EventQueue-0] INFO  com.satfnRegBot.automationScripts.SatisfactionRegisteration -  is Not valid or empty
15:02:43.555 [AWT-EventQueue-0] INFO  com.satfnRegBot.automationScripts.SatisfactionRegisteration -  is Not valid or empty
15:02:43.687 [AWT-EventQueue-0] INFO  com.satfnRegBot.automationScripts.SatisfactionRegisteration -  is Not valid or empty
15:02:43.756 [AWT-EventQueue-0] INFO  com.satfnRegBot.automationScripts.SatisfactionRegisteration -  is Not valid or empty
15:02:43.831 [AWT-EventQueue-0] INFO  com.satfnRegBot.automationScripts.SatisfactionRegisteration -  is Not valid or empty
15:02:43.921 [AWT-EventQueue-0] INFO  com.satfnRegBot.automationScripts.SatisfactionRegisteration -  is Not valid or empty
15:02:44.011 [AWT-EventQueue-0] INFO  com.satfnRegBot.automationScripts.SatisfactionRegisteration -  is Not valid or empty
15:02:44.156 [AWT-EventQueue-0] INFO  com.satfnRegBot.automationScripts.SatisfactionRegisteration -  is Not valid or empty
15:02:44.239 [AWT-EventQueue-0] INFO  com.satfnRegBot.automationScripts.SatisfactionRegisteration -  is Not valid or empty
15:02:44.324 [AWT-EventQueue-0] INFO  com.satfnRegBot.automationScripts.SatisfactionRegisteration -  is Not valid or empty
15:02:44.426 [AWT-EventQueue-0] INFO  com.satfnRegBot.automationScripts.SatisfactionRegisteration -  is Not valid or empty
15:02:44.584 [AWT-EventQueue-0] INFO  com.satfnRegBot.automationScripts.SatisfactionRegisteration -  is Not valid or empty
15:02:44.704 [AWT-EventQueue-0] INFO  com.satfnRegBot.automationScripts.SatisfactionRegisteration -  is Not valid or empty
15:02:44.775 [AWT-EventQueue-0] INFO  com.satfnRegBot.automationScripts.SatisfactionRegisteration -  is Not valid or empty
15:02:44.850 [AWT-EventQueue-0] INFO  com.satfnRegBot.automationScripts.SatisfactionRegisteration -  is Not valid or empty
15:02:44.930 [AWT-EventQueue-0] INFO  com.satfnRegBot.automationScripts.SatisfactionRegisteration -  is Not valid or empty
15:02:45.016 [AWT-EventQueue-0] INFO  com.satfnRegBot.automationScripts.SatisfactionRegisteration -  is Not valid or empty
15:02:45.305 [AWT-EventQueue-0] INFO  com.satfnRegBot.automationScripts.SatisfactionRegisteration -  is Not valid or empty
15:02:45.411 [AWT-EventQueue-0] INFO  com.satfnRegBot.automationScripts.SatisfactionRegisteration -  is Not valid or empty
15:02:45.503 [AWT-EventQueue-0] INFO  com.satfnRegBot.automationScripts.SatisfactionRegisteration -  is Not valid or empty
15:02:45.638 [AWT-EventQueue-0] INFO  com.satfnRegBot.automationScripts.SatisfactionRegisteration -  is Not valid or empty
15:02:45.835 [AWT-EventQueue-0] INFO  com.satfnRegBot.automationScripts.SatisfactionRegisteration -  is Not valid or empty
15:02:45.919 [AWT-EventQueue-0] INFO  com.satfnRegBot.automationScripts.SatisfactionRegisteration -  is Not valid or empty
15:02:46.005 [AWT-EventQueue-0] INFO  com.satfnRegBot.automationScripts.SatisfactionRegisteration -  is Not valid or empty
15:02:46.087 [AWT-EventQueue-0] INFO  com.satfnRegBot.automationScripts.SatisfactionRegisteration -  is Not valid or empty
15:02:46.157 [AWT-EventQueue-0] INFO  com.satfnRegBot.automationScripts.SatisfactionRegisteration -  is Not valid or empty
15:02:46.297 [AWT-EventQueue-0] INFO  com.satfnRegBot.automationScripts.SatisfactionRegisteration -  is Not valid or empty
15:02:46.484 [AWT-EventQueue-0] INFO  com.satfnRegBot.automationScripts.SatisfactionRegisteration -  is Not valid or empty
15:02:46.583 [AWT-EventQueue-0] INFO  com.satfnRegBot.automationScripts.SatisfactionRegisteration -  is Not valid or empty
15:02:46.960 [AWT-EventQueue-0] INFO  com.satfnRegBot.automationScripts.SatisfactionRegisteration -  is Not valid or empty
15:02:47.048 [AWT-EventQueue-0] INFO  com.satfnRegBot.automationScripts.SatisfactionRegisteration -  is Not valid or empty
15:02:47.127 [AWT-EventQueue-0] INFO  com.satfnRegBot.automationScripts.SatisfactionRegisteration -  is Not valid or empty
15:02:47.203 [AWT-EventQueue-0] INFO  com.satfnRegBot.automationScripts.SatisfactionRegisteration -  is Not valid or empty
15:02:47.293 [AWT-EventQueue-0] INFO  com.satfnRegBot.automationScripts.SatisfactionRegisteration -  is Not valid or empty
15:02:47.479 [AWT-EventQueue-0] INFO  com.satfnRegBot.automationScripts.SatisfactionRegisteration -  is Not valid or empty
