13:19:48.084 [AWT-EventQueue-0] INFO  com.satfnRegBot.automationScripts.SatisfactionRegisteration - 400072745426 is satisfied with the Transaction ID 200298321198
13:20:01.544 [AWT-EventQueue-0] INFO  com.satfnRegBot.automationScripts.SatisfactionRegisteration - 400061059779 is satisfied with the Transaction ID 200298321273
13:20:15.146 [AWT-EventQueue-0] INFO  com.satfnRegBot.automationScripts.SatisfactionRegisteration - 400061287708 is satisfied with the Transaction ID 200298321337
13:20:27.883 [AWT-EventQueue-0] INFO  com.satfnRegBot.automationScripts.SatisfactionRegisteration - 400061041165 is satisfied with the Transaction ID 200298321395
13:20:40.917 [AWT-EventQueue-0] INFO  com.satfnRegBot.automationScripts.SatisfactionRegisteration - 400061210695 is satisfied with the Transaction ID 200298321449
13:20:53.997 [AWT-EventQueue-0] INFO  com.satfnRegBot.automationScripts.SatisfactionRegisteration - 400061208327 is satisfied with the Transaction ID 200298321506
13:20:56.023 [AWT-EventQueue-0] INFO  com.satfnRegBot.automationScripts.SatisfactionRegisteration - 400039739951 is already satisfied
13:21:08.340 [AWT-EventQueue-0] INFO  com.satfnRegBot.automationScripts.SatisfactionRegisteration - 400039359534 is satisfied with the Transaction ID 200298321558
13:21:21.240 [AWT-EventQueue-0] INFO  com.satfnRegBot.automationScripts.SatisfactionRegisteration - 400025892086 is satisfied with the Transaction ID 200298321613
13:21:34.553 [AWT-EventQueue-0] INFO  com.satfnRegBot.automationScripts.SatisfactionRegisteration - 400060901955 is satisfied with the Transaction ID 200298321684
13:21:48.028 [AWT-EventQueue-0] INFO  com.satfnRegBot.automationScripts.SatisfactionRegisteration - 400061367698 is satisfied with the Transaction ID 200298321732
13:22:01.221 [AWT-EventQueue-0] INFO  com.satfnRegBot.automationScripts.SatisfactionRegisteration - 400060904835 is satisfied with the Transaction ID 200298321813
13:22:14.852 [AWT-EventQueue-0] INFO  com.satfnRegBot.automationScripts.SatisfactionRegisteration - 400026561158 is satisfied with the Transaction ID 200298321888
13:22:29.174 [AWT-EventQueue-0] INFO  com.satfnRegBot.automationScripts.SatisfactionRegisteration - 400060904050 is satisfied with the Transaction ID 200298321972
13:22:42.441 [AWT-EventQueue-0] INFO  com.satfnRegBot.automationScripts.SatisfactionRegisteration - 400060965359 is satisfied with the Transaction ID 200298322050
13:22:56.241 [AWT-EventQueue-0] INFO  com.satfnRegBot.automationScripts.SatisfactionRegisteration - 400060898929 is satisfied with the Transaction ID 200298322117
13:23:09.188 [AWT-EventQueue-0] INFO  com.satfnRegBot.automationScripts.SatisfactionRegisteration - 400023790676 is satisfied with the Transaction ID 200298322192
13:23:23.315 [AWT-EventQueue-0] INFO  com.satfnRegBot.automationScripts.SatisfactionRegisteration - 400028576986 is satisfied with the Transaction ID 200298322259
13:23:36.838 [AWT-EventQueue-0] INFO  com.satfnRegBot.automationScripts.SatisfactionRegisteration - 400060915876 is satisfied with the Transaction ID 200298322341
13:23:49.947 [AWT-EventQueue-0] INFO  com.satfnRegBot.automationScripts.SatisfactionRegisteration - 400061209498 is satisfied with the Transaction ID 200298322419
13:24:02.857 [AWT-EventQueue-0] INFO  com.satfnRegBot.automationScripts.SatisfactionRegisteration - 400063315549 is satisfied with the Transaction ID 200298322489
13:24:16.078 [AWT-EventQueue-0] INFO  com.satfnRegBot.automationScripts.SatisfactionRegisteration - 400025732186 is satisfied with the Transaction ID 200298322564
13:24:28.952 [AWT-EventQueue-0] INFO  com.satfnRegBot.automationScripts.SatisfactionRegisteration - 400039361193 is satisfied with the Transaction ID 200298322635
13:24:42.152 [AWT-EventQueue-0] INFO  com.satfnRegBot.automationScripts.SatisfactionRegisteration - 400023789421 is satisfied with the Transaction ID 200298322703
13:24:57.481 [AWT-EventQueue-0] INFO  com.satfnRegBot.automationScripts.SatisfactionRegisteration - 400039668016 is satisfied with the Transaction ID 200298322772
13:25:10.867 [AWT-EventQueue-0] INFO  com.satfnRegBot.automationScripts.SatisfactionRegisteration - 400017241066 is satisfied with the Transaction ID 200298322843
13:25:12.589 [AWT-EventQueue-0] INFO  com.satfnRegBot.automationScripts.SatisfactionRegisteration - 400033042565 is already satisfied
13:25:25.651 [AWT-EventQueue-0] INFO  com.satfnRegBot.automationScripts.SatisfactionRegisteration - 400039358918 is satisfied with the Transaction ID 200298322904
13:25:38.774 [AWT-EventQueue-0] INFO  com.satfnRegBot.automationScripts.SatisfactionRegisteration - 400061291537 is satisfied with the Transaction ID 200298322970
13:25:51.814 [AWT-EventQueue-0] INFO  com.satfnRegBot.automationScripts.SatisfactionRegisteration - 400061048600 is satisfied with the Transaction ID 200298323043
13:26:05.836 [AWT-EventQueue-0] INFO  com.satfnRegBot.automationScripts.SatisfactionRegisteration - 400061622306 is satisfied with the Transaction ID 200298323126
13:26:19.485 [AWT-EventQueue-0] INFO  com.satfnRegBot.automationScripts.SatisfactionRegisteration - 400059754762 is satisfied with the Transaction ID 200298323200
13:26:32.762 [AWT-EventQueue-0] INFO  com.satfnRegBot.automationScripts.SatisfactionRegisteration - 400064782667 is satisfied with the Transaction ID 200298323269
13:26:46.496 [AWT-EventQueue-0] INFO  com.satfnRegBot.automationScripts.SatisfactionRegisteration - 400021490989 is satisfied with the Transaction ID 200298323341
13:26:59.934 [AWT-EventQueue-0] INFO  com.satfnRegBot.automationScripts.SatisfactionRegisteration - 400022292912 is satisfied with the Transaction ID 200298323419
13:27:13.107 [AWT-EventQueue-0] INFO  com.satfnRegBot.automationScripts.SatisfactionRegisteration - 400017254556 is satisfied with the Transaction ID 200298323485
13:27:26.409 [AWT-EventQueue-0] INFO  com.satfnRegBot.automationScripts.SatisfactionRegisteration - 400025657760 is satisfied with the Transaction ID 200298323570
13:27:28.326 [AWT-EventQueue-0] INFO  com.satfnRegBot.automationScripts.SatisfactionRegisteration - 400029793724 is already satisfied
13:27:41.325 [AWT-EventQueue-0] INFO  com.satfnRegBot.automationScripts.SatisfactionRegisteration - 400060759818 is satisfied with the Transaction ID 200298323656
13:27:54.998 [AWT-EventQueue-0] INFO  com.satfnRegBot.automationScripts.SatisfactionRegisteration - 400015913045 is satisfied with the Transaction ID 200298323735
13:28:08.104 [AWT-EventQueue-0] INFO  com.satfnRegBot.automationScripts.SatisfactionRegisteration - 400024362079 is satisfied with the Transaction ID 200298323810
13:28:21.198 [AWT-EventQueue-0] INFO  com.satfnRegBot.automationScripts.SatisfactionRegisteration - 400039235398 is satisfied with the Transaction ID 200298323899
13:28:34.654 [AWT-EventQueue-0] INFO  com.satfnRegBot.automationScripts.SatisfactionRegisteration - 400039235608 is satisfied with the Transaction ID 200298323974
13:28:47.882 [AWT-EventQueue-0] INFO  com.satfnRegBot.automationScripts.SatisfactionRegisteration - 400024172281 is satisfied with the Transaction ID 200298324042
13:29:01.395 [AWT-EventQueue-0] INFO  com.satfnRegBot.automationScripts.SatisfactionRegisteration - 400070642121 is satisfied with the Transaction ID 200298324113
13:29:15.502 [AWT-EventQueue-0] INFO  com.satfnRegBot.automationScripts.SatisfactionRegisteration - 400071606441 is satisfied with the Transaction ID 200298324185
13:29:28.741 [AWT-EventQueue-0] INFO  com.satfnRegBot.automationScripts.SatisfactionRegisteration - 400025761776 is satisfied with the Transaction ID 200298324257
13:29:41.967 [AWT-EventQueue-0] INFO  com.satfnRegBot.automationScripts.SatisfactionRegisteration - 400063957127 is satisfied with the Transaction ID 200298324337
13:29:55.119 [AWT-EventQueue-0] INFO  com.satfnRegBot.automationScripts.SatisfactionRegisteration - 400039366422 is satisfied with the Transaction ID 200298324416
13:29:57.153 [AWT-EventQueue-0] INFO  com.satfnRegBot.automationScripts.SatisfactionRegisteration - 400063879620 is already satisfied
13:30:13.188 [AWT-EventQueue-0] INFO  com.satfnRegBot.automationScripts.SatisfactionRegisteration - 400016234730 is satisfied with the Transaction ID 200298324479
13:30:26.259 [AWT-EventQueue-0] INFO  com.satfnRegBot.automationScripts.SatisfactionRegisteration - 400032789757 is satisfied with the Transaction ID 200298324528
13:30:40.004 [AWT-EventQueue-0] INFO  com.satfnRegBot.automationScripts.SatisfactionRegisteration - 400034379054 is satisfied with the Transaction ID 200298324577
13:30:54.802 [AWT-EventQueue-0] INFO  com.satfnRegBot.automationScripts.SatisfactionRegisteration - 400039764982 is satisfied with the Transaction ID 200298324618
13:31:08.892 [AWT-EventQueue-0] INFO  com.satfnRegBot.automationScripts.SatisfactionRegisteration - 400063315400 is satisfied with the Transaction ID 200298324664
13:31:22.704 [AWT-EventQueue-0] INFO  com.satfnRegBot.automationScripts.SatisfactionRegisteration - 400061210195 is satisfied with the Transaction ID 200298324715
13:31:36.597 [AWT-EventQueue-0] INFO  com.satfnRegBot.automationScripts.SatisfactionRegisteration - 400066643933 is satisfied with the Transaction ID 200298324773
13:31:50.108 [AWT-EventQueue-0] INFO  com.satfnRegBot.automationScripts.SatisfactionRegisteration - 400026237443 is satisfied with the Transaction ID 200298324833
13:32:04.139 [AWT-EventQueue-0] INFO  com.satfnRegBot.automationScripts.SatisfactionRegisteration - 400061299313 is satisfied with the Transaction ID 200298324887
13:32:18.374 [AWT-EventQueue-0] INFO  com.satfnRegBot.automationScripts.SatisfactionRegisteration - 400034384446 is satisfied with the Transaction ID 200298324953
13:32:31.900 [AWT-EventQueue-0] INFO  com.satfnRegBot.automationScripts.SatisfactionRegisteration - 400066590728 is satisfied with the Transaction ID 200298325034
13:32:45.791 [AWT-EventQueue-0] INFO  com.satfnRegBot.automationScripts.SatisfactionRegisteration - 400030228114 is satisfied with the Transaction ID 200298325099
13:33:00.214 [AWT-EventQueue-0] INFO  com.satfnRegBot.automationScripts.SatisfactionRegisteration - 400060140489 is satisfied with the Transaction ID 200298325172
13:33:13.889 [AWT-EventQueue-0] INFO  com.satfnRegBot.automationScripts.SatisfactionRegisteration - 400061232553 is satisfied with the Transaction ID 200298325233
13:33:26.948 [AWT-EventQueue-0] INFO  com.satfnRegBot.automationScripts.SatisfactionRegisteration - 400025818242 is satisfied with the Transaction ID 200298325289
13:33:28.953 [AWT-EventQueue-0] INFO  com.satfnRegBot.automationScripts.SatisfactionRegisteration - 400072680816 is already satisfied
14:10:59.031 [AWT-EventQueue-0] INFO  com.satfnRegBot.automationScripts.SatisfactionRegisteration - https://www.cersai.org.in/CERSAI/home.prg URL Opened Successfully in chrome browser
14:11:48.251 [AWT-EventQueue-0] INFO  com.satfnRegBot.automationScripts.SatisfactionRegisteration - 400021036042 is satisfied with the Transaction ID 200298335257
14:12:02.201 [AWT-EventQueue-0] INFO  com.satfnRegBot.automationScripts.SatisfactionRegisteration - 400072957908 is satisfied with the Transaction ID 200298335297
14:12:14.999 [AWT-EventQueue-0] INFO  com.satfnRegBot.automationScripts.SatisfactionRegisteration - 400072975072 is satisfied with the Transaction ID 200298335331
14:12:27.872 [AWT-EventQueue-0] INFO  com.satfnRegBot.automationScripts.SatisfactionRegisteration - 400034506838 is satisfied with the Transaction ID 200298335371
14:12:41.349 [AWT-EventQueue-0] INFO  com.satfnRegBot.automationScripts.SatisfactionRegisteration - 400034502259 is satisfied with the Transaction ID 200298335397
14:12:54.336 [AWT-EventQueue-0] INFO  com.satfnRegBot.automationScripts.SatisfactionRegisteration - 400069420592 is satisfied with the Transaction ID 200298335426
14:13:07.756 [AWT-EventQueue-0] INFO  com.satfnRegBot.automationScripts.SatisfactionRegisteration - 400039256577 is satisfied with the Transaction ID 200298335455
14:13:22.602 [AWT-EventQueue-0] INFO  com.satfnRegBot.automationScripts.SatisfactionRegisteration - 400063229499 is satisfied with the Transaction ID 200298335486
14:13:36.364 [AWT-EventQueue-0] INFO  com.satfnRegBot.automationScripts.SatisfactionRegisteration - 400039668632 is satisfied with the Transaction ID 200298335524
14:13:49.486 [AWT-EventQueue-0] INFO  com.satfnRegBot.automationScripts.SatisfactionRegisteration - 400038946366 is satisfied with the Transaction ID 200298335559
14:14:03.608 [AWT-EventQueue-0] INFO  com.satfnRegBot.automationScripts.SatisfactionRegisteration - 400039516935 is satisfied with the Transaction ID 200298335593
14:14:17.167 [AWT-EventQueue-0] INFO  com.satfnRegBot.automationScripts.SatisfactionRegisteration - 400061622186 is satisfied with the Transaction ID 200298335621
14:14:29.773 [AWT-EventQueue-0] INFO  com.satfnRegBot.automationScripts.SatisfactionRegisteration - 400063407436 is satisfied with the Transaction ID 200298335647
14:14:52.688 [AWT-EventQueue-0] INFO  com.satfnRegBot.automationScripts.SatisfactionRegisteration - 400039388725 is satisfied with the Transaction ID 200298335673
14:15:05.210 [AWT-EventQueue-0] INFO  com.satfnRegBot.automationScripts.SatisfactionRegisteration - 400061098098 is satisfied with the Transaction ID 200298335717
14:15:18.208 [AWT-EventQueue-0] INFO  com.satfnRegBot.automationScripts.SatisfactionRegisteration - 400061155543 is satisfied with the Transaction ID 200298335735
14:15:30.971 [AWT-EventQueue-0] INFO  com.satfnRegBot.automationScripts.SatisfactionRegisteration - 400064553417 is satisfied with the Transaction ID 200298335761
14:15:44.577 [AWT-EventQueue-0] INFO  com.satfnRegBot.automationScripts.SatisfactionRegisteration - 400013844174 is satisfied with the Transaction ID 200298335820
14:15:47.648 [AWT-EventQueue-0] INFO  com.satfnRegBot.automationScripts.SatisfactionRegisteration - 400038915292 is already satisfied
14:15:59.688 [AWT-EventQueue-0] INFO  com.satfnRegBot.automationScripts.SatisfactionRegisteration - 400025729026 is satisfied with the Transaction ID 200298335906
14:16:01.282 [AWT-EventQueue-0] INFO  com.satfnRegBot.automationScripts.SatisfactionRegisteration - 400039148366 is already satisfied
14:16:14.080 [AWT-EventQueue-0] INFO  com.satfnRegBot.automationScripts.SatisfactionRegisteration - 400018119783 is satisfied with the Transaction ID 200298335955
14:16:28.050 [AWT-EventQueue-0] INFO  com.satfnRegBot.automationScripts.SatisfactionRegisteration - 400021036625 is satisfied with the Transaction ID 200298336008
14:16:29.796 [AWT-EventQueue-0] INFO  com.satfnRegBot.automationScripts.SatisfactionRegisteration - 400060980391 is already satisfied
14:16:42.327 [AWT-EventQueue-0] INFO  com.satfnRegBot.automationScripts.SatisfactionRegisteration - 400024911832 is satisfied with the Transaction ID 200298336040
14:16:55.265 [AWT-EventQueue-0] INFO  com.satfnRegBot.automationScripts.SatisfactionRegisteration - 400069755468 is satisfied with the Transaction ID 200298336076
14:17:08.555 [AWT-EventQueue-0] INFO  com.satfnRegBot.automationScripts.SatisfactionRegisteration - 400020985863 is satisfied with the Transaction ID 200298336105
14:17:21.462 [AWT-EventQueue-0] INFO  com.satfnRegBot.automationScripts.SatisfactionRegisteration - 400061681111 is satisfied with the Transaction ID 200298336140
14:17:34.459 [AWT-EventQueue-0] INFO  com.satfnRegBot.automationScripts.SatisfactionRegisteration - 400061340418 is satisfied with the Transaction ID 200298336172
14:17:47.367 [AWT-EventQueue-0] INFO  com.satfnRegBot.automationScripts.SatisfactionRegisteration - 400061210665 is satisfied with the Transaction ID 200298336195
14:18:00.485 [AWT-EventQueue-0] INFO  com.satfnRegBot.automationScripts.SatisfactionRegisteration - 400061086028 is satisfied with the Transaction ID 200298336220
14:18:13.577 [AWT-EventQueue-0] INFO  com.satfnRegBot.automationScripts.SatisfactionRegisteration - 400061048776 is satisfied with the Transaction ID 200298336252
14:18:15.968 [AWT-EventQueue-0] INFO  com.satfnRegBot.automationScripts.SatisfactionRegisteration - 400061449000 is already satisfied
14:18:27.988 [AWT-EventQueue-0] INFO  com.satfnRegBot.automationScripts.SatisfactionRegisteration - 400026368480 is satisfied with the Transaction ID 200298336286
14:18:40.702 [AWT-EventQueue-0] INFO  com.satfnRegBot.automationScripts.SatisfactionRegisteration - 400026970566 is satisfied with the Transaction ID 200298336304
14:18:53.576 [AWT-EventQueue-0] INFO  com.satfnRegBot.automationScripts.SatisfactionRegisteration - 400060905000 is satisfied with the Transaction ID 200298336332
14:19:06.513 [AWT-EventQueue-0] INFO  com.satfnRegBot.automationScripts.SatisfactionRegisteration - 400061088816 is satisfied with the Transaction ID 200298336355
14:19:20.185 [AWT-EventQueue-0] INFO  com.satfnRegBot.automationScripts.SatisfactionRegisteration - 400063333272 is satisfied with the Transaction ID 200298336386
14:19:34.932 [AWT-EventQueue-0] INFO  com.satfnRegBot.automationScripts.SatisfactionRegisteration - 400024007797 is satisfied with the Transaction ID 200298336407
14:19:47.396 [AWT-EventQueue-0] INFO  com.satfnRegBot.automationScripts.SatisfactionRegisteration - 400022041431 is satisfied with the Transaction ID 200298336436
14:20:00.289 [AWT-EventQueue-0] INFO  com.satfnRegBot.automationScripts.SatisfactionRegisteration - 400060930749 is satisfied with the Transaction ID 200298336459
14:20:14.044 [AWT-EventQueue-0] INFO  com.satfnRegBot.automationScripts.SatisfactionRegisteration - 400061264444 is satisfied with the Transaction ID 200298336480
14:20:27.265 [AWT-EventQueue-0] INFO  com.satfnRegBot.automationScripts.SatisfactionRegisteration - 400027988968 is satisfied with the Transaction ID 200298336512
14:20:44.962 [AWT-EventQueue-0] INFO  com.satfnRegBot.automationScripts.SatisfactionRegisteration - 400064621155 is satisfied with the Transaction ID 200298336543
14:20:58.752 [AWT-EventQueue-0] INFO  com.satfnRegBot.automationScripts.SatisfactionRegisteration - 400069854118 is satisfied with the Transaction ID 200298336576
14:21:13.529 [AWT-EventQueue-0] INFO  com.satfnRegBot.automationScripts.SatisfactionRegisteration - 400022606481 is satisfied with the Transaction ID 200298336602
14:21:26.439 [AWT-EventQueue-0] INFO  com.satfnRegBot.automationScripts.SatisfactionRegisteration - 400031230187 is satisfied with the Transaction ID 200298336631
14:21:39.214 [AWT-EventQueue-0] INFO  com.satfnRegBot.automationScripts.SatisfactionRegisteration - 400063341722 is satisfied with the Transaction ID 200298336666
14:21:51.838 [AWT-EventQueue-0] INFO  com.satfnRegBot.automationScripts.SatisfactionRegisteration - 400060092218 is satisfied with the Transaction ID 200298336685
14:22:05.160 [AWT-EventQueue-0] INFO  com.satfnRegBot.automationScripts.SatisfactionRegisteration - 400071080805 is satisfied with the Transaction ID 200298336718
14:22:18.257 [AWT-EventQueue-0] INFO  com.satfnRegBot.automationScripts.SatisfactionRegisteration - 400060841623 is satisfied with the Transaction ID 200298336733
14:22:20.015 [AWT-EventQueue-0] INFO  com.satfnRegBot.automationScripts.SatisfactionRegisteration - 400064859210 is already satisfied
14:22:31.932 [AWT-EventQueue-0] INFO  com.satfnRegBot.automationScripts.SatisfactionRegisteration - 400025918101 is satisfied with the Transaction ID 200298336764
14:22:45.305 [AWT-EventQueue-0] INFO  com.satfnRegBot.automationScripts.SatisfactionRegisteration - 400061080165 is satisfied with the Transaction ID 200298336789
14:22:58.323 [AWT-EventQueue-0] INFO  com.satfnRegBot.automationScripts.SatisfactionRegisteration - 400021699934 is satisfied with the Transaction ID 200298336818
14:23:11.873 [AWT-EventQueue-0] INFO  com.satfnRegBot.automationScripts.SatisfactionRegisteration - 400069398299 is satisfied with the Transaction ID 200298336848
14:23:26.141 [AWT-EventQueue-0] INFO  com.satfnRegBot.automationScripts.SatisfactionRegisteration - 400032925815 is satisfied with the Transaction ID 200298336886
14:23:39.133 [AWT-EventQueue-0] INFO  com.satfnRegBot.automationScripts.SatisfactionRegisteration - 400022623366 is satisfied with the Transaction ID 200298336916
14:23:52.176 [AWT-EventQueue-0] INFO  com.satfnRegBot.automationScripts.SatisfactionRegisteration - 400027445082 is satisfied with the Transaction ID 200298336937
14:24:05.724 [AWT-EventQueue-0] INFO  com.satfnRegBot.automationScripts.SatisfactionRegisteration - 400039507680 is satisfied with the Transaction ID 200298336969
14:24:20.248 [AWT-EventQueue-0] INFO  com.satfnRegBot.automationScripts.SatisfactionRegisteration - 400021630162 is satisfied with the Transaction ID 200298337007
14:24:34.695 [AWT-EventQueue-0] INFO  com.satfnRegBot.automationScripts.SatisfactionRegisteration - 400026524311 is satisfied with the Transaction ID 200298337034
14:24:48.262 [AWT-EventQueue-0] INFO  com.satfnRegBot.automationScripts.SatisfactionRegisteration - 400039232951 is satisfied with the Transaction ID 200298337062
14:25:01.268 [AWT-EventQueue-0] INFO  com.satfnRegBot.automationScripts.SatisfactionRegisteration - 400073158769 is satisfied with the Transaction ID 200298337096
14:25:14.643 [AWT-EventQueue-0] INFO  com.satfnRegBot.automationScripts.SatisfactionRegisteration - 400033082163 is satisfied with the Transaction ID 200298337125
14:25:28.000 [AWT-EventQueue-0] INFO  com.satfnRegBot.automationScripts.SatisfactionRegisteration - 400038103502 is satisfied with the Transaction ID 200298337150
14:25:42.398 [AWT-EventQueue-0] INFO  com.satfnRegBot.automationScripts.SatisfactionRegisteration - 400072729267 is satisfied with the Transaction ID 200298337212
14:25:55.846 [AWT-EventQueue-0] INFO  com.satfnRegBot.automationScripts.SatisfactionRegisteration - 400063120367 is satisfied with the Transaction ID 200298337241
14:26:10.589 [AWT-EventQueue-0] INFO  com.satfnRegBot.automationScripts.SatisfactionRegisteration - 400061305243 is satisfied with the Transaction ID 200298337272
14:26:23.206 [AWT-EventQueue-0] INFO  com.satfnRegBot.automationScripts.SatisfactionRegisteration - 400022883320 is satisfied with the Transaction ID 200298337304
14:26:37.156 [AWT-EventQueue-0] INFO  com.satfnRegBot.automationScripts.SatisfactionRegisteration - 400015445581 is satisfied with the Transaction ID 200298337335
14:26:57.786 [AWT-EventQueue-0] INFO  com.satfnRegBot.automationScripts.SatisfactionRegisteration - 400024177567 is satisfied with the Transaction ID 200298337367
14:27:12.463 [AWT-EventQueue-0] INFO  com.satfnRegBot.automationScripts.SatisfactionRegisteration - 400062389322 is satisfied with the Transaction ID 200298337399
14:27:50.490 [AWT-EventQueue-0] INFO  com.satfnRegBot.automationScripts.SatisfactionRegisteration - 400015322401 is satisfied with the Transaction ID 200298337519
14:28:04.910 [AWT-EventQueue-0] INFO  com.satfnRegBot.automationScripts.SatisfactionRegisteration - 400023407586 is satisfied with the Transaction ID 200298337552
14:28:19.171 [AWT-EventQueue-0] INFO  com.satfnRegBot.automationScripts.SatisfactionRegisteration - 400061406390 is satisfied with the Transaction ID 200298337590
14:28:35.103 [AWT-EventQueue-0] INFO  com.satfnRegBot.automationScripts.SatisfactionRegisteration - 400033113515 is satisfied with the Transaction ID 200298337617
14:28:48.961 [AWT-EventQueue-0] INFO  com.satfnRegBot.automationScripts.SatisfactionRegisteration - 400059876409 is satisfied with the Transaction ID 200298337656
14:29:01.952 [AWT-EventQueue-0] INFO  com.satfnRegBot.automationScripts.SatisfactionRegisteration - 400025781317 is satisfied with the Transaction ID 200298337713
14:29:15.128 [AWT-EventQueue-0] INFO  com.satfnRegBot.automationScripts.SatisfactionRegisteration - 400059886663 is satisfied with the Transaction ID 200298337750
14:29:28.748 [AWT-EventQueue-0] INFO  com.satfnRegBot.automationScripts.SatisfactionRegisteration - 400070219505 is satisfied with the Transaction ID 200298337788
14:29:42.534 [AWT-EventQueue-0] INFO  com.satfnRegBot.automationScripts.SatisfactionRegisteration - 400020427181 is satisfied with the Transaction ID 200298337823
14:29:56.089 [AWT-EventQueue-0] INFO  com.satfnRegBot.automationScripts.SatisfactionRegisteration - 400026371995 is satisfied with the Transaction ID 200298337854
14:30:09.412 [AWT-EventQueue-0] INFO  com.satfnRegBot.automationScripts.SatisfactionRegisteration - 400061302888 is satisfied with the Transaction ID 200298337886
14:30:22.797 [AWT-EventQueue-0] INFO  com.satfnRegBot.automationScripts.SatisfactionRegisteration - 400063900339 is satisfied with the Transaction ID 200298337917
14:30:47.121 [AWT-EventQueue-0] INFO  com.satfnRegBot.automationScripts.SatisfactionRegisteration - 400060929165 is satisfied with the Transaction ID 200298337946
14:31:00.274 [AWT-EventQueue-0] INFO  com.satfnRegBot.automationScripts.SatisfactionRegisteration - 400039475249 is satisfied with the Transaction ID 200298338017
14:31:18.027 [AWT-EventQueue-0] INFO  com.satfnRegBot.automationScripts.SatisfactionRegisteration - 400039548803 is satisfied with the Transaction ID 200298338060
14:31:31.644 [AWT-EventQueue-0] INFO  com.satfnRegBot.automationScripts.SatisfactionRegisteration - 400039507767 is satisfied with the Transaction ID 200298338094
14:31:44.945 [AWT-EventQueue-0] INFO  com.satfnRegBot.automationScripts.SatisfactionRegisteration - 400063396711 is satisfied with the Transaction ID 200298338120
14:31:57.657 [AWT-EventQueue-0] INFO  com.satfnRegBot.automationScripts.SatisfactionRegisteration - 400039737830 is satisfied with the Transaction ID 200298338147
14:31:59.850 [AWT-EventQueue-0] INFO  com.satfnRegBot.automationScripts.SatisfactionRegisteration - 400060933491 is already satisfied
14:32:11.432 [AWT-EventQueue-0] INFO  com.satfnRegBot.automationScripts.SatisfactionRegisteration - 400063250523 is satisfied with the Transaction ID 200298338203
14:32:13.287 [AWT-EventQueue-0] INFO  com.satfnRegBot.automationScripts.SatisfactionRegisteration - 400063296792 is already satisfied
14:32:26.365 [AWT-EventQueue-0] INFO  com.satfnRegBot.automationScripts.SatisfactionRegisteration - 400060904998 is satisfied with the Transaction ID 200298338241
14:32:39.386 [AWT-EventQueue-0] INFO  com.satfnRegBot.automationScripts.SatisfactionRegisteration - 400059642667 is satisfied with the Transaction ID 200298338280
14:32:52.039 [AWT-EventQueue-0] INFO  com.satfnRegBot.automationScripts.SatisfactionRegisteration - 400061305671 is satisfied with the Transaction ID 200298338316
14:33:04.895 [AWT-EventQueue-0] INFO  com.satfnRegBot.automationScripts.SatisfactionRegisteration - 400062391288 is satisfied with the Transaction ID 200298338346
14:33:17.943 [AWT-EventQueue-0] INFO  com.satfnRegBot.automationScripts.SatisfactionRegisteration - 400021218098 is satisfied with the Transaction ID 200298338377
14:33:32.634 [AWT-EventQueue-0] INFO  com.satfnRegBot.automationScripts.SatisfactionRegisteration - 400035233431 is satisfied with the Transaction ID 200298338413
14:33:46.103 [AWT-EventQueue-0] INFO  com.satfnRegBot.automationScripts.SatisfactionRegisteration - 400063136447 is satisfied with the Transaction ID 200298338439
14:33:59.095 [AWT-EventQueue-0] INFO  com.satfnRegBot.automationScripts.SatisfactionRegisteration - 400024365207 is satisfied with the Transaction ID 200298338470
14:34:12.686 [AWT-EventQueue-0] INFO  com.satfnRegBot.automationScripts.SatisfactionRegisteration - 400060905309 is satisfied with the Transaction ID 200298338504
14:34:28.079 [AWT-EventQueue-0] INFO  com.satfnRegBot.automationScripts.SatisfactionRegisteration - 400061304938 is satisfied with the Transaction ID 200298338537
14:34:43.038 [AWT-EventQueue-0] INFO  com.satfnRegBot.automationScripts.SatisfactionRegisteration - 400038410530 is satisfied with the Transaction ID 200298338568
14:34:56.865 [AWT-EventQueue-0] INFO  com.satfnRegBot.automationScripts.SatisfactionRegisteration - 400039285372 is satisfied with the Transaction ID 200298338606
14:35:10.078 [AWT-EventQueue-0] INFO  com.satfnRegBot.automationScripts.SatisfactionRegisteration - 400060894301 is satisfied with the Transaction ID 200298338649
14:35:23.730 [AWT-EventQueue-0] INFO  com.satfnRegBot.automationScripts.SatisfactionRegisteration - 400039653372 is satisfied with the Transaction ID 200298338691
14:35:37.200 [AWT-EventQueue-0] INFO  com.satfnRegBot.automationScripts.SatisfactionRegisteration - 400063136051 is satisfied with the Transaction ID 200298338750
14:35:50.880 [AWT-EventQueue-0] INFO  com.satfnRegBot.automationScripts.SatisfactionRegisteration - 400039646159 is satisfied with the Transaction ID 200298338813
14:36:04.557 [AWT-EventQueue-0] INFO  com.satfnRegBot.automationScripts.SatisfactionRegisteration - 400060989762 is satisfied with the Transaction ID 200298338894
14:36:06.706 [AWT-EventQueue-0] INFO  com.satfnRegBot.automationScripts.SatisfactionRegisteration - 400061210692 is already satisfied
14:36:18.398 [AWT-EventQueue-0] INFO  com.satfnRegBot.automationScripts.SatisfactionRegisteration - 400061678887 is satisfied with the Transaction ID 200298338977
14:36:31.872 [AWT-EventQueue-0] INFO  com.satfnRegBot.automationScripts.SatisfactionRegisteration - 400063434167 is satisfied with the Transaction ID 200298339042
14:36:46.404 [AWT-EventQueue-0] INFO  com.satfnRegBot.automationScripts.SatisfactionRegisteration - 400021347871 is satisfied with the Transaction ID 200298339126
14:37:04.916 [AWT-EventQueue-0] INFO  com.satfnRegBot.automationScripts.SatisfactionRegisteration - 400035386624 is satisfied with the Transaction ID 200298339231
14:37:23.388 [AWT-EventQueue-0] INFO  com.satfnRegBot.automationScripts.SatisfactionRegisteration - 400025970935 is satisfied with the Transaction ID 200298339344
14:37:42.215 [AWT-EventQueue-0] INFO  com.satfnRegBot.automationScripts.SatisfactionRegisteration - 400060984027 is satisfied with the Transaction ID 200298339453
14:38:03.740 [AWT-EventQueue-0] INFO  com.satfnRegBot.automationScripts.SatisfactionRegisteration - 400066682119 is satisfied with the Transaction ID 200298339571
14:38:17.529 [AWT-EventQueue-0] INFO  com.satfnRegBot.automationScripts.SatisfactionRegisteration - 400061693338 is satisfied with the Transaction ID 200298339646
14:38:31.412 [AWT-EventQueue-0] INFO  com.satfnRegBot.automationScripts.SatisfactionRegisteration - 400061707104 is satisfied with the Transaction ID 200298339725
14:38:48.640 [AWT-EventQueue-0] INFO  com.satfnRegBot.automationScripts.SatisfactionRegisteration - 400014948170 is satisfied with the Transaction ID 200298339815
14:39:23.031 [AWT-EventQueue-0] INFO  com.satfnRegBot.automationScripts.SatisfactionRegisteration - 400023197705 is satisfied with the Transaction ID 200298339976
14:39:37.245 [AWT-EventQueue-0] INFO  com.satfnRegBot.automationScripts.SatisfactionRegisteration - 400061148738 is satisfied with the Transaction ID 200298340052
14:39:53.018 [AWT-EventQueue-0] INFO  com.satfnRegBot.automationScripts.SatisfactionRegisteration - 400039230602 is satisfied with the Transaction ID 200298340126
14:40:13.513 [AWT-EventQueue-0] INFO  com.satfnRegBot.automationScripts.SatisfactionRegisteration - 400062623186 is satisfied with the Transaction ID 200298340193
15:22:20.296 [AWT-EventQueue-0] INFO  com.satfnRegBot.automationScripts.SatisfactionRegisteration - https://www.cersai.org.in/CERSAI/home.prg URL Opened Successfully in chrome browser
15:23:39.326 [AWT-EventQueue-0] INFO  com.satfnRegBot.automationScripts.SatisfactionRegisteration - 400039315251 is satisfied with the Transaction ID 200298350371
15:23:58.840 [AWT-EventQueue-0] INFO  com.satfnRegBot.automationScripts.SatisfactionRegisteration - 400026386856 is satisfied with the Transaction ID 200298350450
15:24:18.218 [AWT-EventQueue-0] INFO  com.satfnRegBot.automationScripts.SatisfactionRegisteration - 400021340750 is satisfied with the Transaction ID 200298350528
15:29:23.954 [main] INFO  com.satfnRegBot.automationScripts.SatisfactionRegisteration - https://www.cersai.org.in/CERSAI/home.prg URL Opened Successfully in chrome browser
15:37:15.542 [AWT-EventQueue-0] INFO  com.satfnRegBot.automationScripts.SatisfactionRegisteration - https://www.cersai.org.in/CERSAI/home.prg URL Opened Successfully in chrome browser
15:38:09.840 [AWT-EventQueue-0] INFO  com.satfnRegBot.automationScripts.SatisfactionRegisteration - 400061209152 is satisfied with the Transaction ID 200298353898
15:38:26.392 [AWT-EventQueue-0] INFO  com.satfnRegBot.automationScripts.SatisfactionRegisteration - 400060905143 is satisfied with the Transaction ID 200298353955
15:39:17.480 [main] INFO  com.satfnRegBot.automationScripts.SatisfactionRegisteration - https://www.cersai.org.in/CERSAI/home.prg URL Opened Successfully in chrome browser
15:40:49.359 [AWT-EventQueue-0] INFO  com.satfnRegBot.automationScripts.SatisfactionRegisteration - https://www.cersai.org.in/CERSAI/home.prg URL Opened Successfully in chrome browser
16:34:33.057 [main] INFO  com.satfnRegBot.automationScripts.SatisfactionRegisteration - https://www.cersai.org.in/CERSAI/home.prg URL Opened Successfully in chrome browser
16:35:26.093 [main] INFO  com.satfnRegBot.automationScripts.SatisfactionRegisteration - 400061209152 is already satisfied
16:35:27.838 [main] INFO  com.satfnRegBot.automationScripts.SatisfactionRegisteration - 400060905143 is already satisfied
16:35:39.913 [main] INFO  com.satfnRegBot.automationScripts.SatisfactionRegisteration - 400030414524 is satisfied with the Transaction ID 200298369153
16:35:52.932 [main] INFO  com.satfnRegBot.automationScripts.SatisfactionRegisteration - 400038602252 is satisfied with the Transaction ID 200298369209
16:36:06.426 [main] INFO  com.satfnRegBot.automationScripts.SatisfactionRegisteration - 400061304735 is satisfied with the Transaction ID 200298369270
16:36:20.299 [main] INFO  com.satfnRegBot.automationScripts.SatisfactionRegisteration - 400060186527 is satisfied with the Transaction ID 200298369326
16:36:34.598 [main] INFO  com.satfnRegBot.automationScripts.SatisfactionRegisteration - 400059753142 is satisfied with the Transaction ID 200298369401
16:36:48.412 [main] INFO  com.satfnRegBot.automationScripts.SatisfactionRegisteration - 400063277019 is satisfied with the Transaction ID 200298369446
16:37:22.612 [main] INFO  com.satfnRegBot.automationScripts.SatisfactionRegisteration - 400063860629 is satisfied with the Transaction ID 200298369569
16:37:37.231 [main] INFO  com.satfnRegBot.automationScripts.SatisfactionRegisteration - 400060921797 is satisfied with the Transaction ID 200298369628
16:37:52.283 [main] INFO  com.satfnRegBot.automationScripts.SatisfactionRegisteration - 400061321481 is satisfied with the Transaction ID 200298369692
16:38:11.848 [main] INFO  com.satfnRegBot.automationScripts.SatisfactionRegisteration - 400070096282 is satisfied with the Transaction ID 200298369775
16:38:26.505 [main] INFO  com.satfnRegBot.automationScripts.SatisfactionRegisteration - 400063167795 is satisfied with the Transaction ID 200298369832
16:38:40.790 [main] INFO  com.satfnRegBot.automationScripts.SatisfactionRegisteration - 400061370496 is satisfied with the Transaction ID 200298369890
16:38:55.184 [main] INFO  com.satfnRegBot.automationScripts.SatisfactionRegisteration - 400060686491 is satisfied with the Transaction ID 200298369963
16:39:08.083 [main] INFO  com.satfnRegBot.automationScripts.SatisfactionRegisteration - 400064551153 is satisfied with the Transaction ID 200298370024
16:39:21.930 [main] INFO  com.satfnRegBot.automationScripts.SatisfactionRegisteration - 400060670896 is satisfied with the Transaction ID 200298370075
16:39:23.955 [main] INFO  com.satfnRegBot.automationScripts.SatisfactionRegisteration - 400029093023 is already satisfied
16:39:36.630 [main] INFO  com.satfnRegBot.automationScripts.SatisfactionRegisteration - 400060562991 is satisfied with the Transaction ID 200298370136
16:39:50.849 [main] INFO  com.satfnRegBot.automationScripts.SatisfactionRegisteration - 400022999676 is satisfied with the Transaction ID 200298370187
16:40:10.222 [main] INFO  com.satfnRegBot.automationScripts.SatisfactionRegisteration - 400026303569 is satisfied with the Transaction ID 200298370242
16:40:24.300 [main] INFO  com.satfnRegBot.automationScripts.SatisfactionRegisteration - 400070184222 is satisfied with the Transaction ID 200298370324
16:40:37.585 [main] INFO  com.satfnRegBot.automationScripts.SatisfactionRegisteration - 400039280240 is satisfied with the Transaction ID 200298370374
16:40:50.791 [main] INFO  com.satfnRegBot.automationScripts.SatisfactionRegisteration - 400063904381 is satisfied with the Transaction ID 200298370421
16:41:03.554 [main] INFO  com.satfnRegBot.automationScripts.SatisfactionRegisteration - 400063398346 is satisfied with the Transaction ID 200298370471
16:41:16.552 [main] INFO  com.satfnRegBot.automationScripts.SatisfactionRegisteration - 400031644226 is satisfied with the Transaction ID 200298370523
16:41:29.454 [main] INFO  com.satfnRegBot.automationScripts.SatisfactionRegisteration - 400039576471 is satisfied with the Transaction ID 200298370575
16:41:42.432 [main] INFO  com.satfnRegBot.automationScripts.SatisfactionRegisteration - 400072104308 is satisfied with the Transaction ID 200298370636
16:41:56.299 [main] INFO  com.satfnRegBot.automationScripts.SatisfactionRegisteration - 400063180596 is satisfied with the Transaction ID 200298370687
16:42:09.355 [main] INFO  com.satfnRegBot.automationScripts.SatisfactionRegisteration - 400075496952 is satisfied with the Transaction ID 200298370753
16:42:23.114 [main] INFO  com.satfnRegBot.automationScripts.SatisfactionRegisteration - 400061732351 is satisfied with the Transaction ID 200298370809
16:42:36.433 [main] INFO  com.satfnRegBot.automationScripts.SatisfactionRegisteration - 400061732770 is satisfied with the Transaction ID 200298370874
16:42:49.931 [main] INFO  com.satfnRegBot.automationScripts.SatisfactionRegisteration - 400066575546 is satisfied with the Transaction ID 200298370929
16:43:03.321 [main] INFO  com.satfnRegBot.automationScripts.SatisfactionRegisteration - 400062387629 is satisfied with the Transaction ID 200298370993
16:43:17.584 [main] INFO  com.satfnRegBot.automationScripts.SatisfactionRegisteration - 400061231793 is satisfied with the Transaction ID 200298371055
16:43:30.967 [main] INFO  com.satfnRegBot.automationScripts.SatisfactionRegisteration - 400069368077 is satisfied with the Transaction ID 200298371109
16:43:32.606 [main] INFO  com.satfnRegBot.automationScripts.SatisfactionRegisteration - 400069368418 is already satisfied
16:43:44.263 [main] INFO  com.satfnRegBot.automationScripts.SatisfactionRegisteration - 400061372184 is satisfied with the Transaction ID 200298371159
16:43:57.379 [main] INFO  com.satfnRegBot.automationScripts.SatisfactionRegisteration - 400039723075 is satisfied with the Transaction ID 200298371215
16:44:10.851 [main] INFO  com.satfnRegBot.automationScripts.SatisfactionRegisteration - 400033111579 is satisfied with the Transaction ID 200298371276
16:44:24.439 [main] INFO  com.satfnRegBot.automationScripts.SatisfactionRegisteration - 400039747469 is satisfied with the Transaction ID 200298371343
16:44:39.671 [main] INFO  com.satfnRegBot.automationScripts.SatisfactionRegisteration - 400060835248 is satisfied with the Transaction ID 200298371397
16:44:54.608 [main] INFO  com.satfnRegBot.automationScripts.SatisfactionRegisteration - 400026345344 is satisfied with the Transaction ID 200298371449
16:45:07.965 [main] INFO  com.satfnRegBot.automationScripts.SatisfactionRegisteration - 400062073432 is satisfied with the Transaction ID 200298371510
16:45:23.422 [main] INFO  com.satfnRegBot.automationScripts.SatisfactionRegisteration - 400063977541 is satisfied with the Transaction ID 200298371571
16:45:36.836 [main] INFO  com.satfnRegBot.automationScripts.SatisfactionRegisteration - 400060690792 is satisfied with the Transaction ID 200298371628
16:45:38.533 [main] INFO  com.satfnRegBot.automationScripts.SatisfactionRegisteration - 400038407862 is already satisfied
16:45:51.099 [main] INFO  com.satfnRegBot.automationScripts.SatisfactionRegisteration - 400061233195 is satisfied with the Transaction ID 200298371686
16:46:05.280 [main] INFO  com.satfnRegBot.automationScripts.SatisfactionRegisteration - 400061209900 is satisfied with the Transaction ID 200298371737
16:46:18.587 [main] INFO  com.satfnRegBot.automationScripts.SatisfactionRegisteration - 400062097446 is satisfied with the Transaction ID 200298371792
16:46:31.026 [main] INFO  com.satfnRegBot.automationScripts.SatisfactionRegisteration - 400061637659 is satisfied with the Transaction ID 200298371848
16:46:43.595 [main] INFO  com.satfnRegBot.automationScripts.SatisfactionRegisteration - 400061209918 is satisfied with the Transaction ID 200298371907
16:46:56.876 [main] INFO  com.satfnRegBot.automationScripts.SatisfactionRegisteration - 400069929218 is satisfied with the Transaction ID 200298371962
16:47:13.241 [main] INFO  com.satfnRegBot.automationScripts.SatisfactionRegisteration - 400061302788 is satisfied with the Transaction ID 200298372030
16:47:27.528 [main] INFO  com.satfnRegBot.automationScripts.SatisfactionRegisteration - 400026176908 is satisfied with the Transaction ID 200298372091
16:47:41.453 [main] INFO  com.satfnRegBot.automationScripts.SatisfactionRegisteration - 400069612513 is satisfied with the Transaction ID 200298372153
16:47:56.239 [main] INFO  com.satfnRegBot.automationScripts.SatisfactionRegisteration - 400061210142 is satisfied with the Transaction ID 200298372234
16:48:11.075 [main] INFO  com.satfnRegBot.automationScripts.SatisfactionRegisteration - 400027091631 is satisfied with the Transaction ID 200298372292
16:48:26.768 [main] INFO  com.satfnRegBot.automationScripts.SatisfactionRegisteration - 400039595086 is satisfied with the Transaction ID 200298372355
16:50:56.328 [main] INFO  com.satfnRegBot.automationScripts.SatisfactionRegisteration - https://www.cersai.org.in/CERSAI/home.prg URL Opened Successfully in chrome browser
16:51:30.274 [main] INFO  com.satfnRegBot.automationScripts.SatisfactionRegisteration - 400061340464 is already satisfied
16:52:52.183 [main] INFO  com.satfnRegBot.automationScripts.SatisfactionRegisteration - 400061047540 is satisfied with the Transaction ID 200298373417
16:52:54.191 [main] INFO  com.satfnRegBot.automationScripts.SatisfactionRegisteration - 400060915521 is already satisfied
16:53:09.233 [main] INFO  com.satfnRegBot.automationScripts.SatisfactionRegisteration - 400026181708 is satisfied with the Transaction ID 200298373490
16:53:11.287 [main] INFO  com.satfnRegBot.automationScripts.SatisfactionRegisteration - 400062567667 is already satisfied
16:53:12.267 [main] INFO  com.satfnRegBot.automationScripts.SatisfactionRegisteration - 400061259704 is already satisfied
16:53:26.914 [main] INFO  com.satfnRegBot.automationScripts.SatisfactionRegisteration - 400069409680 is satisfied with the Transaction ID 200298373562
16:53:41.511 [main] INFO  com.satfnRegBot.automationScripts.SatisfactionRegisteration - 400075741273 is satisfied with the Transaction ID 200298373630
16:53:56.050 [main] INFO  com.satfnRegBot.automationScripts.SatisfactionRegisteration - 400072901333 is satisfied with the Transaction ID 200298373692
16:56:16.741 [AWT-EventQueue-0] INFO  com.satfnRegBot.automationScripts.SatisfactionRegisteration - https://www.cersai.org.in/CERSAI/home.prg URL Opened Successfully in chrome browser
16:56:47.916 [AWT-EventQueue-0] INFO  com.satfnRegBot.automationScripts.SatisfactionRegisteration - 400061340464 is already satisfied
16:57:04.381 [AWT-EventQueue-0] INFO  com.satfnRegBot.automationScripts.SatisfactionRegisteration - 400038952731 is satisfied with the Transaction ID 200298374504
16:57:06.424 [AWT-EventQueue-0] INFO  com.satfnRegBot.automationScripts.SatisfactionRegisteration - 400061047540 is already satisfied
16:57:07.290 [AWT-EventQueue-0] INFO  com.satfnRegBot.automationScripts.SatisfactionRegisteration - 400060915521 is already satisfied
16:57:08.290 [AWT-EventQueue-0] INFO  com.satfnRegBot.automationScripts.SatisfactionRegisteration - 400026181708 is already satisfied
16:57:09.174 [AWT-EventQueue-0] INFO  com.satfnRegBot.automationScripts.SatisfactionRegisteration - 400062567667 is already satisfied
16:57:10.194 [AWT-EventQueue-0] INFO  com.satfnRegBot.automationScripts.SatisfactionRegisteration - 400061259704 is already satisfied
16:57:11.026 [AWT-EventQueue-0] INFO  com.satfnRegBot.automationScripts.SatisfactionRegisteration - 400069409680 is already satisfied
16:57:11.998 [AWT-EventQueue-0] INFO  com.satfnRegBot.automationScripts.SatisfactionRegisteration - 400075741273 is already satisfied
16:57:12.768 [AWT-EventQueue-0] INFO  com.satfnRegBot.automationScripts.SatisfactionRegisteration - 400072901333 is already satisfied
16:57:45.313 [AWT-EventQueue-0] INFO  com.satfnRegBot.automationScripts.SatisfactionRegisteration - 400061339649 is satisfied with the Transaction ID 200298374673
16:58:44.090 [main] INFO  com.satfnRegBot.automationScripts.SatisfactionRegisteration - https://www.cersai.org.in/CERSAI/home.prg URL Opened Successfully in chrome browser
16:59:21.842 [main] INFO  com.satfnRegBot.automationScripts.SatisfactionRegisteration - 400061340464 is already satisfied
16:59:22.841 [main] INFO  com.satfnRegBot.automationScripts.SatisfactionRegisteration - 400038952731 is already satisfied
16:59:23.890 [main] INFO  com.satfnRegBot.automationScripts.SatisfactionRegisteration - 400061047540 is already satisfied
16:59:24.950 [main] INFO  com.satfnRegBot.automationScripts.SatisfactionRegisteration - 400060915521 is already satisfied
16:59:25.725 [main] INFO  com.satfnRegBot.automationScripts.SatisfactionRegisteration - 400026181708 is already satisfied
16:59:26.887 [main] INFO  com.satfnRegBot.automationScripts.SatisfactionRegisteration - 400062567667 is already satisfied
16:59:28.001 [main] INFO  com.satfnRegBot.automationScripts.SatisfactionRegisteration - 400061259704 is already satisfied
16:59:28.993 [main] INFO  com.satfnRegBot.automationScripts.SatisfactionRegisteration - 400069409680 is already satisfied
16:59:29.800 [main] INFO  com.satfnRegBot.automationScripts.SatisfactionRegisteration - 400075741273 is already satisfied
16:59:30.931 [main] INFO  com.satfnRegBot.automationScripts.SatisfactionRegisteration - 400072901333 is already satisfied
16:59:31.907 [main] INFO  com.satfnRegBot.automationScripts.SatisfactionRegisteration - 400061339649 is already satisfied
16:59:49.159 [main] INFO  com.satfnRegBot.automationScripts.SatisfactionRegisteration - 400060910127 is satisfied with the Transaction ID 200298375223
17:00:13.715 [main] INFO  com.satfnRegBot.automationScripts.SatisfactionRegisteration - 400075466554 is satisfied with the Transaction ID 200298375305
17:00:29.990 [main] INFO  com.satfnRegBot.automationScripts.SatisfactionRegisteration - 400039325040 is satisfied with the Transaction ID 200298375394
17:04:59.205 [main] INFO  com.satfnRegBot.automationScripts.SatisfactionRegisteration - https://www.cersai.org.in/CERSAI/home.prg URL Opened Successfully in chrome browser
17:07:14.361 [main] INFO  com.satfnRegBot.automationScripts.SatisfactionRegisteration - 400061340464 is already satisfied
17:07:50.748 [main] INFO  com.satfnRegBot.automationScripts.SatisfactionRegisteration - 400038952731 is already satisfied
17:08:19.617 [main] INFO  com.satfnRegBot.automationScripts.SatisfactionRegisteration - 400061047540 is already satisfied
17:08:44.908 [main] INFO  com.satfnRegBot.automationScripts.SatisfactionRegisteration - 400060915521 is already satisfied
17:09:02.394 [main] INFO  com.satfnRegBot.automationScripts.SatisfactionRegisteration - 400026181708 is already satisfied
17:09:24.076 [main] INFO  com.satfnRegBot.automationScripts.SatisfactionRegisteration - 400062567667 is already satisfied
17:09:39.620 [main] INFO  com.satfnRegBot.automationScripts.SatisfactionRegisteration - 400061259704 is already satisfied
17:09:54.533 [main] INFO  com.satfnRegBot.automationScripts.SatisfactionRegisteration - 400069409680 is already satisfied
17:10:11.756 [main] INFO  com.satfnRegBot.automationScripts.SatisfactionRegisteration - 400075741273 is already satisfied
17:10:31.610 [main] INFO  com.satfnRegBot.automationScripts.SatisfactionRegisteration - 400072901333 is already satisfied
17:10:53.270 [main] INFO  com.satfnRegBot.automationScripts.SatisfactionRegisteration - 400061339649 is already satisfied
17:11:41.209 [main] INFO  com.satfnRegBot.automationScripts.SatisfactionRegisteration - 400060910127 is already satisfied
17:12:03.162 [main] INFO  com.satfnRegBot.automationScripts.SatisfactionRegisteration - 400075466554 is already satisfied
17:12:21.220 [main] INFO  com.satfnRegBot.automationScripts.SatisfactionRegisteration - 400039325040 is already satisfied
17:13:35.456 [main] INFO  com.satfnRegBot.automationScripts.SatisfactionRegisteration - 400035350986 is satisfied with the Transaction ID 200298379021
17:16:44.983 [main] INFO  com.satfnRegBot.automationScripts.SatisfactionRegisteration - https://www.cersai.org.in/CERSAI/home.prg URL Opened Successfully in chrome browser
17:17:16.849 [main] INFO  com.satfnRegBot.automationScripts.SatisfactionRegisteration - 400061340464 is already satisfied
17:17:18.251 [main] INFO  com.satfnRegBot.automationScripts.SatisfactionRegisteration - 400038952731 is already satisfied
17:17:19.417 [main] INFO  com.satfnRegBot.automationScripts.SatisfactionRegisteration - 400061047540 is already satisfied
17:17:20.409 [main] INFO  com.satfnRegBot.automationScripts.SatisfactionRegisteration - 400060915521 is already satisfied
17:17:21.646 [main] INFO  com.satfnRegBot.automationScripts.SatisfactionRegisteration - 400026181708 is already satisfied
17:17:22.655 [main] INFO  com.satfnRegBot.automationScripts.SatisfactionRegisteration - 400062567667 is already satisfied
