11:22:34.593 [main] INFO  com.satfnRegBot.automationScripts.SatisfactionRegisteration - 400060188243 is satisfied with the Transaction ID 200298448551
11:22:36.647 [main] INFO  com.satfnRegBot.automationScripts.SatisfactionRegisteration - 400061278215 is already satisfied
11:22:48.439 [main] INFO  com.satfnRegBot.automationScripts.SatisfactionRegisteration - 400061081549 is satisfied with the Transaction ID 200298448634
11:23:01.615 [main] INFO  com.satfnRegBot.automationScripts.SatisfactionRegisteration - 400073301025 is satisfied with the Transaction ID 200298448719
11:23:14.685 [main] INFO  com.satfnRegBot.automationScripts.SatisfactionRegisteration - 400039192148 is satisfied with the Transaction ID 200298448805
11:23:16.806 [main] INFO  com.satfnRegBot.automationScripts.SatisfactionRegisteration - 400023703165 is already satisfied
11:23:28.753 [main] INFO  com.satfnRegBot.automationScripts.SatisfactionRegisteration - 400061027660 is satisfied with the Transaction ID 200298448901
11:23:41.919 [main] INFO  com.satfnRegBot.automationScripts.SatisfactionRegisteration - 400023730506 is satisfied with the Transaction ID 200298448994
11:23:44.040 [main] INFO  com.satfnRegBot.automationScripts.SatisfactionRegisteration - 400024455699 is already satisfied
11:23:44.783 [main] INFO  com.satfnRegBot.automationScripts.SatisfactionRegisteration - 400022822262 is already satisfied
11:23:45.823 [main] INFO  com.satfnRegBot.automationScripts.SatisfactionRegisteration - 400027248013 is already satisfied
13:15:46.057 [AWT-EventQueue-0] INFO  com.satfnRegBot.automationScripts.SatisfactionRegisteration - https://www.cersai.org.in/CERSAI/home.prg URL Opened Successfully in chrome browser
13:16:32.214 [AWT-EventQueue-0] INFO  com.satfnRegBot.automationScripts.SatisfactionRegisteration - 400023763760 is satisfied with the Transaction ID 200298485166
13:16:46.968 [AWT-EventQueue-0] INFO  com.satfnRegBot.automationScripts.SatisfactionRegisteration - 400027013597 is satisfied with the Transaction ID 200298485239
13:17:02.443 [AWT-EventQueue-0] INFO  com.satfnRegBot.automationScripts.SatisfactionRegisteration - 400031642598 is satisfied with the Transaction ID 200298485321
13:17:16.124 [AWT-EventQueue-0] INFO  com.satfnRegBot.automationScripts.SatisfactionRegisteration - 400069065311 is satisfied with the Transaction ID 200298485400
13:17:30.619 [AWT-EventQueue-0] INFO  com.satfnRegBot.automationScripts.SatisfactionRegisteration - 400029553347 is satisfied with the Transaction ID 200298485471
13:17:45.510 [AWT-EventQueue-0] INFO  com.satfnRegBot.automationScripts.SatisfactionRegisteration - 400025892286 is satisfied with the Transaction ID 200298485554
13:17:58.810 [AWT-EventQueue-0] INFO  com.satfnRegBot.automationScripts.SatisfactionRegisteration - 400025891824 is satisfied with the Transaction ID 200298485642
13:18:12.164 [AWT-EventQueue-0] INFO  com.satfnRegBot.automationScripts.SatisfactionRegisteration - 400039171343 is satisfied with the Transaction ID 200298485735
13:18:26.497 [AWT-EventQueue-0] INFO  com.satfnRegBot.automationScripts.SatisfactionRegisteration - 400039194487 is satisfied with the Transaction ID 200298485825
13:18:39.613 [AWT-EventQueue-0] INFO  com.satfnRegBot.automationScripts.SatisfactionRegisteration - 400024899756 is satisfied with the Transaction ID 200298485941
14:42:08.418 [AWT-EventQueue-0] INFO  com.satfnRegBot.automationScripts.SatisfactionRegisteration - https://www.cersai.org.in/CERSAI/home.prg URL Opened Successfully in chrome browser
14:42:59.719 [AWT-EventQueue-0] INFO  com.satfnRegBot.automationScripts.SatisfactionRegisteration - 400061078885 is satisfied with the Transaction ID 200298504710
14:43:14.160 [AWT-EventQueue-0] INFO  com.satfnRegBot.automationScripts.SatisfactionRegisteration - 400039233590 is satisfied with the Transaction ID 200298504759
14:43:28.554 [AWT-EventQueue-0] INFO  com.satfnRegBot.automationScripts.SatisfactionRegisteration - 400039660592 is satisfied with the Transaction ID 200298504806
14:43:31.637 [AWT-EventQueue-0] INFO  com.satfnRegBot.automationScripts.SatisfactionRegisteration - 400061019667 is already satisfied
14:43:44.781 [AWT-EventQueue-0] INFO  com.satfnRegBot.automationScripts.SatisfactionRegisteration - 400027175590 is satisfied with the Transaction ID 200298504853
14:43:51.243 [AWT-EventQueue-0] INFO  com.satfnRegBot.automationScripts.SatisfactionRegisteration - 400032723012 is already satisfied
14:44:05.298 [AWT-EventQueue-0] INFO  com.satfnRegBot.automationScripts.SatisfactionRegisteration - 400033261825 is satisfied with the Transaction ID 200298504915
14:44:19.567 [AWT-EventQueue-0] INFO  com.satfnRegBot.automationScripts.SatisfactionRegisteration - 400039663961 is satisfied with the Transaction ID 200298504964
14:44:33.276 [AWT-EventQueue-0] INFO  com.satfnRegBot.automationScripts.SatisfactionRegisteration - 400060755439 is satisfied with the Transaction ID 200298505009
14:44:35.775 [AWT-EventQueue-0] INFO  com.satfnRegBot.automationScripts.SatisfactionRegisteration - 400038167253 is already satisfied
14:44:48.202 [AWT-EventQueue-0] INFO  com.satfnRegBot.automationScripts.SatisfactionRegisteration - 400039761030 is satisfied with the Transaction ID 200298505058
16:42:53.589 [AWT-EventQueue-0] INFO  com.satfnRegBot.automationScripts.SatisfactionRegisteration - https://www.cersai.org.in/CERSAI/home.prg URL Opened Successfully in chrome browser
16:43:27.736 [AWT-EventQueue-0] INFO  com.satfnRegBot.automationScripts.SatisfactionRegisteration - 400033210797 is already satisfied
16:43:28.995 [AWT-EventQueue-0] INFO  com.satfnRegBot.automationScripts.SatisfactionRegisteration - 400039235403 is already satisfied
16:43:41.199 [AWT-EventQueue-0] INFO  com.satfnRegBot.automationScripts.SatisfactionRegisteration - 400060975455 is satisfied with the Transaction ID 200298541873
16:43:54.708 [AWT-EventQueue-0] INFO  com.satfnRegBot.automationScripts.SatisfactionRegisteration - 400061284894 is satisfied with the Transaction ID 200298541922
16:44:08.377 [AWT-EventQueue-0] INFO  com.satfnRegBot.automationScripts.SatisfactionRegisteration - 400061652920 is satisfied with the Transaction ID 200298541992
16:44:21.578 [AWT-EventQueue-0] INFO  com.satfnRegBot.automationScripts.SatisfactionRegisteration - 400070516400 is satisfied with the Transaction ID 200298542044
16:44:34.687 [AWT-EventQueue-0] INFO  com.satfnRegBot.automationScripts.SatisfactionRegisteration - 400039601248 is satisfied with the Transaction ID 200298542105
16:44:47.943 [AWT-EventQueue-0] INFO  com.satfnRegBot.automationScripts.SatisfactionRegisteration - 400072926637 is satisfied with the Transaction ID 200298542160
16:45:01.062 [AWT-EventQueue-0] INFO  com.satfnRegBot.automationScripts.SatisfactionRegisteration - 400022786596 is satisfied with the Transaction ID 200298542223
16:45:15.563 [AWT-EventQueue-0] INFO  com.satfnRegBot.automationScripts.SatisfactionRegisteration - 400064005169 is satisfied with the Transaction ID 200298542282
16:45:28.504 [AWT-EventQueue-0] INFO  com.satfnRegBot.automationScripts.SatisfactionRegisteration - 400039646173 is satisfied with the Transaction ID 200298542353
16:45:41.953 [AWT-EventQueue-0] INFO  com.satfnRegBot.automationScripts.SatisfactionRegisteration - 400035215351 is satisfied with the Transaction ID 200298542417
16:45:54.887 [AWT-EventQueue-0] INFO  com.satfnRegBot.automationScripts.SatisfactionRegisteration - 400025143531 is satisfied with the Transaction ID 200298542473
16:46:07.487 [AWT-EventQueue-0] INFO  com.satfnRegBot.automationScripts.SatisfactionRegisteration - 400061240227 is satisfied with the Transaction ID 200298542535
16:46:20.371 [AWT-EventQueue-0] INFO  com.satfnRegBot.automationScripts.SatisfactionRegisteration - 400069777514 is satisfied with the Transaction ID 200298542596
16:46:33.428 [AWT-EventQueue-0] INFO  com.satfnRegBot.automationScripts.SatisfactionRegisteration - 400064807676 is satisfied with the Transaction ID 200298542661
16:46:46.064 [AWT-EventQueue-0] INFO  com.satfnRegBot.automationScripts.SatisfactionRegisteration - 400024895068 is satisfied with the Transaction ID 200298542712
16:46:59.075 [AWT-EventQueue-0] INFO  com.satfnRegBot.automationScripts.SatisfactionRegisteration - 400060754870 is satisfied with the Transaction ID 200298542783
16:47:12.267 [AWT-EventQueue-0] INFO  com.satfnRegBot.automationScripts.SatisfactionRegisteration - 400072726668 is satisfied with the Transaction ID 200298542852
16:47:24.970 [AWT-EventQueue-0] INFO  com.satfnRegBot.automationScripts.SatisfactionRegisteration - 400025815360 is satisfied with the Transaction ID 200298542925
16:47:26.687 [AWT-EventQueue-0] INFO  com.satfnRegBot.automationScripts.SatisfactionRegisteration - 400033143260 is already satisfied
16:47:27.387 [AWT-EventQueue-0] INFO  com.satfnRegBot.automationScripts.SatisfactionRegisteration - 400021268772 is already satisfied
16:47:39.407 [AWT-EventQueue-0] INFO  com.satfnRegBot.automationScripts.SatisfactionRegisteration - 400062501282 is satisfied with the Transaction ID 200298543008
16:47:41.166 [AWT-EventQueue-0] INFO  com.satfnRegBot.automationScripts.SatisfactionRegisteration - 400039660602 is already satisfied
17:07:02.583 [AWT-EventQueue-0] INFO  com.satfnRegBot.automationScripts.SatisfactionRegisteration - https://www.cersai.org.in/CERSAI/home.prg URL Opened Successfully in chrome browser
17:07:51.309 [AWT-EventQueue-0] INFO  com.satfnRegBot.automationScripts.SatisfactionRegisteration - 400061107522 is satisfied with the Transaction ID 200298548719
17:08:10.302 [AWT-EventQueue-0] INFO  com.satfnRegBot.automationScripts.SatisfactionRegisteration - 400063306426 is satisfied with the Transaction ID 200298548826
17:08:28.850 [AWT-EventQueue-0] INFO  com.satfnRegBot.automationScripts.SatisfactionRegisteration - 400038995874 is satisfied with the Transaction ID 200298548923
17:08:47.229 [AWT-EventQueue-0] INFO  com.satfnRegBot.automationScripts.SatisfactionRegisteration - 400061863766 is satisfied with the Transaction ID 200298549005
17:08:50.073 [AWT-EventQueue-0] INFO  com.satfnRegBot.automationScripts.SatisfactionRegisteration - 400021032713 is already satisfied
17:09:07.842 [AWT-EventQueue-0] INFO  com.satfnRegBot.automationScripts.SatisfactionRegisteration - 400023994971 is satisfied with the Transaction ID 200298549103
17:09:10.092 [AWT-EventQueue-0] INFO  com.satfnRegBot.automationScripts.SatisfactionRegisteration - 400060589796 is already satisfied
17:09:27.671 [AWT-EventQueue-0] INFO  com.satfnRegBot.automationScripts.SatisfactionRegisteration - 400060531896 is satisfied with the Transaction ID 200298549208
17:09:30.140 [AWT-EventQueue-0] INFO  com.satfnRegBot.automationScripts.SatisfactionRegisteration - 400062748892 is already satisfied
17:09:47.343 [AWT-EventQueue-0] INFO  com.satfnRegBot.automationScripts.SatisfactionRegisteration - 400075418595 is satisfied with the Transaction ID 200298549299
17:10:09.947 [AWT-EventQueue-0] INFO  com.satfnRegBot.automationScripts.SatisfactionRegisteration - 400061630659 is satisfied with the Transaction ID 200298549381
17:10:28.481 [AWT-EventQueue-0] INFO  com.satfnRegBot.automationScripts.SatisfactionRegisteration - 400062300807 is satisfied with the Transaction ID 200298549503
17:10:31.084 [AWT-EventQueue-0] INFO  com.satfnRegBot.automationScripts.SatisfactionRegisteration - 400025635487 is already satisfied
17:10:52.837 [AWT-EventQueue-0] INFO  com.satfnRegBot.automationScripts.SatisfactionRegisteration - 400067420692 is satisfied with the Transaction ID 200298549578
17:11:12.127 [AWT-EventQueue-0] INFO  com.satfnRegBot.automationScripts.SatisfactionRegisteration - 400033165987 is satisfied with the Transaction ID 200298549690
17:11:30.555 [AWT-EventQueue-0] INFO  com.satfnRegBot.automationScripts.SatisfactionRegisteration - 400061711367 is satisfied with the Transaction ID 200298549773
17:11:49.234 [AWT-EventQueue-0] INFO  com.satfnRegBot.automationScripts.SatisfactionRegisteration - 400071036180 is satisfied with the Transaction ID 200298549879
17:11:52.074 [AWT-EventQueue-0] INFO  com.satfnRegBot.automationScripts.SatisfactionRegisteration - 400039592273 is already satisfied
17:12:09.405 [AWT-EventQueue-0] INFO  com.satfnRegBot.automationScripts.SatisfactionRegisteration - 400069897825 is satisfied with the Transaction ID 200298549987
17:12:27.598 [AWT-EventQueue-0] INFO  com.satfnRegBot.automationScripts.SatisfactionRegisteration - 400070903001 is satisfied with the Transaction ID 200298550076
17:12:45.938 [AWT-EventQueue-0] INFO  com.satfnRegBot.automationScripts.SatisfactionRegisteration - 400038755385 is satisfied with the Transaction ID 200298550162
17:12:49.087 [AWT-EventQueue-0] INFO  com.satfnRegBot.automationScripts.SatisfactionRegisteration - 400028194885 is already satisfied
17:13:06.320 [AWT-EventQueue-0] INFO  com.satfnRegBot.automationScripts.SatisfactionRegisteration - 400025576776 is satisfied with the Transaction ID 200298550242
17:13:24.415 [AWT-EventQueue-0] INFO  com.satfnRegBot.automationScripts.SatisfactionRegisteration - 400071472506 is satisfied with the Transaction ID 200298550335
17:13:42.750 [AWT-EventQueue-0] INFO  com.satfnRegBot.automationScripts.SatisfactionRegisteration - 400038381638 is satisfied with the Transaction ID 200298550422
17:14:01.333 [AWT-EventQueue-0] INFO  com.satfnRegBot.automationScripts.SatisfactionRegisteration - 400064600055 is satisfied with the Transaction ID 200298550516
17:14:20.766 [AWT-EventQueue-0] INFO  com.satfnRegBot.automationScripts.SatisfactionRegisteration - 400063169544 is satisfied with the Transaction ID 200298550640
17:14:39.853 [AWT-EventQueue-0] INFO  com.satfnRegBot.automationScripts.SatisfactionRegisteration - 400064692208 is satisfied with the Transaction ID 200298550740
17:14:58.311 [AWT-EventQueue-0] INFO  com.satfnRegBot.automationScripts.SatisfactionRegisteration - 400032889713 is satisfied with the Transaction ID 200298550842
17:15:17.757 [AWT-EventQueue-0] INFO  com.satfnRegBot.automationScripts.SatisfactionRegisteration - 400063404827 is satisfied with the Transaction ID 200298550934
17:15:20.058 [AWT-EventQueue-0] INFO  com.satfnRegBot.automationScripts.SatisfactionRegisteration - 400021928289 is already satisfied
17:15:37.009 [AWT-EventQueue-0] INFO  com.satfnRegBot.automationScripts.SatisfactionRegisteration - 400023505333 is satisfied with the Transaction ID 200298551021
17:15:41.067 [AWT-EventQueue-0] INFO  com.satfnRegBot.automationScripts.SatisfactionRegisteration - 400036514263 is already satisfied
17:15:42.098 [AWT-EventQueue-0] INFO  com.satfnRegBot.automationScripts.SatisfactionRegisteration - 400021496318 is already satisfied
17:15:59.535 [AWT-EventQueue-0] INFO  com.satfnRegBot.automationScripts.SatisfactionRegisteration - 400039200728 is satisfied with the Transaction ID 200298551125
17:16:18.204 [AWT-EventQueue-0] INFO  com.satfnRegBot.automationScripts.SatisfactionRegisteration - 400072848522 is satisfied with the Transaction ID 200298551205
17:16:37.306 [AWT-EventQueue-0] INFO  com.satfnRegBot.automationScripts.SatisfactionRegisteration - 400061652632 is satisfied with the Transaction ID 200298551293
17:16:56.807 [AWT-EventQueue-0] INFO  com.satfnRegBot.automationScripts.SatisfactionRegisteration - 400064605696 is satisfied with the Transaction ID 200298551400
17:17:14.512 [AWT-EventQueue-0] INFO  com.satfnRegBot.automationScripts.SatisfactionRegisteration - 400061207486 is satisfied with the Transaction ID 200298551484
17:17:33.557 [AWT-EventQueue-0] INFO  com.satfnRegBot.automationScripts.SatisfactionRegisteration - 400070508450 is satisfied with the Transaction ID 200298551560
17:17:51.993 [AWT-EventQueue-0] INFO  com.satfnRegBot.automationScripts.SatisfactionRegisteration - 400025817102 is satisfied with the Transaction ID 200298551644
17:18:10.488 [AWT-EventQueue-0] INFO  com.satfnRegBot.automationScripts.SatisfactionRegisteration - 400032890544 is satisfied with the Transaction ID 200298551740
17:19:01.030 [AWT-EventQueue-0] INFO  com.satfnRegBot.automationScripts.SatisfactionRegisteration - 400039256022 is satisfied with the Transaction ID 200298551952
17:19:15.166 [AWT-EventQueue-0] INFO  com.satfnRegBot.automationScripts.SatisfactionRegisteration - 400021511808 is satisfied with the Transaction ID 200298552011
17:19:27.930 [AWT-EventQueue-0] INFO  com.satfnRegBot.automationScripts.SatisfactionRegisteration - 400021498611 is satisfied with the Transaction ID 200298552081
17:19:41.770 [AWT-EventQueue-0] INFO  com.satfnRegBot.automationScripts.SatisfactionRegisteration - 400021781334 is satisfied with the Transaction ID 200298552155
17:19:43.745 [AWT-EventQueue-0] INFO  com.satfnRegBot.automationScripts.SatisfactionRegisteration - 400020515972 is already satisfied
17:19:44.539 [AWT-EventQueue-0] INFO  com.satfnRegBot.automationScripts.SatisfactionRegisteration - 400026381455 is already satisfied
17:19:56.863 [AWT-EventQueue-0] INFO  com.satfnRegBot.automationScripts.SatisfactionRegisteration - 400063396933 is satisfied with the Transaction ID 200298552229
17:19:58.982 [AWT-EventQueue-0] INFO  com.satfnRegBot.automationScripts.SatisfactionRegisteration - 400065019554 is already satisfied
17:20:13.187 [AWT-EventQueue-0] INFO  com.satfnRegBot.automationScripts.SatisfactionRegisteration - 400061684973 is satisfied with the Transaction ID 200298552288
17:20:27.896 [AWT-EventQueue-0] INFO  com.satfnRegBot.automationScripts.SatisfactionRegisteration - 400061031619 is satisfied with the Transaction ID 200298552378
17:20:40.998 [AWT-EventQueue-0] INFO  com.satfnRegBot.automationScripts.SatisfactionRegisteration - 400061708384 is satisfied with the Transaction ID 200298552456
17:20:55.059 [AWT-EventQueue-0] INFO  com.satfnRegBot.automationScripts.SatisfactionRegisteration - 400061210345 is satisfied with the Transaction ID 200298552504
17:20:57.050 [AWT-EventQueue-0] INFO  com.satfnRegBot.automationScripts.SatisfactionRegisteration - 400033017537 is already satisfied
17:21:10.952 [AWT-EventQueue-0] INFO  com.satfnRegBot.automationScripts.SatisfactionRegisteration - 400039167689 is satisfied with the Transaction ID 200298552593
17:21:23.868 [AWT-EventQueue-0] INFO  com.satfnRegBot.automationScripts.SatisfactionRegisteration - 400050564500 is satisfied with the Transaction ID 200298552650
17:21:28.577 [AWT-EventQueue-0] INFO  com.satfnRegBot.automationScripts.SatisfactionRegisteration - 400033014444 is already satisfied
17:21:40.614 [AWT-EventQueue-0] INFO  com.satfnRegBot.automationScripts.SatisfactionRegisteration - 400026465908 is satisfied with the Transaction ID 200298552727
17:21:54.518 [AWT-EventQueue-0] INFO  com.satfnRegBot.automationScripts.SatisfactionRegisteration - 400028197674 is satisfied with the Transaction ID 200298552807
17:22:07.332 [AWT-EventQueue-0] INFO  com.satfnRegBot.automationScripts.SatisfactionRegisteration - 400062629647 is satisfied with the Transaction ID 200298552911
17:22:20.957 [AWT-EventQueue-0] INFO  com.satfnRegBot.automationScripts.SatisfactionRegisteration - 400021733341 is satisfied with the Transaction ID 200298552998
17:22:34.055 [AWT-EventQueue-0] INFO  com.satfnRegBot.automationScripts.SatisfactionRegisteration - 400064591440 is satisfied with the Transaction ID 200298553098
17:22:48.961 [AWT-EventQueue-0] INFO  com.satfnRegBot.automationScripts.SatisfactionRegisteration - 400061210574 is satisfied with the Transaction ID 200298553209
17:23:02.909 [AWT-EventQueue-0] INFO  com.satfnRegBot.automationScripts.SatisfactionRegisteration - 400027219029 is satisfied with the Transaction ID 200298553328
17:23:08.338 [AWT-EventQueue-0] INFO  com.satfnRegBot.automationScripts.SatisfactionRegisteration - 400062278233 is already satisfied
17:23:20.647 [AWT-EventQueue-0] INFO  com.satfnRegBot.automationScripts.SatisfactionRegisteration - 400066608364 is satisfied with the Transaction ID 200298553455
17:23:34.790 [AWT-EventQueue-0] INFO  com.satfnRegBot.automationScripts.SatisfactionRegisteration - 400064600295 is satisfied with the Transaction ID 200298553546
17:23:50.057 [AWT-EventQueue-0] INFO  com.satfnRegBot.automationScripts.SatisfactionRegisteration - 400029641993 is satisfied with the Transaction ID 200298553633
17:24:05.269 [AWT-EventQueue-0] INFO  com.satfnRegBot.automationScripts.SatisfactionRegisteration - 400037917521 is satisfied with the Transaction ID 200298553707
17:24:18.673 [AWT-EventQueue-0] INFO  com.satfnRegBot.automationScripts.SatisfactionRegisteration - 400023787017 is satisfied with the Transaction ID 200298553783
17:24:33.543 [AWT-EventQueue-0] INFO  com.satfnRegBot.automationScripts.SatisfactionRegisteration - 400063178243 is satisfied with the Transaction ID 200298553849
17:24:47.792 [AWT-EventQueue-0] INFO  com.satfnRegBot.automationScripts.SatisfactionRegisteration - 400061276349 is satisfied with the Transaction ID 200298553930
17:25:01.112 [AWT-EventQueue-0] INFO  com.satfnRegBot.automationScripts.SatisfactionRegisteration - 400061210901 is satisfied with the Transaction ID 200298554000
17:25:14.400 [AWT-EventQueue-0] INFO  com.satfnRegBot.automationScripts.SatisfactionRegisteration - 400069345829 is satisfied with the Transaction ID 200298554066
17:25:28.100 [AWT-EventQueue-0] INFO  com.satfnRegBot.automationScripts.SatisfactionRegisteration - 400069257683 is satisfied with the Transaction ID 200298554157
17:25:42.380 [AWT-EventQueue-0] INFO  com.satfnRegBot.automationScripts.SatisfactionRegisteration - 400072381367 is satisfied with the Transaction ID 200298554202
17:25:56.473 [AWT-EventQueue-0] INFO  com.satfnRegBot.automationScripts.SatisfactionRegisteration - 400039265502 is satisfied with the Transaction ID 200298554278
17:26:09.770 [AWT-EventQueue-0] INFO  com.satfnRegBot.automationScripts.SatisfactionRegisteration - 400029580020 is satisfied with the Transaction ID 200298554344
17:26:23.198 [AWT-EventQueue-0] INFO  com.satfnRegBot.automationScripts.SatisfactionRegisteration - 400061588399 is satisfied with the Transaction ID 200298554415
17:26:36.647 [AWT-EventQueue-0] INFO  com.satfnRegBot.automationScripts.SatisfactionRegisteration - 400060533757 is satisfied with the Transaction ID 200298554467
17:26:49.996 [AWT-EventQueue-0] INFO  com.satfnRegBot.automationScripts.SatisfactionRegisteration - 400061875103 is satisfied with the Transaction ID 200298554533
17:27:04.467 [AWT-EventQueue-0] INFO  com.satfnRegBot.automationScripts.SatisfactionRegisteration - 400035366464 is satisfied with the Transaction ID 200298554585
17:27:19.800 [AWT-EventQueue-0] INFO  com.satfnRegBot.automationScripts.SatisfactionRegisteration - 400026248683 is satisfied with the Transaction ID 200298554663
17:27:34.297 [AWT-EventQueue-0] INFO  com.satfnRegBot.automationScripts.SatisfactionRegisteration - 400063440621 is satisfied with the Transaction ID 200298554721
17:27:48.184 [AWT-EventQueue-0] INFO  com.satfnRegBot.automationScripts.SatisfactionRegisteration - 400069594251 is satisfied with the Transaction ID 200298554767
17:28:01.990 [AWT-EventQueue-0] INFO  com.satfnRegBot.automationScripts.SatisfactionRegisteration - 400023789378 is satisfied with the Transaction ID 200298554825
17:28:15.454 [AWT-EventQueue-0] INFO  com.satfnRegBot.automationScripts.SatisfactionRegisteration - 400075153145 is satisfied with the Transaction ID 200298554890
17:28:28.701 [AWT-EventQueue-0] INFO  com.satfnRegBot.automationScripts.SatisfactionRegisteration - 400025669825 is satisfied with the Transaction ID 200298554947
17:28:42.294 [AWT-EventQueue-0] INFO  com.satfnRegBot.automationScripts.SatisfactionRegisteration - 400063956515 is satisfied with the Transaction ID 200298554996
17:28:59.134 [AWT-EventQueue-0] INFO  com.satfnRegBot.automationScripts.SatisfactionRegisteration - 400016611699 is satisfied with the Transaction ID 200298555086
17:29:12.477 [AWT-EventQueue-0] INFO  com.satfnRegBot.automationScripts.SatisfactionRegisteration - 400017264579 is satisfied with the Transaction ID 200298555148
17:29:25.767 [AWT-EventQueue-0] INFO  com.satfnRegBot.automationScripts.SatisfactionRegisteration - 400060756421 is satisfied with the Transaction ID 200298555208
17:29:27.943 [AWT-EventQueue-0] INFO  com.satfnRegBot.automationScripts.SatisfactionRegisteration - 400028301480 is already satisfied
17:29:40.940 [AWT-EventQueue-0] INFO  com.satfnRegBot.automationScripts.SatisfactionRegisteration - 400070182370 is satisfied with the Transaction ID 200298555291
17:29:54.155 [AWT-EventQueue-0] INFO  com.satfnRegBot.automationScripts.SatisfactionRegisteration - 400021758994 is satisfied with the Transaction ID 200298555351
17:30:15.413 [AWT-EventQueue-0] INFO  com.satfnRegBot.automationScripts.SatisfactionRegisteration - 400061312755 is satisfied with the Transaction ID 200298555396
17:30:30.657 [AWT-EventQueue-0] INFO  com.satfnRegBot.automationScripts.SatisfactionRegisteration - 400064180228 is satisfied with the Transaction ID 200298555504
17:30:45.224 [AWT-EventQueue-0] INFO  com.satfnRegBot.automationScripts.SatisfactionRegisteration - 400061310263 is satisfied with the Transaction ID 200298555559
17:30:59.644 [AWT-EventQueue-0] INFO  com.satfnRegBot.automationScripts.SatisfactionRegisteration - 400061303526 is satisfied with the Transaction ID 200298555615
17:31:13.635 [AWT-EventQueue-0] INFO  com.satfnRegBot.automationScripts.SatisfactionRegisteration - 400060992018 is satisfied with the Transaction ID 200298555677
17:31:36.098 [AWT-EventQueue-0] INFO  com.satfnRegBot.automationScripts.SatisfactionRegisteration - 400060928886 is satisfied with the Transaction ID 200298555737
17:31:49.956 [AWT-EventQueue-0] INFO  com.satfnRegBot.automationScripts.SatisfactionRegisteration - 400060686988 is satisfied with the Transaction ID 200298555847
17:32:04.913 [AWT-EventQueue-0] INFO  com.satfnRegBot.automationScripts.SatisfactionRegisteration - 400028695319 is satisfied with the Transaction ID 200298555911
17:32:19.448 [AWT-EventQueue-0] INFO  com.satfnRegBot.automationScripts.SatisfactionRegisteration - 400062391846 is satisfied with the Transaction ID 200298555978
17:32:35.381 [AWT-EventQueue-0] INFO  com.satfnRegBot.automationScripts.SatisfactionRegisteration - 400024900843 is satisfied with the Transaction ID 200298556036
17:32:50.202 [AWT-EventQueue-0] INFO  com.satfnRegBot.automationScripts.SatisfactionRegisteration - 400023787947 is satisfied with the Transaction ID 200298556094
17:32:53.378 [AWT-EventQueue-0] INFO  com.satfnRegBot.automationScripts.SatisfactionRegisteration - 400061074338 is already satisfied
17:33:05.511 [AWT-EventQueue-0] INFO  com.satfnRegBot.automationScripts.SatisfactionRegisteration - 400024533307 is satisfied with the Transaction ID 200298556170
17:33:20.391 [AWT-EventQueue-0] INFO  com.satfnRegBot.automationScripts.SatisfactionRegisteration - 400064749084 is satisfied with the Transaction ID 200298556233
17:33:34.893 [AWT-EventQueue-0] INFO  com.satfnRegBot.automationScripts.SatisfactionRegisteration - 400017198238 is satisfied with the Transaction ID 200298556289
17:33:38.397 [AWT-EventQueue-0] INFO  com.satfnRegBot.automationScripts.SatisfactionRegisteration - 400023416948 is already satisfied
17:33:50.854 [AWT-EventQueue-0] INFO  com.satfnRegBot.automationScripts.SatisfactionRegisteration - 400060571923 is satisfied with the Transaction ID 200298556356
17:34:05.384 [AWT-EventQueue-0] INFO  com.satfnRegBot.automationScripts.SatisfactionRegisteration - 400037202722 is satisfied with the Transaction ID 200298556418
17:34:20.382 [AWT-EventQueue-0] INFO  com.satfnRegBot.automationScripts.SatisfactionRegisteration - 400064144442 is satisfied with the Transaction ID 200298556482
17:34:36.870 [AWT-EventQueue-0] INFO  com.satfnRegBot.automationScripts.SatisfactionRegisteration - 400025737700 is satisfied with the Transaction ID 200298556574
17:34:52.715 [AWT-EventQueue-0] INFO  com.satfnRegBot.automationScripts.SatisfactionRegisteration - 400061391612 is satisfied with the Transaction ID 200298556640
17:35:06.782 [AWT-EventQueue-0] INFO  com.satfnRegBot.automationScripts.SatisfactionRegisteration - 400060693123 is satisfied with the Transaction ID 200298556688
17:35:20.795 [AWT-EventQueue-0] INFO  com.satfnRegBot.automationScripts.SatisfactionRegisteration - 400063227824 is satisfied with the Transaction ID 200298556741
17:35:34.283 [AWT-EventQueue-0] INFO  com.satfnRegBot.automationScripts.SatisfactionRegisteration - 400069186500 is satisfied with the Transaction ID 200298556787
17:35:47.720 [AWT-EventQueue-0] INFO  com.satfnRegBot.automationScripts.SatisfactionRegisteration - 400033590808 is satisfied with the Transaction ID 200298556833
17:36:01.637 [AWT-EventQueue-0] INFO  com.satfnRegBot.automationScripts.SatisfactionRegisteration - 400039420028 is satisfied with the Transaction ID 200298556902
17:36:04.608 [AWT-EventQueue-0] INFO  com.satfnRegBot.automationScripts.SatisfactionRegisteration - 400039183126 is already satisfied
17:36:16.495 [AWT-EventQueue-0] INFO  com.satfnRegBot.automationScripts.SatisfactionRegisteration - 400063422798 is satisfied with the Transaction ID 200298556957
17:36:29.895 [AWT-EventQueue-0] INFO  com.satfnRegBot.automationScripts.SatisfactionRegisteration - 400069723128 is satisfied with the Transaction ID 200298557004
17:36:42.949 [AWT-EventQueue-0] INFO  com.satfnRegBot.automationScripts.SatisfactionRegisteration - 400025847146 is satisfied with the Transaction ID 200298557073
17:36:44.886 [AWT-EventQueue-0] INFO  com.satfnRegBot.automationScripts.SatisfactionRegisteration - 400025918436 is already satisfied
17:36:45.558 [AWT-EventQueue-0] INFO  com.satfnRegBot.automationScripts.SatisfactionRegisteration - 400039420074 is already satisfied
17:36:57.279 [AWT-EventQueue-0] INFO  com.satfnRegBot.automationScripts.SatisfactionRegisteration - 400061044270 is satisfied with the Transaction ID 200298557127
17:37:11.017 [AWT-EventQueue-0] INFO  com.satfnRegBot.automationScripts.SatisfactionRegisteration - 400069937226 is satisfied with the Transaction ID 200298557187
17:37:23.935 [AWT-EventQueue-0] INFO  com.satfnRegBot.automationScripts.SatisfactionRegisteration - 400064042025 is satisfied with the Transaction ID 200298557250
17:37:38.172 [AWT-EventQueue-0] INFO  com.satfnRegBot.automationScripts.SatisfactionRegisteration - 400066652900 is satisfied with the Transaction ID 200298557306
17:37:41.263 [AWT-EventQueue-0] INFO  com.satfnRegBot.automationScripts.SatisfactionRegisteration - 400032870677 is already satisfied
17:37:41.915 [AWT-EventQueue-0] INFO  com.satfnRegBot.automationScripts.SatisfactionRegisteration - 400023822156 is already satisfied
17:37:53.331 [AWT-EventQueue-0] INFO  com.satfnRegBot.automationScripts.SatisfactionRegisteration - 400026184706 is satisfied with the Transaction ID 200298557377
17:38:06.293 [AWT-EventQueue-0] INFO  com.satfnRegBot.automationScripts.SatisfactionRegisteration - 400061092205 is satisfied with the Transaction ID 200298557419
17:38:21.404 [AWT-EventQueue-0] INFO  com.satfnRegBot.automationScripts.SatisfactionRegisteration - 400022111100 is satisfied with the Transaction ID 200298557470
17:38:34.314 [AWT-EventQueue-0] INFO  com.satfnRegBot.automationScripts.SatisfactionRegisteration - 400024918512 is satisfied with the Transaction ID 200298557516
17:38:47.237 [AWT-EventQueue-0] INFO  com.satfnRegBot.automationScripts.SatisfactionRegisteration - 400039614146 is satisfied with the Transaction ID 200298557579
17:39:01.162 [AWT-EventQueue-0] INFO  com.satfnRegBot.automationScripts.SatisfactionRegisteration - 400026228577 is satisfied with the Transaction ID 200298557654
17:39:14.161 [AWT-EventQueue-0] INFO  com.satfnRegBot.automationScripts.SatisfactionRegisteration - 400069465699 is satisfied with the Transaction ID 200298557723
17:39:27.521 [AWT-EventQueue-0] INFO  com.satfnRegBot.automationScripts.SatisfactionRegisteration - 400073050196 is satisfied with the Transaction ID 200298557767
17:39:40.469 [AWT-EventQueue-0] INFO  com.satfnRegBot.automationScripts.SatisfactionRegisteration - 400039563423 is satisfied with the Transaction ID 200298557811
17:39:42.742 [AWT-EventQueue-0] INFO  com.satfnRegBot.automationScripts.SatisfactionRegisteration - 400020525860 is already satisfied
17:39:54.186 [AWT-EventQueue-0] INFO  com.satfnRegBot.automationScripts.SatisfactionRegisteration - 400026459056 is satisfied with the Transaction ID 200298557864
17:40:12.905 [AWT-EventQueue-0] INFO  com.satfnRegBot.automationScripts.SatisfactionRegisteration - 400022300170 is satisfied with the Transaction ID 200298557904
17:40:26.711 [AWT-EventQueue-0] INFO  com.satfnRegBot.automationScripts.SatisfactionRegisteration - 400033032663 is satisfied with the Transaction ID 200298557973
17:40:39.795 [AWT-EventQueue-0] INFO  com.satfnRegBot.automationScripts.SatisfactionRegisteration - 400069344415 is satisfied with the Transaction ID 200298558017
17:40:42.694 [AWT-EventQueue-0] INFO  com.satfnRegBot.automationScripts.SatisfactionRegisteration - 400069753039 is already satisfied
17:40:54.405 [AWT-EventQueue-0] INFO  com.satfnRegBot.automationScripts.SatisfactionRegisteration - 400070585223 is satisfied with the Transaction ID 200298558066
17:41:07.846 [AWT-EventQueue-0] INFO  com.satfnRegBot.automationScripts.SatisfactionRegisteration - 400064179387 is satisfied with the Transaction ID 200298558125
17:41:20.876 [AWT-EventQueue-0] INFO  com.satfnRegBot.automationScripts.SatisfactionRegisteration - 400024355711 is satisfied with the Transaction ID 200298558167
17:41:34.504 [AWT-EventQueue-0] INFO  com.satfnRegBot.automationScripts.SatisfactionRegisteration - 400060092481 is satisfied with the Transaction ID 200298558211
17:41:49.467 [AWT-EventQueue-0] INFO  com.satfnRegBot.automationScripts.SatisfactionRegisteration - 400026458675 is satisfied with the Transaction ID 200298558272
17:41:52.069 [AWT-EventQueue-0] INFO  com.satfnRegBot.automationScripts.SatisfactionRegisteration - 400024567867 is already satisfied
17:42:03.702 [AWT-EventQueue-0] INFO  com.satfnRegBot.automationScripts.SatisfactionRegisteration - 400061693659 is satisfied with the Transaction ID 200298558333
17:42:16.903 [AWT-EventQueue-0] INFO  com.satfnRegBot.automationScripts.SatisfactionRegisteration - 400039469932 is satisfied with the Transaction ID 200298558384
17:42:19.436 [AWT-EventQueue-0] INFO  com.satfnRegBot.automationScripts.SatisfactionRegisteration - 400039171158 is already satisfied
17:42:20.081 [AWT-EventQueue-0] INFO  com.satfnRegBot.automationScripts.SatisfactionRegisteration - 400061652998 is already satisfied
17:42:32.070 [AWT-EventQueue-0] INFO  com.satfnRegBot.automationScripts.SatisfactionRegisteration - 400069847558 is satisfied with the Transaction ID 200298558445
17:42:48.197 [AWT-EventQueue-0] INFO  com.satfnRegBot.automationScripts.SatisfactionRegisteration - 400061710683 is satisfied with the Transaction ID 200298558502
17:43:01.845 [AWT-EventQueue-0] INFO  com.satfnRegBot.automationScripts.SatisfactionRegisteration - 400015718536 is satisfied with the Transaction ID 200298558553
17:43:18.092 [AWT-EventQueue-0] INFO  com.satfnRegBot.automationScripts.SatisfactionRegisteration - 400021698671 is satisfied with the Transaction ID 200298558626
17:43:34.407 [AWT-EventQueue-0] INFO  com.satfnRegBot.automationScripts.SatisfactionRegisteration - 400025754648 is satisfied with the Transaction ID 200298558696
17:43:49.708 [AWT-EventQueue-0] INFO  com.satfnRegBot.automationScripts.SatisfactionRegisteration - 400061321159 is satisfied with the Transaction ID 200298558772
17:44:03.733 [AWT-EventQueue-0] INFO  com.satfnRegBot.automationScripts.SatisfactionRegisteration - 400061590389 is satisfied with the Transaction ID 200298558829
17:44:17.302 [AWT-EventQueue-0] INFO  com.satfnRegBot.automationScripts.SatisfactionRegisteration - 400032283918 is satisfied with the Transaction ID 200298558889
17:44:31.089 [AWT-EventQueue-0] INFO  com.satfnRegBot.automationScripts.SatisfactionRegisteration - 400037866010 is satisfied with the Transaction ID 200298558940
17:44:44.881 [AWT-EventQueue-0] INFO  com.satfnRegBot.automationScripts.SatisfactionRegisteration - 400039782480 is satisfied with the Transaction ID 200298559014
17:45:00.663 [AWT-EventQueue-0] INFO  com.satfnRegBot.automationScripts.SatisfactionRegisteration - 400063714144 is satisfied with the Transaction ID 200298559074
17:45:15.797 [AWT-EventQueue-0] INFO  com.satfnRegBot.automationScripts.SatisfactionRegisteration - 400039541549 is satisfied with the Transaction ID 200298559140
17:45:29.363 [AWT-EventQueue-0] INFO  com.satfnRegBot.automationScripts.SatisfactionRegisteration - 400037791343 is satisfied with the Transaction ID 200298559214
17:45:32.298 [AWT-EventQueue-0] INFO  com.satfnRegBot.automationScripts.SatisfactionRegisteration - 400026340143 is already satisfied
17:45:44.556 [AWT-EventQueue-0] INFO  com.satfnRegBot.automationScripts.SatisfactionRegisteration - 400064549559 is satisfied with the Transaction ID 200298559266
17:46:10.145 [AWT-EventQueue-0] INFO  com.satfnRegBot.automationScripts.SatisfactionRegisteration - 400070070312 is satisfied with the Transaction ID 200298559316
17:46:24.160 [AWT-EventQueue-0] INFO  com.satfnRegBot.automationScripts.SatisfactionRegisteration - 400039646645 is satisfied with the Transaction ID 200298559450
17:46:37.578 [AWT-EventQueue-0] INFO  com.satfnRegBot.automationScripts.SatisfactionRegisteration - 400022177891 is satisfied with the Transaction ID 200298559536
17:46:51.562 [AWT-EventQueue-0] INFO  com.satfnRegBot.automationScripts.SatisfactionRegisteration - 400022890969 is satisfied with the Transaction ID 200298559606
17:46:54.155 [AWT-EventQueue-0] INFO  com.satfnRegBot.automationScripts.SatisfactionRegisteration - 400061049289 is already satisfied
17:47:06.192 [AWT-EventQueue-0] INFO  com.satfnRegBot.automationScripts.SatisfactionRegisteration - 400014073173 is satisfied with the Transaction ID 200298559678
17:47:20.468 [AWT-EventQueue-0] INFO  com.satfnRegBot.automationScripts.SatisfactionRegisteration - 400020235352 is satisfied with the Transaction ID 200298559737
17:47:22.930 [AWT-EventQueue-0] INFO  com.satfnRegBot.automationScripts.SatisfactionRegisteration - 400024582324 is already satisfied
17:47:34.702 [AWT-EventQueue-0] INFO  com.satfnRegBot.automationScripts.SatisfactionRegisteration - 400020496440 is satisfied with the Transaction ID 200298559809
17:47:37.173 [AWT-EventQueue-0] INFO  com.satfnRegBot.automationScripts.SatisfactionRegisteration - 400018638910 is already satisfied
17:47:49.232 [AWT-EventQueue-0] INFO  com.satfnRegBot.automationScripts.SatisfactionRegisteration - 400066588459 is satisfied with the Transaction ID 200298559877
17:48:05.797 [AWT-EventQueue-0] INFO  com.satfnRegBot.automationScripts.SatisfactionRegisteration - 400032868263 is satisfied with the Transaction ID 200298559949
17:48:19.704 [AWT-EventQueue-0] INFO  com.satfnRegBot.automationScripts.SatisfactionRegisteration - 400064690353 is satisfied with the Transaction ID 200298560014
17:48:33.123 [AWT-EventQueue-0] INFO  com.satfnRegBot.automationScripts.SatisfactionRegisteration - 400067427830 is satisfied with the Transaction ID 200298560078
17:48:47.100 [AWT-EventQueue-0] INFO  com.satfnRegBot.automationScripts.SatisfactionRegisteration - 400069280032 is satisfied with the Transaction ID 200298560141
17:49:00.835 [AWT-EventQueue-0] INFO  com.satfnRegBot.automationScripts.SatisfactionRegisteration - 400061303283 is satisfied with the Transaction ID 200298560217
17:49:14.458 [AWT-EventQueue-0] INFO  com.satfnRegBot.automationScripts.SatisfactionRegisteration - 400027916026 is satisfied with the Transaction ID 200298560281
17:49:28.278 [AWT-EventQueue-0] INFO  com.satfnRegBot.automationScripts.SatisfactionRegisteration - 400033180062 is satisfied with the Transaction ID 200298560339
17:49:30.551 [AWT-EventQueue-0] INFO  com.satfnRegBot.automationScripts.SatisfactionRegisteration - 400032736506 is already satisfied
17:49:43.735 [AWT-EventQueue-0] INFO  com.satfnRegBot.automationScripts.SatisfactionRegisteration - 400072939506 is satisfied with the Transaction ID 200298560408
17:49:57.555 [AWT-EventQueue-0] INFO  com.satfnRegBot.automationScripts.SatisfactionRegisteration - 400061276316 is satisfied with the Transaction ID 200298560486
17:50:13.491 [AWT-EventQueue-0] INFO  com.satfnRegBot.automationScripts.SatisfactionRegisteration - 400033724788 is satisfied with the Transaction ID 200298560526
17:50:28.436 [AWT-EventQueue-0] INFO  com.satfnRegBot.automationScripts.SatisfactionRegisteration - 400062557552 is satisfied with the Transaction ID 200298560631
17:50:55.000 [AWT-EventQueue-0] INFO  com.satfnRegBot.automationScripts.SatisfactionRegisteration - 400039444930 is satisfied with the Transaction ID 200298560706
17:51:09.119 [AWT-EventQueue-0] INFO  com.satfnRegBot.automationScripts.SatisfactionRegisteration - 400015412294 is satisfied with the Transaction ID 200298560828
13:09:52.673 [AWT-EventQueue-0] INFO  com.satfnRegBot.automationScripts.SatisfactionRegisteration - https://www.cersai.org.in/CERSAI/home.prg URL Opened Successfully in chrome browser
13:10:37.478 [AWT-EventQueue-0] INFO  com.satfnRegBot.automationScripts.SatisfactionRegisteration - 400027944343 is satisfied with the Transaction ID 200298617237
13:10:51.576 [AWT-EventQueue-0] INFO  com.satfnRegBot.automationScripts.SatisfactionRegisteration - 400022085294 is satisfied with the Transaction ID 200298617298
13:10:54.914 [AWT-EventQueue-0] INFO  com.satfnRegBot.automationScripts.SatisfactionRegisteration - 400022097987 is already satisfied
13:11:07.965 [AWT-EventQueue-0] INFO  com.satfnRegBot.automationScripts.SatisfactionRegisteration - 400039780291 is satisfied with the Transaction ID 200298617345
13:11:22.170 [AWT-EventQueue-0] INFO  com.satfnRegBot.automationScripts.SatisfactionRegisteration - 400060904006 is satisfied with the Transaction ID 200298617380
13:11:35.722 [AWT-EventQueue-0] INFO  com.satfnRegBot.automationScripts.SatisfactionRegisteration - 400025699798 is satisfied with the Transaction ID 200298617421
13:11:49.228 [AWT-EventQueue-0] INFO  com.satfnRegBot.automationScripts.SatisfactionRegisteration - 400031240886 is satisfied with the Transaction ID 200298617462
13:12:02.983 [AWT-EventQueue-0] INFO  com.satfnRegBot.automationScripts.SatisfactionRegisteration - 400074903002 is satisfied with the Transaction ID 200298617512
13:12:15.986 [AWT-EventQueue-0] INFO  com.satfnRegBot.automationScripts.SatisfactionRegisteration - 400028195086 is satisfied with the Transaction ID 200298617581
13:12:29.271 [AWT-EventQueue-0] INFO  com.satfnRegBot.automationScripts.SatisfactionRegisteration - 400072970604 is satisfied with the Transaction ID 200298617641
13:12:42.330 [AWT-EventQueue-0] INFO  com.satfnRegBot.automationScripts.SatisfactionRegisteration - 400062807720 is satisfied with the Transaction ID 200298617674
13:12:55.660 [AWT-EventQueue-0] INFO  com.satfnRegBot.automationScripts.SatisfactionRegisteration - 400063229386 is satisfied with the Transaction ID 200298617719
13:12:57.248 [AWT-EventQueue-0] INFO  com.satfnRegBot.automationScripts.SatisfactionRegisteration - 400029928628 is already satisfied
13:13:09.162 [AWT-EventQueue-0] INFO  com.satfnRegBot.automationScripts.SatisfactionRegisteration - 400016046678 is satisfied with the Transaction ID 200298617774
13:13:21.999 [AWT-EventQueue-0] INFO  com.satfnRegBot.automationScripts.SatisfactionRegisteration - 400021413485 is satisfied with the Transaction ID 200298617828
13:13:34.868 [AWT-EventQueue-0] INFO  com.satfnRegBot.automationScripts.SatisfactionRegisteration - 400023509112 is satisfied with the Transaction ID 200298617874
13:13:47.944 [AWT-EventQueue-0] INFO  com.satfnRegBot.automationScripts.SatisfactionRegisteration - 400023505479 is satisfied with the Transaction ID 200298617917
13:14:01.213 [AWT-EventQueue-0] INFO  com.satfnRegBot.automationScripts.SatisfactionRegisteration - 400060756944 is satisfied with the Transaction ID 200298617969
13:14:14.174 [AWT-EventQueue-0] INFO  com.satfnRegBot.automationScripts.SatisfactionRegisteration - 400063278741 is satisfied with the Transaction ID 200298618020
13:14:27.654 [AWT-EventQueue-0] INFO  com.satfnRegBot.automationScripts.SatisfactionRegisteration - 400039506820 is satisfied with the Transaction ID 200298618072
13:14:40.775 [AWT-EventQueue-0] INFO  com.satfnRegBot.automationScripts.SatisfactionRegisteration - 400019188534 is satisfied with the Transaction ID 200298618129
13:14:53.679 [AWT-EventQueue-0] INFO  com.satfnRegBot.automationScripts.SatisfactionRegisteration - 400021222031 is satisfied with the Transaction ID 200298618173
13:15:06.665 [AWT-EventQueue-0] INFO  com.satfnRegBot.automationScripts.SatisfactionRegisteration - 400021767178 is satisfied with the Transaction ID 200298618220
13:15:19.499 [AWT-EventQueue-0] INFO  com.satfnRegBot.automationScripts.SatisfactionRegisteration - 400061339787 is satisfied with the Transaction ID 200298618277
13:15:32.768 [AWT-EventQueue-0] INFO  com.satfnRegBot.automationScripts.SatisfactionRegisteration - 400020802491 is satisfied with the Transaction ID 200298618340
13:15:45.815 [AWT-EventQueue-0] INFO  com.satfnRegBot.automationScripts.SatisfactionRegisteration - 400062229599 is satisfied with the Transaction ID 200298618381
13:15:58.666 [AWT-EventQueue-0] INFO  com.satfnRegBot.automationScripts.SatisfactionRegisteration - 400032846891 is satisfied with the Transaction ID 200298618430
13:16:11.643 [AWT-EventQueue-0] INFO  com.satfnRegBot.automationScripts.SatisfactionRegisteration - 400032888074 is satisfied with the Transaction ID 200298618488
13:16:13.473 [AWT-EventQueue-0] INFO  com.satfnRegBot.automationScripts.SatisfactionRegisteration - 400039102762 is already satisfied
13:16:14.216 [AWT-EventQueue-0] INFO  com.satfnRegBot.automationScripts.SatisfactionRegisteration - 400061234496 is already satisfied
13:16:26.189 [AWT-EventQueue-0] INFO  com.satfnRegBot.automationScripts.SatisfactionRegisteration - 400064801095 is satisfied with the Transaction ID 200298618537
13:16:39.170 [AWT-EventQueue-0] INFO  com.satfnRegBot.automationScripts.SatisfactionRegisteration - 400069421405 is satisfied with the Transaction ID 200298618577
13:16:52.268 [AWT-EventQueue-0] INFO  com.satfnRegBot.automationScripts.SatisfactionRegisteration - 400039284799 is satisfied with the Transaction ID 200298618628
13:17:05.234 [AWT-EventQueue-0] INFO  com.satfnRegBot.automationScripts.SatisfactionRegisteration - 400060946398 is satisfied with the Transaction ID 200298618671
13:17:18.392 [AWT-EventQueue-0] INFO  com.satfnRegBot.automationScripts.SatisfactionRegisteration - 400070623063 is satisfied with the Transaction ID 200298618724
13:17:31.224 [AWT-EventQueue-0] INFO  com.satfnRegBot.automationScripts.SatisfactionRegisteration - 400039558559 is satisfied with the Transaction ID 200298618774
13:17:45.101 [AWT-EventQueue-0] INFO  com.satfnRegBot.automationScripts.SatisfactionRegisteration - 400060928878 is satisfied with the Transaction ID 200298618815
13:17:57.939 [AWT-EventQueue-0] INFO  com.satfnRegBot.automationScripts.SatisfactionRegisteration - 400060732383 is satisfied with the Transaction ID 200298618858
13:18:11.012 [AWT-EventQueue-0] INFO  com.satfnRegBot.automationScripts.SatisfactionRegisteration - 400038922822 is satisfied with the Transaction ID 200298618902
13:18:13.148 [AWT-EventQueue-0] INFO  com.satfnRegBot.automationScripts.SatisfactionRegisteration - 400017843036 is already satisfied
13:18:13.900 [AWT-EventQueue-0] INFO  com.satfnRegBot.automationScripts.SatisfactionRegisteration - 400061880191 is already satisfied
13:18:25.922 [AWT-EventQueue-0] INFO  com.satfnRegBot.automationScripts.SatisfactionRegisteration - 400024923844 is satisfied with the Transaction ID 200298618959
13:18:38.808 [AWT-EventQueue-0] INFO  com.satfnRegBot.automationScripts.SatisfactionRegisteration - 400060981725 is satisfied with the Transaction ID 200298619003
13:18:40.547 [AWT-EventQueue-0] INFO  com.satfnRegBot.automationScripts.SatisfactionRegisteration - 400061683517 is already satisfied
13:18:41.283 [AWT-EventQueue-0] INFO  com.satfnRegBot.automationScripts.SatisfactionRegisteration - 400021920109 is already satisfied
13:18:42.015 [AWT-EventQueue-0] INFO  com.satfnRegBot.automationScripts.SatisfactionRegisteration - 400061640221 is already satisfied
13:18:53.922 [AWT-EventQueue-0] INFO  com.satfnRegBot.automationScripts.SatisfactionRegisteration - 400059690879 is satisfied with the Transaction ID 200298619067
13:18:55.743 [AWT-EventQueue-0] INFO  com.satfnRegBot.automationScripts.SatisfactionRegisteration - 400039436087 is already satisfied
13:18:56.496 [AWT-EventQueue-0] INFO  com.satfnRegBot.automationScripts.SatisfactionRegisteration - 400030416373 is already satisfied
13:19:08.502 [AWT-EventQueue-0] INFO  com.satfnRegBot.automationScripts.SatisfactionRegisteration - 400061037378 is satisfied with the Transaction ID 200298619113
13:19:10.329 [AWT-EventQueue-0] INFO  com.satfnRegBot.automationScripts.SatisfactionRegisteration - 400039502114 is already satisfied
13:19:23.193 [AWT-EventQueue-0] INFO  com.satfnRegBot.automationScripts.SatisfactionRegisteration - 400061316514 is satisfied with the Transaction ID 200298619156
13:19:36.324 [AWT-EventQueue-0] INFO  com.satfnRegBot.automationScripts.SatisfactionRegisteration - 400060570599 is satisfied with the Transaction ID 200298619195
13:19:49.685 [AWT-EventQueue-0] INFO  com.satfnRegBot.automationScripts.SatisfactionRegisteration - 400039255507 is satisfied with the Transaction ID 200298619238
13:19:51.592 [AWT-EventQueue-0] INFO  com.satfnRegBot.automationScripts.SatisfactionRegisteration - 400061720832 is already satisfied
13:20:03.772 [AWT-EventQueue-0] INFO  com.satfnRegBot.automationScripts.SatisfactionRegisteration - 400024901002 is satisfied with the Transaction ID 200298619297
