12:26:58.072 [AWT-EventQueue-0] INFO  com.satfnRegBot.automationScripts.SatisfactionRegisteration - WebElement could not be able to find in the webpage
12:27:25.320 [AWT-EventQueue-0] INFO  com.satfnRegBot.automationScripts.SatisfactionRegisteration - https://www.cersai.org.in/CERSAI/home.prg URL Opened Successfully in chrome browser
12:27:59.973 [AWT-EventQueue-0] INFO  com.satfnRegBot.automationScripts.SatisfactionRegisteration - WebElement could not be able to find in the webpage
12:28:33.859 [AWT-EventQueue-0] INFO  com.satfnRegBot.automationScripts.SatisfactionRegisteration - https://www.cersai.org.in/CERSAI/home.prg URL Opened Successfully in chrome browser
12:29:20.888 [AWT-EventQueue-0] INFO  com.satfnRegBot.automationScripts.SatisfactionRegisteration - 400061449779 is satisfied with the Transaction ID 200298138712
12:29:37.141 [AWT-EventQueue-0] INFO  com.satfnRegBot.automationScripts.SatisfactionRegisteration - 400061688968 is satisfied with the Transaction ID 200298138803
12:29:51.407 [AWT-EventQueue-0] INFO  com.satfnRegBot.automationScripts.SatisfactionRegisteration - 400060905370 is satisfied with the Transaction ID 200298138900
12:30:06.700 [AWT-EventQueue-0] INFO  com.satfnRegBot.automationScripts.SatisfactionRegisteration - 400061691960 is satisfied with the Transaction ID 200298138986
12:30:19.650 [AWT-EventQueue-0] INFO  com.satfnRegBot.automationScripts.SatisfactionRegisteration - 400061785601 is satisfied with the Transaction ID 200298139043
12:30:34.707 [AWT-EventQueue-0] INFO  com.satfnRegBot.automationScripts.SatisfactionRegisteration - 400061691579 is satisfied with the Transaction ID 200298139120
12:30:50.404 [AWT-EventQueue-0] INFO  com.satfnRegBot.automationScripts.SatisfactionRegisteration - 400061689487 is satisfied with the Transaction ID 200298139201
12:31:08.414 [AWT-EventQueue-0] INFO  com.satfnRegBot.automationScripts.SatisfactionRegisteration - 400061693076 is satisfied with the Transaction ID 200298139271
12:31:21.521 [AWT-EventQueue-0] INFO  com.satfnRegBot.automationScripts.SatisfactionRegisteration - 400066926725 is satisfied with the Transaction ID 200298139334
12:31:34.720 [AWT-EventQueue-0] INFO  com.satfnRegBot.automationScripts.SatisfactionRegisteration - 400067053901 is satisfied with the Transaction ID 200298139395
12:31:49.565 [AWT-EventQueue-0] INFO  com.satfnRegBot.automationScripts.SatisfactionRegisteration - 400061689287 is satisfied with the Transaction ID 200298139462
12:32:03.463 [AWT-EventQueue-0] INFO  com.satfnRegBot.automationScripts.SatisfactionRegisteration - 400061698411 is satisfied with the Transaction ID 200298139531
12:32:23.468 [AWT-EventQueue-0] INFO  com.satfnRegBot.automationScripts.SatisfactionRegisteration - 400060862279 is satisfied with the Transaction ID 200298139595
12:32:25.706 [AWT-EventQueue-0] INFO  com.satfnRegBot.automationScripts.SatisfactionRegisteration - 400029097626 is already satisfied
12:32:50.500 [AWT-EventQueue-0] INFO  com.satfnRegBot.automationScripts.SatisfactionRegisteration - 400039026109 is satisfied with the Transaction ID 200298139691
12:33:08.712 [AWT-EventQueue-0] INFO  com.satfnRegBot.automationScripts.SatisfactionRegisteration - 400063573520 is satisfied with the Transaction ID 200298139815
12:33:21.587 [AWT-EventQueue-0] INFO  com.satfnRegBot.automationScripts.SatisfactionRegisteration - 400025844966 is satisfied with the Transaction ID 200298139926
12:33:34.536 [AWT-EventQueue-0] INFO  com.satfnRegBot.automationScripts.SatisfactionRegisteration - 400028310302 is satisfied with the Transaction ID 200298140009
12:33:48.511 [AWT-EventQueue-0] INFO  com.satfnRegBot.automationScripts.SatisfactionRegisteration - 400064841733 is satisfied with the Transaction ID 200298140073
12:34:02.259 [AWT-EventQueue-0] INFO  com.satfnRegBot.automationScripts.SatisfactionRegisteration - 400024463675 is satisfied with the Transaction ID 200298140162
12:34:15.602 [AWT-EventQueue-0] INFO  com.satfnRegBot.automationScripts.SatisfactionRegisteration - 400061708004 is satisfied with the Transaction ID 200298140236
12:34:29.484 [AWT-EventQueue-0] INFO  com.satfnRegBot.automationScripts.SatisfactionRegisteration - 400029936675 is satisfied with the Transaction ID 200298140321
12:34:42.689 [AWT-EventQueue-0] INFO  com.satfnRegBot.automationScripts.SatisfactionRegisteration - 400032877173 is satisfied with the Transaction ID 200298140400
12:34:55.901 [AWT-EventQueue-0] INFO  com.satfnRegBot.automationScripts.SatisfactionRegisteration - 400063146492 is satisfied with the Transaction ID 200298140471
12:35:08.678 [AWT-EventQueue-0] INFO  com.satfnRegBot.automationScripts.SatisfactionRegisteration - 400039488946 is satisfied with the Transaction ID 200298140548
12:35:21.569 [AWT-EventQueue-0] INFO  com.satfnRegBot.automationScripts.SatisfactionRegisteration - 400064198193 is satisfied with the Transaction ID 200298140608
12:35:34.491 [AWT-EventQueue-0] INFO  com.satfnRegBot.automationScripts.SatisfactionRegisteration - 400061185347 is satisfied with the Transaction ID 200298140678
12:35:47.649 [AWT-EventQueue-0] INFO  com.satfnRegBot.automationScripts.SatisfactionRegisteration - 400062932050 is satisfied with the Transaction ID 200298140737
12:36:01.765 [AWT-EventQueue-0] INFO  com.satfnRegBot.automationScripts.SatisfactionRegisteration - 400039646169 is satisfied with the Transaction ID 200298140811
12:36:16.880 [AWT-EventQueue-0] INFO  com.satfnRegBot.automationScripts.SatisfactionRegisteration - 400060995786 is satisfied with the Transaction ID 200298140883
12:36:42.133 [AWT-EventQueue-0] INFO  com.satfnRegBot.automationScripts.SatisfactionRegisteration - 400060903975 is satisfied with the Transaction ID 200298140951
12:36:56.166 [AWT-EventQueue-0] INFO  com.satfnRegBot.automationScripts.SatisfactionRegisteration - 400039487122 is satisfied with the Transaction ID 200298141040
12:37:12.656 [AWT-EventQueue-0] INFO  com.satfnRegBot.automationScripts.SatisfactionRegisteration - 400050539940 is satisfied with the Transaction ID 200298141125
12:37:29.318 [AWT-EventQueue-0] INFO  com.satfnRegBot.automationScripts.SatisfactionRegisteration - 400038776207 is satisfied with the Transaction ID 200298141228
12:37:49.355 [AWT-EventQueue-0] INFO  com.satfnRegBot.automationScripts.SatisfactionRegisteration - 400069345501 is satisfied with the Transaction ID 200298141352
12:38:09.042 [AWT-EventQueue-0] INFO  com.satfnRegBot.automationScripts.SatisfactionRegisteration - 400039161747 is satisfied with the Transaction ID 200298141458
12:38:27.183 [AWT-EventQueue-0] INFO  com.satfnRegBot.automationScripts.SatisfactionRegisteration - 400024435989 is satisfied with the Transaction ID 200298141539
12:38:43.069 [AWT-EventQueue-0] INFO  com.satfnRegBot.automationScripts.SatisfactionRegisteration - 400066902979 is satisfied with the Transaction ID 200298141631
12:38:57.431 [AWT-EventQueue-0] INFO  com.satfnRegBot.automationScripts.SatisfactionRegisteration - 400015886834 is satisfied with the Transaction ID 200298141695
12:39:11.711 [AWT-EventQueue-0] INFO  com.satfnRegBot.automationScripts.SatisfactionRegisteration - 400039192912 is satisfied with the Transaction ID 200298141770
12:39:26.837 [AWT-EventQueue-0] INFO  com.satfnRegBot.automationScripts.SatisfactionRegisteration - 400061644506 is satisfied with the Transaction ID 200298141864
12:39:40.738 [AWT-EventQueue-0] INFO  com.satfnRegBot.automationScripts.SatisfactionRegisteration - 400060756955 is satisfied with the Transaction ID 200298141948
12:39:55.065 [AWT-EventQueue-0] INFO  com.satfnRegBot.automationScripts.SatisfactionRegisteration - 400039661470 is satisfied with the Transaction ID 200298142037
12:40:11.105 [AWT-EventQueue-0] INFO  com.satfnRegBot.automationScripts.SatisfactionRegisteration - 400039438008 is satisfied with the Transaction ID 200298142121
12:40:24.755 [AWT-EventQueue-0] INFO  com.satfnRegBot.automationScripts.SatisfactionRegisteration - 400039394592 is satisfied with the Transaction ID 200298142180
12:40:37.947 [AWT-EventQueue-0] INFO  com.satfnRegBot.automationScripts.SatisfactionRegisteration - 400039712580 is satisfied with the Transaction ID 200298142233
12:40:53.165 [AWT-EventQueue-0] INFO  com.satfnRegBot.automationScripts.SatisfactionRegisteration - 400061651932 is satisfied with the Transaction ID 200298142289
12:41:06.336 [AWT-EventQueue-0] INFO  com.satfnRegBot.automationScripts.SatisfactionRegisteration - 400022297224 is satisfied with the Transaction ID 200298142345
12:41:21.065 [AWT-EventQueue-0] INFO  com.satfnRegBot.automationScripts.SatisfactionRegisteration - 400022876225 is satisfied with the Transaction ID 200298142408
12:41:35.185 [AWT-EventQueue-0] INFO  com.satfnRegBot.automationScripts.SatisfactionRegisteration - 400061693218 is satisfied with the Transaction ID 200298142477
12:41:49.983 [AWT-EventQueue-0] INFO  com.satfnRegBot.automationScripts.SatisfactionRegisteration - 400024404790 is satisfied with the Transaction ID 200298142554
12:42:04.601 [AWT-EventQueue-0] INFO  com.satfnRegBot.automationScripts.SatisfactionRegisteration - 400024904322 is satisfied with the Transaction ID 200298142627
12:42:18.933 [AWT-EventQueue-0] INFO  com.satfnRegBot.automationScripts.SatisfactionRegisteration - 400039233050 is satisfied with the Transaction ID 200298142718
12:42:33.123 [AWT-EventQueue-0] INFO  com.satfnRegBot.automationScripts.SatisfactionRegisteration - 400072728899 is satisfied with the Transaction ID 200298142787
12:42:46.572 [AWT-EventQueue-0] INFO  com.satfnRegBot.automationScripts.SatisfactionRegisteration - 400061590085 is satisfied with the Transaction ID 200298142857
12:42:48.675 [AWT-EventQueue-0] INFO  com.satfnRegBot.automationScripts.SatisfactionRegisteration - 400024381484 is already satisfied
12:43:24.635 [AWT-EventQueue-0] INFO  com.satfnRegBot.automationScripts.SatisfactionRegisteration - 400039580258 is satisfied with the Transaction ID 200298143047
12:43:38.976 [AWT-EventQueue-0] INFO  com.satfnRegBot.automationScripts.SatisfactionRegisteration - 400063900481 is satisfied with the Transaction ID 200298143116
12:43:54.893 [AWT-EventQueue-0] INFO  com.satfnRegBot.automationScripts.SatisfactionRegisteration - 400038294506 is satisfied with the Transaction ID 200298143171
12:44:12.902 [AWT-EventQueue-0] INFO  com.satfnRegBot.automationScripts.SatisfactionRegisteration - 400070180248 is satisfied with the Transaction ID 200298143253
12:44:16.096 [AWT-EventQueue-0] INFO  com.satfnRegBot.automationScripts.SatisfactionRegisteration - 400062665991 is already satisfied
12:44:32.742 [AWT-EventQueue-0] INFO  com.satfnRegBot.automationScripts.SatisfactionRegisteration - 400063320161 is satisfied with the Transaction ID 200298143333
12:44:46.746 [AWT-EventQueue-0] INFO  com.satfnRegBot.automationScripts.SatisfactionRegisteration - 400070090610 is satisfied with the Transaction ID 200298143428
12:45:03.509 [AWT-EventQueue-0] INFO  com.satfnRegBot.automationScripts.SatisfactionRegisteration - 400062228839 is satisfied with the Transaction ID 200298143507
12:45:17.625 [AWT-EventQueue-0] INFO  com.satfnRegBot.automationScripts.SatisfactionRegisteration - 400020928739 is satisfied with the Transaction ID 200298143578
12:45:32.261 [AWT-EventQueue-0] INFO  com.satfnRegBot.automationScripts.SatisfactionRegisteration - 400032916059 is satisfied with the Transaction ID 200298143666
12:45:47.472 [AWT-EventQueue-0] INFO  com.satfnRegBot.automationScripts.SatisfactionRegisteration - 400061649280 is satisfied with the Transaction ID 200298143757
12:46:02.986 [AWT-EventQueue-0] INFO  com.satfnRegBot.automationScripts.SatisfactionRegisteration - 400020521195 is satisfied with the Transaction ID 200298143856
12:46:28.494 [AWT-EventQueue-0] INFO  com.satfnRegBot.automationScripts.SatisfactionRegisteration - 400021095221 is satisfied with the Transaction ID 200298143917
12:46:42.060 [AWT-EventQueue-0] INFO  com.satfnRegBot.automationScripts.SatisfactionRegisteration - 400038908343 is satisfied with the Transaction ID 200298144016
12:46:55.949 [AWT-EventQueue-0] INFO  com.satfnRegBot.automationScripts.SatisfactionRegisteration - 400069783966 is satisfied with the Transaction ID 200298144102
12:47:10.260 [AWT-EventQueue-0] INFO  com.satfnRegBot.automationScripts.SatisfactionRegisteration - 400039648838 is satisfied with the Transaction ID 200298144169
12:47:24.561 [AWT-EventQueue-0] INFO  com.satfnRegBot.automationScripts.SatisfactionRegisteration - 400066603679 is satisfied with the Transaction ID 200298144235
12:47:37.794 [AWT-EventQueue-0] INFO  com.satfnRegBot.automationScripts.SatisfactionRegisteration - 400024931240 is satisfied with the Transaction ID 200298144321
12:47:51.064 [AWT-EventQueue-0] INFO  com.satfnRegBot.automationScripts.SatisfactionRegisteration - 400075444197 is satisfied with the Transaction ID 200298144392
12:48:03.957 [AWT-EventQueue-0] INFO  com.satfnRegBot.automationScripts.SatisfactionRegisteration - 400073158898 is satisfied with the Transaction ID 200298144469
12:48:19.425 [AWT-EventQueue-0] INFO  com.satfnRegBot.automationScripts.SatisfactionRegisteration - 400060146006 is satisfied with the Transaction ID 200298144558
12:48:34.242 [AWT-EventQueue-0] INFO  com.satfnRegBot.automationScripts.SatisfactionRegisteration - 400066473296 is satisfied with the Transaction ID 200298144644
12:48:49.109 [AWT-EventQueue-0] INFO  com.satfnRegBot.automationScripts.SatisfactionRegisteration - 400020371620 is satisfied with the Transaction ID 200298144725
12:49:03.950 [AWT-EventQueue-0] INFO  com.satfnRegBot.automationScripts.SatisfactionRegisteration - 400061638390 is satisfied with the Transaction ID 200298144812
12:49:17.720 [AWT-EventQueue-0] INFO  com.satfnRegBot.automationScripts.SatisfactionRegisteration - 400069564254 is satisfied with the Transaction ID 200298144871
12:49:31.374 [AWT-EventQueue-0] INFO  com.satfnRegBot.automationScripts.SatisfactionRegisteration - 400036039208 is satisfied with the Transaction ID 200298144937
12:49:44.982 [AWT-EventQueue-0] INFO  com.satfnRegBot.automationScripts.SatisfactionRegisteration - 400031310541 is satisfied with the Transaction ID 200298145015
12:49:58.521 [AWT-EventQueue-0] INFO  com.satfnRegBot.automationScripts.SatisfactionRegisteration - 400038028868 is satisfied with the Transaction ID 200298145083
12:50:13.186 [AWT-EventQueue-0] INFO  com.satfnRegBot.automationScripts.SatisfactionRegisteration - 400062732310 is satisfied with the Transaction ID 200298145147
12:50:27.032 [AWT-EventQueue-0] INFO  com.satfnRegBot.automationScripts.SatisfactionRegisteration - 400038729971 is satisfied with the Transaction ID 200298145194
12:50:29.536 [AWT-EventQueue-0] INFO  com.satfnRegBot.automationScripts.SatisfactionRegisteration - 400039653586 is already satisfied
12:50:49.370 [AWT-EventQueue-0] INFO  com.satfnRegBot.automationScripts.SatisfactionRegisteration - 400039580674 is satisfied with the Transaction ID 200298145255
12:51:03.519 [AWT-EventQueue-0] INFO  com.satfnRegBot.automationScripts.SatisfactionRegisteration - 400039570175 is satisfied with the Transaction ID 200298145341
12:51:17.427 [AWT-EventQueue-0] INFO  com.satfnRegBot.automationScripts.SatisfactionRegisteration - 400032868517 is satisfied with the Transaction ID 200298145389
13:03:31.857 [AWT-EventQueue-0] INFO  com.satfnRegBot.automationScripts.SatisfactionRegisteration - https://www.cersai.org.in/CERSAI/home.prg URL Opened Successfully in chrome browser
13:04:08.057 [AWT-EventQueue-0] INFO  com.satfnRegBot.automationScripts.SatisfactionRegisteration - 400063439128 is already satisfied
13:04:20.414 [AWT-EventQueue-0] INFO  com.satfnRegBot.automationScripts.SatisfactionRegisteration - 400060928809 is satisfied with the Transaction ID 200298149196
13:04:35.035 [AWT-EventQueue-0] INFO  com.satfnRegBot.automationScripts.SatisfactionRegisteration - 400025763954 is satisfied with the Transaction ID 200298149284
13:04:48.606 [AWT-EventQueue-0] INFO  com.satfnRegBot.automationScripts.SatisfactionRegisteration - 400066591141 is satisfied with the Transaction ID 200298149346
13:05:02.054 [AWT-EventQueue-0] INFO  com.satfnRegBot.automationScripts.SatisfactionRegisteration - 400024998438 is satisfied with the Transaction ID 200298149425
13:05:15.318 [AWT-EventQueue-0] INFO  com.satfnRegBot.automationScripts.SatisfactionRegisteration - 400028187932 is satisfied with the Transaction ID 200298149494
13:05:39.346 [AWT-EventQueue-0] INFO  com.satfnRegBot.automationScripts.SatisfactionRegisteration - 400039799624 is already satisfied
13:05:51.675 [AWT-EventQueue-0] INFO  com.satfnRegBot.automationScripts.SatisfactionRegisteration - 400061208239 is satisfied with the Transaction ID 200298149673
13:06:05.806 [AWT-EventQueue-0] INFO  com.satfnRegBot.automationScripts.SatisfactionRegisteration - 400061104149 is satisfied with the Transaction ID 200298149731
13:06:19.342 [AWT-EventQueue-0] INFO  com.satfnRegBot.automationScripts.SatisfactionRegisteration - 400060854947 is satisfied with the Transaction ID 200298149795
13:06:32.591 [AWT-EventQueue-0] INFO  com.satfnRegBot.automationScripts.SatisfactionRegisteration - 400032087681 is satisfied with the Transaction ID 200298149860
13:06:45.364 [AWT-EventQueue-0] INFO  com.satfnRegBot.automationScripts.SatisfactionRegisteration - 400072382866 is satisfied with the Transaction ID 200298149923
13:06:58.502 [AWT-EventQueue-0] INFO  com.satfnRegBot.automationScripts.SatisfactionRegisteration - 400020588513 is satisfied with the Transaction ID 200298149996
13:07:00.215 [AWT-EventQueue-0] INFO  com.satfnRegBot.automationScripts.SatisfactionRegisteration - 400031580878 is already satisfied
13:07:12.080 [AWT-EventQueue-0] INFO  com.satfnRegBot.automationScripts.SatisfactionRegisteration - 400031478537 is satisfied with the Transaction ID 200298150065
13:07:24.850 [AWT-EventQueue-0] INFO  com.satfnRegBot.automationScripts.SatisfactionRegisteration - 400061317580 is satisfied with the Transaction ID 200298150134
13:07:58.807 [AWT-EventQueue-0] INFO  com.satfnRegBot.automationScripts.SatisfactionRegisteration - 400038543904 is satisfied with the Transaction ID 200298150314
13:08:11.369 [AWT-EventQueue-0] INFO  com.satfnRegBot.automationScripts.SatisfactionRegisteration - 400023091233 is satisfied with the Transaction ID 200298150382
13:08:13.369 [AWT-EventQueue-0] INFO  com.satfnRegBot.automationScripts.SatisfactionRegisteration - 400062314446 is already satisfied
13:08:25.393 [AWT-EventQueue-0] INFO  com.satfnRegBot.automationScripts.SatisfactionRegisteration - 400061320697 is satisfied with the Transaction ID 200298150458
13:08:38.147 [AWT-EventQueue-0] INFO  com.satfnRegBot.automationScripts.SatisfactionRegisteration - 400061048406 is satisfied with the Transaction ID 200298150523
13:08:51.323 [AWT-EventQueue-0] INFO  com.satfnRegBot.automationScripts.SatisfactionRegisteration - 400060904932 is satisfied with the Transaction ID 200298150595
13:09:04.145 [AWT-EventQueue-0] INFO  com.satfnRegBot.automationScripts.SatisfactionRegisteration - 400061207751 is satisfied with the Transaction ID 200298150669
13:09:16.596 [AWT-EventQueue-0] INFO  com.satfnRegBot.automationScripts.SatisfactionRegisteration - 400071218121 is satisfied with the Transaction ID 200298150748
13:09:29.598 [AWT-EventQueue-0] INFO  com.satfnRegBot.automationScripts.SatisfactionRegisteration - 400060140644 is satisfied with the Transaction ID 200298150812
13:09:42.637 [AWT-EventQueue-0] INFO  com.satfnRegBot.automationScripts.SatisfactionRegisteration - 400027372713 is satisfied with the Transaction ID 200298150876
13:09:55.551 [AWT-EventQueue-0] INFO  com.satfnRegBot.automationScripts.SatisfactionRegisteration - 400069737589 is satisfied with the Transaction ID 200298150941
13:10:08.146 [AWT-EventQueue-0] INFO  com.satfnRegBot.automationScripts.SatisfactionRegisteration - 400064550857 is satisfied with the Transaction ID 200298150999
13:10:21.749 [AWT-EventQueue-0] INFO  com.satfnRegBot.automationScripts.SatisfactionRegisteration - 400035358520 is satisfied with the Transaction ID 200298151062
13:10:34.546 [AWT-EventQueue-0] INFO  com.satfnRegBot.automationScripts.SatisfactionRegisteration - 400059815192 is satisfied with the Transaction ID 200298151119
13:10:47.201 [AWT-EventQueue-0] INFO  com.satfnRegBot.automationScripts.SatisfactionRegisteration - 400071738174 is satisfied with the Transaction ID 200298151172
13:11:00.030 [AWT-EventQueue-0] INFO  com.satfnRegBot.automationScripts.SatisfactionRegisteration - 400059646069 is satisfied with the Transaction ID 200298151237
13:11:13.503 [AWT-EventQueue-0] INFO  com.satfnRegBot.automationScripts.SatisfactionRegisteration - 400061047533 is satisfied with the Transaction ID 200298151285
13:11:26.776 [AWT-EventQueue-0] INFO  com.satfnRegBot.automationScripts.SatisfactionRegisteration - 400061706278 is satisfied with the Transaction ID 200298151342
13:11:39.584 [AWT-EventQueue-0] INFO  com.satfnRegBot.automationScripts.SatisfactionRegisteration - 400069801401 is satisfied with the Transaction ID 200298151412
13:11:52.334 [AWT-EventQueue-0] INFO  com.satfnRegBot.automationScripts.SatisfactionRegisteration - 400027413034 is satisfied with the Transaction ID 200298151478
13:12:05.269 [AWT-EventQueue-0] INFO  com.satfnRegBot.automationScripts.SatisfactionRegisteration - 400071688741 is satisfied with the Transaction ID 200298151532
13:12:18.244 [AWT-EventQueue-0] INFO  com.satfnRegBot.automationScripts.SatisfactionRegisteration - 400063408102 is satisfied with the Transaction ID 200298151612
13:12:31.802 [AWT-EventQueue-0] INFO  com.satfnRegBot.automationScripts.SatisfactionRegisteration - 400039780820 is satisfied with the Transaction ID 200298151698
13:12:44.827 [AWT-EventQueue-0] INFO  com.satfnRegBot.automationScripts.SatisfactionRegisteration - 400037150347 is satisfied with the Transaction ID 200298151789
13:12:57.504 [AWT-EventQueue-0] INFO  com.satfnRegBot.automationScripts.SatisfactionRegisteration - 400069071831 is satisfied with the Transaction ID 200298151863
13:13:10.275 [AWT-EventQueue-0] INFO  com.satfnRegBot.automationScripts.SatisfactionRegisteration - 400021311121 is satisfied with the Transaction ID 200298151934
13:13:23.316 [AWT-EventQueue-0] INFO  com.satfnRegBot.automationScripts.SatisfactionRegisteration - 400038903814 is satisfied with the Transaction ID 200298152015
13:13:36.211 [AWT-EventQueue-0] INFO  com.satfnRegBot.automationScripts.SatisfactionRegisteration - 400024153577 is satisfied with the Transaction ID 200298152092
13:13:49.455 [AWT-EventQueue-0] INFO  com.satfnRegBot.automationScripts.SatisfactionRegisteration - 400025578067 is satisfied with the Transaction ID 200298152160
13:14:02.606 [AWT-EventQueue-0] INFO  com.satfnRegBot.automationScripts.SatisfactionRegisteration - 400060092463 is satisfied with the Transaction ID 200298152234
13:14:15.577 [AWT-EventQueue-0] INFO  com.satfnRegBot.automationScripts.SatisfactionRegisteration - 400039071290 is satisfied with the Transaction ID 200298152320
13:14:29.190 [AWT-EventQueue-0] INFO  com.satfnRegBot.automationScripts.SatisfactionRegisteration - 400025771555 is satisfied with the Transaction ID 200298152387
13:14:42.054 [AWT-EventQueue-0] INFO  com.satfnRegBot.automationScripts.SatisfactionRegisteration - 400066428919 is satisfied with the Transaction ID 200298152461
13:14:55.181 [AWT-EventQueue-0] INFO  com.satfnRegBot.automationScripts.SatisfactionRegisteration - 400025530834 is satisfied with the Transaction ID 200298152537
13:15:08.062 [AWT-EventQueue-0] INFO  com.satfnRegBot.automationScripts.SatisfactionRegisteration - 400039660524 is satisfied with the Transaction ID 200298152605
13:15:21.448 [AWT-EventQueue-0] INFO  com.satfnRegBot.automationScripts.SatisfactionRegisteration - 400060929236 is satisfied with the Transaction ID 200298152677
13:15:34.482 [AWT-EventQueue-0] INFO  com.satfnRegBot.automationScripts.SatisfactionRegisteration - 400038895220 is satisfied with the Transaction ID 200298152743
13:15:55.769 [AWT-EventQueue-0] INFO  com.satfnRegBot.automationScripts.SatisfactionRegisteration - 400063322480 is satisfied with the Transaction ID 200298152804
13:16:14.525 [AWT-EventQueue-0] INFO  com.satfnRegBot.automationScripts.SatisfactionRegisteration - 400039563174 is satisfied with the Transaction ID 200298152870
13:16:29.915 [AWT-EventQueue-0] INFO  com.satfnRegBot.automationScripts.SatisfactionRegisteration - 400061268715 is satisfied with the Transaction ID 200298152950
13:16:42.746 [AWT-EventQueue-0] INFO  com.satfnRegBot.automationScripts.SatisfactionRegisteration - 400030434029 is satisfied with the Transaction ID 200298153040
13:16:55.789 [AWT-EventQueue-0] INFO  com.satfnRegBot.automationScripts.SatisfactionRegisteration - 400073095660 is satisfied with the Transaction ID 200298153108
13:17:09.143 [AWT-EventQueue-0] INFO  com.satfnRegBot.automationScripts.SatisfactionRegisteration - 400024767477 is satisfied with the Transaction ID 200298153175
13:17:22.135 [AWT-EventQueue-0] INFO  com.satfnRegBot.automationScripts.SatisfactionRegisteration - 400061277050 is satisfied with the Transaction ID 200298153236
13:17:36.138 [AWT-EventQueue-0] INFO  com.satfnRegBot.automationScripts.SatisfactionRegisteration - 400026162133 is satisfied with the Transaction ID 200298153315
13:17:49.122 [AWT-EventQueue-0] INFO  com.satfnRegBot.automationScripts.SatisfactionRegisteration - 400030159824 is satisfied with the Transaction ID 200298153397
13:18:11.983 [AWT-EventQueue-0] INFO  com.satfnRegBot.automationScripts.SatisfactionRegisteration - 400027039571 is satisfied with the Transaction ID 200298153535
13:18:24.929 [AWT-EventQueue-0] INFO  com.satfnRegBot.automationScripts.SatisfactionRegisteration - 400020626545 is satisfied with the Transaction ID 200298153612
13:18:37.735 [AWT-EventQueue-0] INFO  com.satfnRegBot.automationScripts.SatisfactionRegisteration - 400026254113 is satisfied with the Transaction ID 200298153681
13:18:50.697 [AWT-EventQueue-0] INFO  com.satfnRegBot.automationScripts.SatisfactionRegisteration - 400060588572 is satisfied with the Transaction ID 200298153753
13:19:03.857 [AWT-EventQueue-0] INFO  com.satfnRegBot.automationScripts.SatisfactionRegisteration - 400039596287 is satisfied with the Transaction ID 200298153837
13:19:16.750 [AWT-EventQueue-0] INFO  com.satfnRegBot.automationScripts.SatisfactionRegisteration - 400062607939 is satisfied with the Transaction ID 200298153908
13:19:29.588 [AWT-EventQueue-0] INFO  com.satfnRegBot.automationScripts.SatisfactionRegisteration - 400039759365 is satisfied with the Transaction ID 200298153979
13:19:42.578 [AWT-EventQueue-0] INFO  com.satfnRegBot.automationScripts.SatisfactionRegisteration - 400066638538 is satisfied with the Transaction ID 200298154050
13:19:56.024 [AWT-EventQueue-0] INFO  com.satfnRegBot.automationScripts.SatisfactionRegisteration - 400039266522 is satisfied with the Transaction ID 200298154118
13:20:09.006 [AWT-EventQueue-0] INFO  com.satfnRegBot.automationScripts.SatisfactionRegisteration - 400061364200 is satisfied with the Transaction ID 200298154171
13:20:21.853 [AWT-EventQueue-0] INFO  com.satfnRegBot.automationScripts.SatisfactionRegisteration - 400022107889 is satisfied with the Transaction ID 200298154232
13:20:37.405 [AWT-EventQueue-0] INFO  com.satfnRegBot.automationScripts.SatisfactionRegisteration - 400067224554 is satisfied with the Transaction ID 200298154276
13:20:50.424 [AWT-EventQueue-0] INFO  com.satfnRegBot.automationScripts.SatisfactionRegisteration - 400060904076 is satisfied with the Transaction ID 200298154329
13:21:02.999 [AWT-EventQueue-0] INFO  com.satfnRegBot.automationScripts.SatisfactionRegisteration - 400021453802 is satisfied with the Transaction ID 200298154388
13:21:16.175 [AWT-EventQueue-0] INFO  com.satfnRegBot.automationScripts.SatisfactionRegisteration - 400061678607 is satisfied with the Transaction ID 200298154447
13:21:30.101 [AWT-EventQueue-0] INFO  com.satfnRegBot.automationScripts.SatisfactionRegisteration - 400039764799 is satisfied with the Transaction ID 200298154501
13:21:43.564 [AWT-EventQueue-0] INFO  com.satfnRegBot.automationScripts.SatisfactionRegisteration - 400022606423 is satisfied with the Transaction ID 200298154556
13:21:56.753 [AWT-EventQueue-0] INFO  com.satfnRegBot.automationScripts.SatisfactionRegisteration - 400039394579 is satisfied with the Transaction ID 200298154617
13:22:09.649 [AWT-EventQueue-0] INFO  com.satfnRegBot.automationScripts.SatisfactionRegisteration - 400061728743 is satisfied with the Transaction ID 200298154687
13:22:22.693 [AWT-EventQueue-0] INFO  com.satfnRegBot.automationScripts.SatisfactionRegisteration - 400039702340 is satisfied with the Transaction ID 200298154776
13:22:36.241 [AWT-EventQueue-0] INFO  com.satfnRegBot.automationScripts.SatisfactionRegisteration - 400061193713 is satisfied with the Transaction ID 200298154857
13:22:49.830 [AWT-EventQueue-0] INFO  com.satfnRegBot.automationScripts.SatisfactionRegisteration - 400060756678 is satisfied with the Transaction ID 200298154937
13:23:03.391 [AWT-EventQueue-0] INFO  com.satfnRegBot.automationScripts.SatisfactionRegisteration - 400039507799 is satisfied with the Transaction ID 200298155002
13:23:18.276 [AWT-EventQueue-0] INFO  com.satfnRegBot.automationScripts.SatisfactionRegisteration - 400063138097 is satisfied with the Transaction ID 200298155087
13:23:31.585 [AWT-EventQueue-0] INFO  com.satfnRegBot.automationScripts.SatisfactionRegisteration - 400060928492 is satisfied with the Transaction ID 200298155158
13:23:45.101 [AWT-EventQueue-0] INFO  com.satfnRegBot.automationScripts.SatisfactionRegisteration - 400060188408 is satisfied with the Transaction ID 200298155226
13:23:58.428 [AWT-EventQueue-0] INFO  com.satfnRegBot.automationScripts.SatisfactionRegisteration - 400060979833 is satisfied with the Transaction ID 200298155311
13:24:11.293 [AWT-EventQueue-0] INFO  com.satfnRegBot.automationScripts.SatisfactionRegisteration - 400061685631 is satisfied with the Transaction ID 200298155380
13:24:25.797 [AWT-EventQueue-0] INFO  com.satfnRegBot.automationScripts.SatisfactionRegisteration - 400067455261 is satisfied with the Transaction ID 200298155465
13:24:38.710 [AWT-EventQueue-0] INFO  com.satfnRegBot.automationScripts.SatisfactionRegisteration - 400069652917 is satisfied with the Transaction ID 200298155538
13:24:51.617 [AWT-EventQueue-0] INFO  com.satfnRegBot.automationScripts.SatisfactionRegisteration - 400026246637 is satisfied with the Transaction ID 200298155598
13:25:05.576 [AWT-EventQueue-0] INFO  com.satfnRegBot.automationScripts.SatisfactionRegisteration - 400021427653 is satisfied with the Transaction ID 200298155671
13:25:18.694 [AWT-EventQueue-0] INFO  com.satfnRegBot.automationScripts.SatisfactionRegisteration - 400063150460 is satisfied with the Transaction ID 200298155730
13:25:32.290 [AWT-EventQueue-0] INFO  com.satfnRegBot.automationScripts.SatisfactionRegisteration - 400015646545 is satisfied with the Transaction ID 200298155807
13:25:45.746 [AWT-EventQueue-0] INFO  com.satfnRegBot.automationScripts.SatisfactionRegisteration - 400038923513 is satisfied with the Transaction ID 200298155864
13:25:59.337 [AWT-EventQueue-0] INFO  com.satfnRegBot.automationScripts.SatisfactionRegisteration - 400039567008 is satisfied with the Transaction ID 200298155933
13:26:13.530 [AWT-EventQueue-0] INFO  com.satfnRegBot.automationScripts.SatisfactionRegisteration - 400021086054 is satisfied with the Transaction ID 200298156015
13:26:27.239 [AWT-EventQueue-0] INFO  com.satfnRegBot.automationScripts.SatisfactionRegisteration - 400026344897 is satisfied with the Transaction ID 200298156085
13:26:40.781 [AWT-EventQueue-0] INFO  com.satfnRegBot.automationScripts.SatisfactionRegisteration - 400026165641 is satisfied with the Transaction ID 200298156155
13:26:57.641 [AWT-EventQueue-0] INFO  com.satfnRegBot.automationScripts.SatisfactionRegisteration - 400039226467 is satisfied with the Transaction ID 200298156219
13:27:10.365 [AWT-EventQueue-0] INFO  com.satfnRegBot.automationScripts.SatisfactionRegisteration - 400025283712 is satisfied with the Transaction ID 200298156298
13:27:23.542 [AWT-EventQueue-0] INFO  com.satfnRegBot.automationScripts.SatisfactionRegisteration - 400063253737 is satisfied with the Transaction ID 200298156370
13:27:38.790 [AWT-EventQueue-0] INFO  com.satfnRegBot.automationScripts.SatisfactionRegisteration - 400032220801 is satisfied with the Transaction ID 200298156449
13:27:52.762 [AWT-EventQueue-0] INFO  com.satfnRegBot.automationScripts.SatisfactionRegisteration - 400071606865 is satisfied with the Transaction ID 200298156532
13:28:05.730 [AWT-EventQueue-0] INFO  com.satfnRegBot.automationScripts.SatisfactionRegisteration - 400024174098 is satisfied with the Transaction ID 200298156595
13:28:19.130 [AWT-EventQueue-0] INFO  com.satfnRegBot.automationScripts.SatisfactionRegisteration - 400061339446 is satisfied with the Transaction ID 200298156662
13:28:33.253 [AWT-EventQueue-0] INFO  com.satfnRegBot.automationScripts.SatisfactionRegisteration - 400072914065 is satisfied with the Transaction ID 200298156743
13:28:35.318 [AWT-EventQueue-0] INFO  com.satfnRegBot.automationScripts.SatisfactionRegisteration - 400060928968 is already satisfied
13:28:47.689 [AWT-EventQueue-0] INFO  com.satfnRegBot.automationScripts.SatisfactionRegisteration - 400026517709 is satisfied with the Transaction ID 200298156844
13:29:01.542 [AWT-EventQueue-0] INFO  com.satfnRegBot.automationScripts.SatisfactionRegisteration - 400034353943 is satisfied with the Transaction ID 200298156924
13:29:15.462 [AWT-EventQueue-0] INFO  com.satfnRegBot.automationScripts.SatisfactionRegisteration - 400063990037 is satisfied with the Transaction ID 200298157018
13:29:28.905 [AWT-EventQueue-0] INFO  com.satfnRegBot.automationScripts.SatisfactionRegisteration - 400018084082 is satisfied with the Transaction ID 200298157101
13:29:41.936 [AWT-EventQueue-0] INFO  com.satfnRegBot.automationScripts.SatisfactionRegisteration - 400039299366 is satisfied with the Transaction ID 200298157184
13:29:55.419 [AWT-EventQueue-0] INFO  com.satfnRegBot.automationScripts.SatisfactionRegisteration - 400019281345 is satisfied with the Transaction ID 200298157250
13:29:57.590 [AWT-EventQueue-0] INFO  com.satfnRegBot.automationScripts.SatisfactionRegisteration - 400059546410 is already satisfied
13:29:58.341 [AWT-EventQueue-0] INFO  com.satfnRegBot.automationScripts.SatisfactionRegisteration - 400059653942 is already satisfied
13:30:10.297 [AWT-EventQueue-0] INFO  com.satfnRegBot.automationScripts.SatisfactionRegisteration - 400026336507 is satisfied with the Transaction ID 200298157288
13:30:24.509 [AWT-EventQueue-0] INFO  com.satfnRegBot.automationScripts.SatisfactionRegisteration - 400014724090 is satisfied with the Transaction ID 200298157339
13:30:37.856 [AWT-EventQueue-0] INFO  com.satfnRegBot.automationScripts.SatisfactionRegisteration - 400061046867 is satisfied with the Transaction ID 200298157376
13:30:51.198 [AWT-EventQueue-0] INFO  com.satfnRegBot.automationScripts.SatisfactionRegisteration - 400039223467 is satisfied with the Transaction ID 200298157426
13:31:04.809 [AWT-EventQueue-0] INFO  com.satfnRegBot.automationScripts.SatisfactionRegisteration - 400039653537 is satisfied with the Transaction ID 200298157466
13:31:21.529 [AWT-EventQueue-0] INFO  com.satfnRegBot.automationScripts.SatisfactionRegisteration - 400069221826 is satisfied with the Transaction ID 200298157502
13:31:34.930 [AWT-EventQueue-0] INFO  com.satfnRegBot.automationScripts.SatisfactionRegisteration - 400039214922 is satisfied with the Transaction ID 200298157555
13:31:48.479 [AWT-EventQueue-0] INFO  com.satfnRegBot.automationScripts.SatisfactionRegisteration - 400062915486 is satisfied with the Transaction ID 200298157603
13:32:02.286 [AWT-EventQueue-0] INFO  com.satfnRegBot.automationScripts.SatisfactionRegisteration - 400060759407 is satisfied with the Transaction ID 200298157644
13:32:15.978 [AWT-EventQueue-0] INFO  com.satfnRegBot.automationScripts.SatisfactionRegisteration - 400026483830 is satisfied with the Transaction ID 200298157720
13:32:29.576 [AWT-EventQueue-0] INFO  com.satfnRegBot.automationScripts.SatisfactionRegisteration - 400019664386 is satisfied with the Transaction ID 200298157809
13:32:42.483 [AWT-EventQueue-0] INFO  com.satfnRegBot.automationScripts.SatisfactionRegisteration - 400026217572 is satisfied with the Transaction ID 200298157893
13:32:55.269 [AWT-EventQueue-0] INFO  com.satfnRegBot.automationScripts.SatisfactionRegisteration - 400060904187 is satisfied with the Transaction ID 200298157969
13:33:08.071 [AWT-EventQueue-0] INFO  com.satfnRegBot.automationScripts.SatisfactionRegisteration - 400061024395 is satisfied with the Transaction ID 200298158051
13:33:21.688 [AWT-EventQueue-0] INFO  com.satfnRegBot.automationScripts.SatisfactionRegisteration - 400061280615 is satisfied with the Transaction ID 200298158128
13:33:35.770 [AWT-EventQueue-0] INFO  com.satfnRegBot.automationScripts.SatisfactionRegisteration - 400032873067 is satisfied with the Transaction ID 200298158220
13:33:49.562 [AWT-EventQueue-0] INFO  com.satfnRegBot.automationScripts.SatisfactionRegisteration - 400062064839 is satisfied with the Transaction ID 200298158317
13:34:03.198 [AWT-EventQueue-0] INFO  com.satfnRegBot.automationScripts.SatisfactionRegisteration - 400069535683 is satisfied with the Transaction ID 200298158395
13:34:17.023 [AWT-EventQueue-0] INFO  com.satfnRegBot.automationScripts.SatisfactionRegisteration - 400061075795 is satisfied with the Transaction ID 200298158479
13:34:50.637 [AWT-EventQueue-0] INFO  com.satfnRegBot.automationScripts.SatisfactionRegisteration - 400060928982 is satisfied with the Transaction ID 200298158544
13:35:03.999 [AWT-EventQueue-0] INFO  com.satfnRegBot.automationScripts.SatisfactionRegisteration - 400061208997 is satisfied with the Transaction ID 200298158691
13:35:18.279 [AWT-EventQueue-0] INFO  com.satfnRegBot.automationScripts.SatisfactionRegisteration - 400062749835 is satisfied with the Transaction ID 200298158781
13:35:31.905 [AWT-EventQueue-0] INFO  com.satfnRegBot.automationScripts.SatisfactionRegisteration - 400062749663 is satisfied with the Transaction ID 200298158851
13:35:45.801 [AWT-EventQueue-0] INFO  com.satfnRegBot.automationScripts.SatisfactionRegisteration - 400063980583 is satisfied with the Transaction ID 200298158936
13:35:58.592 [AWT-EventQueue-0] INFO  com.satfnRegBot.automationScripts.SatisfactionRegisteration - 400023825553 is satisfied with the Transaction ID 200298159021
13:36:12.297 [AWT-EventQueue-0] INFO  com.satfnRegBot.automationScripts.SatisfactionRegisteration - 400069469222 is satisfied with the Transaction ID 200298159111
13:36:25.943 [AWT-EventQueue-0] INFO  com.satfnRegBot.automationScripts.SatisfactionRegisteration - 400020371232 is satisfied with the Transaction ID 200298159203
13:36:40.439 [AWT-EventQueue-0] INFO  com.satfnRegBot.automationScripts.SatisfactionRegisteration - 400069464212 is satisfied with the Transaction ID 200298159294
13:36:53.722 [AWT-EventQueue-0] INFO  com.satfnRegBot.automationScripts.SatisfactionRegisteration - 400035414264 is satisfied with the Transaction ID 200298159349
13:37:07.837 [AWT-EventQueue-0] INFO  com.satfnRegBot.automationScripts.SatisfactionRegisteration - 400026251619 is satisfied with the Transaction ID 200298159409
13:37:20.624 [AWT-EventQueue-0] INFO  com.satfnRegBot.automationScripts.SatisfactionRegisteration - 400039114398 is satisfied with the Transaction ID 200298159494
13:37:33.606 [AWT-EventQueue-0] INFO  com.satfnRegBot.automationScripts.SatisfactionRegisteration - 400071317834 is satisfied with the Transaction ID 200298159565
13:37:46.650 [AWT-EventQueue-0] INFO  com.satfnRegBot.automationScripts.SatisfactionRegisteration - 400060978444 is satisfied with the Transaction ID 200298159639
13:37:59.511 [AWT-EventQueue-0] INFO  com.satfnRegBot.automationScripts.SatisfactionRegisteration - 400025844061 is satisfied with the Transaction ID 200298159721
13:38:12.183 [AWT-EventQueue-0] INFO  com.satfnRegBot.automationScripts.SatisfactionRegisteration - 400039265853 is satisfied with the Transaction ID 200298159797
13:38:26.481 [AWT-EventQueue-0] INFO  com.satfnRegBot.automationScripts.SatisfactionRegisteration - 400019496071 is satisfied with the Transaction ID 200298159892
13:38:40.529 [AWT-EventQueue-0] INFO  com.satfnRegBot.automationScripts.SatisfactionRegisteration - 400060830506 is satisfied with the Transaction ID 200298159983
13:38:55.260 [AWT-EventQueue-0] INFO  com.satfnRegBot.automationScripts.SatisfactionRegisteration - 400060976322 is satisfied with the Transaction ID 200298160067
13:39:09.205 [AWT-EventQueue-0] INFO  com.satfnRegBot.automationScripts.SatisfactionRegisteration - 400023822751 is satisfied with the Transaction ID 200298160160
13:39:23.471 [AWT-EventQueue-0] INFO  com.satfnRegBot.automationScripts.SatisfactionRegisteration - 400020221337 is satisfied with the Transaction ID 200298160250
13:56:57.177 [AWT-EventQueue-0] INFO  com.satfnRegBot.automationScripts.SatisfactionRegisteration - https://www.cersai.org.in/CERSAI/home.prg URL Opened Successfully in chrome browser
13:57:07.913 [AWT-EventQueue-0] INFO  com.satfnRegBot.automationScripts.SatisfactionRegisteration - WebElement could not be able to find in the webpage
14:00:47.388 [AWT-EventQueue-0] INFO  com.satfnRegBot.automationScripts.SatisfactionRegisteration - https://www.cersai.org.in/CERSAI/home.prg URL Opened Successfully in chrome browser
14:08:54.811 [AWT-EventQueue-0] INFO  com.satfnRegBot.automationScripts.SatisfactionRegisteration - https://www.cersai.org.in/CERSAI/home.prg URL Opened Successfully in chrome browser
14:09:37.289 [AWT-EventQueue-0] INFO  com.satfnRegBot.automationScripts.SatisfactionRegisteration - 400069240749 is satisfied with the Transaction ID 200298167614
14:09:50.919 [AWT-EventQueue-0] INFO  com.satfnRegBot.automationScripts.SatisfactionRegisteration - 400060755509 is satisfied with the Transaction ID 200298167654
14:10:11.497 [AWT-EventQueue-0] INFO  com.satfnRegBot.automationScripts.SatisfactionRegisteration - 400064606484 is satisfied with the Transaction ID 200298167688
14:10:25.004 [AWT-EventQueue-0] INFO  com.satfnRegBot.automationScripts.SatisfactionRegisteration - 400025811579 is satisfied with the Transaction ID 200298167721
14:10:39.470 [AWT-EventQueue-0] INFO  com.satfnRegBot.automationScripts.SatisfactionRegisteration - 400060189998 is satisfied with the Transaction ID 200298167755
14:10:56.084 [AWT-EventQueue-0] INFO  com.satfnRegBot.automationScripts.SatisfactionRegisteration - 400062601574 is satisfied with the Transaction ID 200298167788
14:11:09.321 [AWT-EventQueue-0] INFO  com.satfnRegBot.automationScripts.SatisfactionRegisteration - 400033086189 is satisfied with the Transaction ID 200298167826
14:11:24.794 [AWT-EventQueue-0] INFO  com.satfnRegBot.automationScripts.SatisfactionRegisteration - 400061277058 is satisfied with the Transaction ID 200298167863
14:11:39.539 [AWT-EventQueue-0] INFO  com.satfnRegBot.automationScripts.SatisfactionRegisteration - 400024932101 is satisfied with the Transaction ID 200298167900
14:11:52.671 [AWT-EventQueue-0] INFO  com.satfnRegBot.automationScripts.SatisfactionRegisteration - 400021454773 is satisfied with the Transaction ID 200298167938
14:12:06.009 [AWT-EventQueue-0] INFO  com.satfnRegBot.automationScripts.SatisfactionRegisteration - 400016836088 is satisfied with the Transaction ID 200298168008
14:12:20.380 [AWT-EventQueue-0] INFO  com.satfnRegBot.automationScripts.SatisfactionRegisteration - 400022295392 is satisfied with the Transaction ID 200298168079
14:12:33.688 [AWT-EventQueue-0] INFO  com.satfnRegBot.automationScripts.SatisfactionRegisteration - 400061240165 is satisfied with the Transaction ID 200298168148
14:12:52.962 [AWT-EventQueue-0] INFO  com.satfnRegBot.automationScripts.SatisfactionRegisteration - 400061126229 is satisfied with the Transaction ID 200298168247
14:13:05.955 [AWT-EventQueue-0] INFO  com.satfnRegBot.automationScripts.SatisfactionRegisteration - 400061288373 is satisfied with the Transaction ID 200298168311
14:13:18.934 [AWT-EventQueue-0] INFO  com.satfnRegBot.automationScripts.SatisfactionRegisteration - 400039234052 is satisfied with the Transaction ID 200298168371
14:13:32.020 [AWT-EventQueue-0] INFO  com.satfnRegBot.automationScripts.SatisfactionRegisteration - 400025258803 is satisfied with the Transaction ID 200298168437
14:13:45.304 [AWT-EventQueue-0] INFO  com.satfnRegBot.automationScripts.SatisfactionRegisteration - 400039040972 is satisfied with the Transaction ID 200298168508
14:13:58.515 [AWT-EventQueue-0] INFO  com.satfnRegBot.automationScripts.SatisfactionRegisteration - 400039216817 is satisfied with the Transaction ID 200298168559
14:14:11.414 [AWT-EventQueue-0] INFO  com.satfnRegBot.automationScripts.SatisfactionRegisteration - 400071214960 is satisfied with the Transaction ID 200298168625
14:14:30.644 [AWT-EventQueue-0] INFO  com.satfnRegBot.automationScripts.SatisfactionRegisteration - 400059653142 is satisfied with the Transaction ID 200298168672
14:14:48.218 [AWT-EventQueue-0] INFO  com.satfnRegBot.automationScripts.SatisfactionRegisteration - 400069599869 is satisfied with the Transaction ID 200298168717
14:15:01.636 [AWT-EventQueue-0] INFO  com.satfnRegBot.automationScripts.SatisfactionRegisteration - 400062289323 is satisfied with the Transaction ID 200298168789
14:15:14.938 [AWT-EventQueue-0] INFO  com.satfnRegBot.automationScripts.SatisfactionRegisteration - 400039040243 is satisfied with the Transaction ID 200298168851
14:15:30.631 [AWT-EventQueue-0] INFO  com.satfnRegBot.automationScripts.SatisfactionRegisteration - 400061303095 is satisfied with the Transaction ID 200298168926
14:15:45.077 [AWT-EventQueue-0] INFO  com.satfnRegBot.automationScripts.SatisfactionRegisteration - 400026385844 is satisfied with the Transaction ID 200298169001
14:15:58.060 [AWT-EventQueue-0] INFO  com.satfnRegBot.automationScripts.SatisfactionRegisteration - 400070229310 is satisfied with the Transaction ID 200298169058
14:16:11.533 [AWT-EventQueue-0] INFO  com.satfnRegBot.automationScripts.SatisfactionRegisteration - 400069647157 is satisfied with the Transaction ID 200298169100
14:16:13.528 [AWT-EventQueue-0] INFO  com.satfnRegBot.automationScripts.SatisfactionRegisteration - 400039283947 is already satisfied
14:16:25.425 [AWT-EventQueue-0] INFO  com.satfnRegBot.automationScripts.SatisfactionRegisteration - 400060757050 is satisfied with the Transaction ID 200298169140
14:16:38.194 [AWT-EventQueue-0] INFO  com.satfnRegBot.automationScripts.SatisfactionRegisteration - 400016306234 is satisfied with the Transaction ID 200298169179
14:16:40.010 [AWT-EventQueue-0] INFO  com.satfnRegBot.automationScripts.SatisfactionRegisteration - 400060986925 is already satisfied
14:16:52.591 [AWT-EventQueue-0] INFO  com.satfnRegBot.automationScripts.SatisfactionRegisteration - 400061209649 is satisfied with the Transaction ID 200298169222
14:17:05.252 [AWT-EventQueue-0] INFO  com.satfnRegBot.automationScripts.SatisfactionRegisteration - 400019460734 is satisfied with the Transaction ID 200298169258
14:17:18.244 [AWT-EventQueue-0] INFO  com.satfnRegBot.automationScripts.SatisfactionRegisteration - 400033070656 is satisfied with the Transaction ID 200298169296
14:17:31.058 [AWT-EventQueue-0] INFO  com.satfnRegBot.automationScripts.SatisfactionRegisteration - 400061238480 is satisfied with the Transaction ID 200298169342
14:17:44.611 [AWT-EventQueue-0] INFO  com.satfnRegBot.automationScripts.SatisfactionRegisteration - 400021965083 is satisfied with the Transaction ID 200298169387
14:17:47.280 [AWT-EventQueue-0] INFO  com.satfnRegBot.automationScripts.SatisfactionRegisteration - 400060574153 is already satisfied
14:17:59.307 [AWT-EventQueue-0] INFO  com.satfnRegBot.automationScripts.SatisfactionRegisteration - 400061321820 is satisfied with the Transaction ID 200298169445
14:18:13.153 [AWT-EventQueue-0] INFO  com.satfnRegBot.automationScripts.SatisfactionRegisteration - 400022604223 is satisfied with the Transaction ID 200298169488
14:18:26.525 [AWT-EventQueue-0] INFO  com.satfnRegBot.automationScripts.SatisfactionRegisteration - 400039233140 is satisfied with the Transaction ID 200298169533
14:49:43.442 [AWT-EventQueue-0] INFO  com.satfnRegBot.automationScripts.SatisfactionRegisteration - https://www.cersai.org.in/CERSAI/home.prg URL Opened Successfully in chrome browser
14:50:26.956 [AWT-EventQueue-0] INFO  com.satfnRegBot.automationScripts.SatisfactionRegisteration - 400061310586 is satisfied with the Transaction ID 200298175486
14:50:40.280 [AWT-EventQueue-0] INFO  com.satfnRegBot.automationScripts.SatisfactionRegisteration - 400031582738 is satisfied with the Transaction ID 200298175532
14:50:53.682 [AWT-EventQueue-0] INFO  com.satfnRegBot.automationScripts.SatisfactionRegisteration - 400021179626 is satisfied with the Transaction ID 200298175582
14:51:07.118 [AWT-EventQueue-0] INFO  com.satfnRegBot.automationScripts.SatisfactionRegisteration - 400021449112 is satisfied with the Transaction ID 200298175633
14:51:24.750 [AWT-EventQueue-0] INFO  com.satfnRegBot.automationScripts.SatisfactionRegisteration - 400033056219 is satisfied with the Transaction ID 200298175687
14:51:38.318 [AWT-EventQueue-0] INFO  com.satfnRegBot.automationScripts.SatisfactionRegisteration - 400061692458 is satisfied with the Transaction ID 200298175732
14:51:51.914 [AWT-EventQueue-0] INFO  com.satfnRegBot.automationScripts.SatisfactionRegisteration - 400027345742 is satisfied with the Transaction ID 200298175791
14:52:04.631 [AWT-EventQueue-0] INFO  com.satfnRegBot.automationScripts.SatisfactionRegisteration - 400020371133 is satisfied with the Transaction ID 200298175833
