15:02:47.634 [AWT-EventQueue-0] INFO  com.satfnRegBot.automationScripts.SatisfactionRegisteration -  is Not valid or empty
15:02:47.740 [AWT-EventQueue-0] INFO  com.satfnRegBot.automationScripts.SatisfactionRegisteration -  is Not valid or empty
15:02:47.841 [AWT-EventQueue-0] INFO  com.satfnRegBot.automationScripts.SatisfactionRegisteration -  is Not valid or empty
15:02:48.029 [AWT-EventQueue-0] INFO  com.satfnRegBot.automationScripts.SatisfactionRegisteration -  is Not valid or empty
15:02:48.130 [AWT-EventQueue-0] INFO  com.satfnRegBot.automationScripts.SatisfactionRegisteration -  is Not valid or empty
15:02:48.253 [AWT-EventQueue-0] INFO  com.satfnRegBot.automationScripts.SatisfactionRegisteration -  is Not valid or empty
15:02:48.466 [AWT-EventQueue-0] INFO  com.satfnRegBot.automationScripts.SatisfactionRegisteration -  is Not valid or empty
15:02:48.617 [AWT-EventQueue-0] INFO  com.satfnRegBot.automationScripts.SatisfactionRegisteration -  is Not valid or empty
15:02:49.130 [AWT-EventQueue-0] INFO  com.satfnRegBot.automationScripts.SatisfactionRegisteration -  is Not valid or empty
15:02:49.213 [AWT-EventQueue-0] INFO  com.satfnRegBot.automationScripts.SatisfactionRegisteration -  is Not valid or empty
15:02:49.277 [AWT-EventQueue-0] INFO  com.satfnRegBot.automationScripts.SatisfactionRegisteration -  is Not valid or empty
15:02:49.347 [AWT-EventQueue-0] INFO  com.satfnRegBot.automationScripts.SatisfactionRegisteration -  is Not valid or empty
15:02:49.474 [AWT-EventQueue-0] INFO  com.satfnRegBot.automationScripts.SatisfactionRegisteration -  is Not valid or empty
15:02:49.565 [AWT-EventQueue-0] INFO  com.satfnRegBot.automationScripts.SatisfactionRegisteration -  is Not valid or empty
15:02:49.649 [AWT-EventQueue-0] INFO  com.satfnRegBot.automationScripts.SatisfactionRegisteration -  is Not valid or empty
15:02:49.743 [AWT-EventQueue-0] INFO  com.satfnRegBot.automationScripts.SatisfactionRegisteration -  is Not valid or empty
15:02:49.856 [AWT-EventQueue-0] INFO  com.satfnRegBot.automationScripts.SatisfactionRegisteration -  is Not valid or empty
15:02:50.094 [AWT-EventQueue-0] INFO  com.satfnRegBot.automationScripts.SatisfactionRegisteration -  is Not valid or empty
15:02:50.192 [AWT-EventQueue-0] INFO  com.satfnRegBot.automationScripts.SatisfactionRegisteration -  is Not valid or empty
15:02:50.254 [AWT-EventQueue-0] INFO  com.satfnRegBot.automationScripts.SatisfactionRegisteration -  is Not valid or empty
15:02:50.323 [AWT-EventQueue-0] INFO  com.satfnRegBot.automationScripts.SatisfactionRegisteration -  is Not valid or empty
15:02:50.395 [AWT-EventQueue-0] INFO  com.satfnRegBot.automationScripts.SatisfactionRegisteration -  is Not valid or empty
15:02:50.481 [AWT-EventQueue-0] INFO  com.satfnRegBot.automationScripts.SatisfactionRegisteration -  is Not valid or empty
15:02:50.597 [AWT-EventQueue-0] INFO  com.satfnRegBot.automationScripts.SatisfactionRegisteration -  is Not valid or empty
15:02:50.681 [AWT-EventQueue-0] INFO  com.satfnRegBot.automationScripts.SatisfactionRegisteration -  is Not valid or empty
15:02:50.772 [AWT-EventQueue-0] INFO  com.satfnRegBot.automationScripts.SatisfactionRegisteration -  is Not valid or empty
15:02:50.849 [AWT-EventQueue-0] INFO  com.satfnRegBot.automationScripts.SatisfactionRegisteration -  is Not valid or empty
15:02:50.929 [AWT-EventQueue-0] INFO  com.satfnRegBot.automationScripts.SatisfactionRegisteration -  is Not valid or empty
15:02:51.013 [AWT-EventQueue-0] INFO  com.satfnRegBot.automationScripts.SatisfactionRegisteration -  is Not valid or empty
15:02:51.137 [AWT-EventQueue-0] INFO  com.satfnRegBot.automationScripts.SatisfactionRegisteration -  is Not valid or empty
15:02:51.201 [AWT-EventQueue-0] INFO  com.satfnRegBot.automationScripts.SatisfactionRegisteration -  is Not valid or empty
15:02:51.278 [AWT-EventQueue-0] INFO  com.satfnRegBot.automationScripts.SatisfactionRegisteration -  is Not valid or empty
15:02:51.362 [AWT-EventQueue-0] INFO  com.satfnRegBot.automationScripts.SatisfactionRegisteration -  is Not valid or empty
15:02:51.436 [AWT-EventQueue-0] INFO  com.satfnRegBot.automationScripts.SatisfactionRegisteration -  is Not valid or empty
15:02:51.514 [AWT-EventQueue-0] INFO  com.satfnRegBot.automationScripts.SatisfactionRegisteration -  is Not valid or empty
15:02:51.655 [AWT-EventQueue-0] INFO  com.satfnRegBot.automationScripts.SatisfactionRegisteration -  is Not valid or empty
15:02:51.754 [AWT-EventQueue-0] INFO  com.satfnRegBot.automationScripts.SatisfactionRegisteration -  is Not valid or empty
15:02:51.841 [AWT-EventQueue-0] INFO  com.satfnRegBot.automationScripts.SatisfactionRegisteration -  is Not valid or empty
15:02:51.928 [AWT-EventQueue-0] INFO  com.satfnRegBot.automationScripts.SatisfactionRegisteration -  is Not valid or empty
15:02:52.002 [AWT-EventQueue-0] INFO  com.satfnRegBot.automationScripts.SatisfactionRegisteration -  is Not valid or empty
15:02:52.070 [AWT-EventQueue-0] INFO  com.satfnRegBot.automationScripts.SatisfactionRegisteration -  is Not valid or empty
15:05:21.642 [AWT-EventQueue-0] INFO  com.satfnRegBot.automationScripts.SatisfactionRegisteration - https://www.cersai.org.in/CERSAI/home.prg URL Opened Successfully in chrome browser
15:07:29.168 [AWT-EventQueue-0] INFO  com.satfnRegBot.automationScripts.SatisfactionRegisteration - https://www.cersai.org.in/CERSAI/home.prg URL Opened Successfully in chrome browser
15:08:51.916 [AWT-EventQueue-0] INFO  com.satfnRegBot.automationScripts.SatisfactionRegisteration - 400075601182 is already satisfied
15:08:53.276 [AWT-EventQueue-0] INFO  com.satfnRegBot.automationScripts.SatisfactionRegisteration - 400076302128 is already satisfied
15:08:54.762 [AWT-EventQueue-0] INFO  com.satfnRegBot.automationScripts.SatisfactionRegisteration - 400076395793 is already satisfied
15:29:12.960 [AWT-EventQueue-0] INFO  com.satfnRegBot.automationScripts.SatisfactionRegisteration - https://www.cersai.org.in/CERSAI/home.prg URL Opened Successfully in chrome browser
15:29:54.324 [AWT-EventQueue-0] INFO  com.satfnRegBot.automationScripts.SatisfactionRegisteration - 400075601182 is already satisfied
15:29:55.726 [AWT-EventQueue-0] INFO  com.satfnRegBot.automationScripts.SatisfactionRegisteration - 400076302128 is already satisfied
15:30:01.294 [AWT-EventQueue-0] INFO  com.satfnRegBot.automationScripts.SatisfactionRegisteration - 400076395793 is already satisfied
16:33:09.503 [AWT-EventQueue-0] INFO  com.satfnRegBot.automationScripts.SatisfactionRegisteration - https://www.cersai.org.in/CERSAI/home.prg URL Opened Successfully in chrome browser
15:28:54.376 [main] INFO  com.satfnRegBot.automationScripts.SecurityInterestRegistration - https://www.cersai.org.in/CERSAI/home.prg URL Opened Successfully in chrome browser
15:32:42.874 [main] INFO  com.satfnRegBot.automationScripts.SecurityInterestRegistration - https://www.cersai.org.in/CERSAI/home.prg URL Opened Successfully in chrome browser
15:39:10.725 [main] INFO  com.satfnRegBot.automationScripts.SecurityInterestRegistration - https://www.cersai.org.in/CERSAI/home.prg URL Opened Successfully in chrome browser
15:41:12.889 [main] INFO  com.satfnRegBot.automationScripts.SecurityInterestRegistration - https://www.cersai.org.in/CERSAI/home.prg URL Opened Successfully in chrome browser
15:46:33.668 [main] INFO  com.satfnRegBot.automationScripts.SecurityInterestRegistration - https://www.cersai.org.in/CERSAI/home.prg URL Opened Successfully in chrome browser
15:50:57.754 [main] INFO  com.satfnRegBot.automationScripts.SecurityInterestRegistration - https://www.cersai.org.in/CERSAI/home.prg URL Opened Successfully in chrome browser
11:44:50.300 [AWT-EventQueue-0] INFO  com.satfnRegBot.automationScripts.SatisfactionRegisteration - https://www.cersai.org.in/CERSAI/home.prg URL Opened Successfully in chrome browser
12:00:51.240 [AWT-EventQueue-0] INFO  com.satfnRegBot.automationScripts.SatisfactionRegisteration - https://www.cersai.org.in/CERSAI/home.prg URL Opened Successfully in chrome browser
12:29:33.546 [AWT-EventQueue-0] INFO  com.satfnRegBot.automationScripts.SatisfactionRegisteration - https://www.cersai.org.in/CERSAI/home.prg URL Opened Successfully in chrome browser
12:34:16.514 [AWT-EventQueue-0] INFO  com.satfnRegBot.automationScripts.SatisfactionRegisteration - https://www.cersai.org.in/CERSAI/home.prg URL Opened Successfully in chrome browser
12:38:12.070 [AWT-EventQueue-0] INFO  com.satfnRegBot.automationScripts.SatisfactionRegisteration - https://www.cersai.org.in/CERSAI/home.prg URL Opened Successfully in chrome browser
12:39:53.939 [AWT-EventQueue-0] INFO  com.satfnRegBot.automationScripts.SatisfactionRegisteration - https://www.cersai.org.in/CERSAI/home.prg URL Opened Successfully in chrome browser
15:11:02.676 [AWT-EventQueue-0] INFO  com.satfnRegBot.automationScripts.SatisfactionRegisteration - https://www.cersai.org.in/CERSAI/home.prg URL Opened Successfully in chrome browser
15:25:02.283 [AWT-EventQueue-0] INFO  com.satfnRegBot.automationScripts.SatisfactionRegisteration - https://www.cersai.org.in/CERSAI/home.prg URL Opened Successfully in chrome browser
15:27:52.028 [AWT-EventQueue-0] INFO  com.satfnRegBot.automationScripts.SatisfactionRegisteration - https://www.cersai.org.in/CERSAI/home.prg URL Opened Successfully in chrome browser
15:29:00.048 [AWT-EventQueue-0] INFO  com.satfnRegBot.automationScripts.SatisfactionRegisteration - 400039618837 is satisfied with the Transaction ID 200301037231
15:29:24.377 [AWT-EventQueue-0] INFO  com.satfnRegBot.automationScripts.SatisfactionRegisteration - 400061051797 is satisfied with the Transaction ID 200301037348
15:29:48.779 [AWT-EventQueue-0] INFO  com.satfnRegBot.automationScripts.SatisfactionRegisteration - 400060755035 is satisfied with the Transaction ID 200301037433
15:30:12.953 [AWT-EventQueue-0] INFO  com.satfnRegBot.automationScripts.SatisfactionRegisteration - 400060575451 is satisfied with the Transaction ID 200301037528
15:30:37.359 [AWT-EventQueue-0] INFO  com.satfnRegBot.automationScripts.SatisfactionRegisteration - 400061339472 is satisfied with the Transaction ID 200301037639
15:30:59.612 [AWT-EventQueue-0] INFO  com.satfnRegBot.automationScripts.SatisfactionRegisteration - 400037862909 is satisfied with the Transaction ID 200301037744
15:31:21.950 [AWT-EventQueue-0] INFO  com.satfnRegBot.automationScripts.SatisfactionRegisteration - 400069594399 is satisfied with the Transaction ID 200301037832
15:31:44.164 [AWT-EventQueue-0] INFO  com.satfnRegBot.automationScripts.SatisfactionRegisteration - 400014695047 is satisfied with the Transaction ID 200301037929
15:32:06.669 [AWT-EventQueue-0] INFO  com.satfnRegBot.automationScripts.SatisfactionRegisteration - 400069912722 is satisfied with the Transaction ID 200301038022
15:32:30.253 [AWT-EventQueue-0] INFO  com.satfnRegBot.automationScripts.SatisfactionRegisteration - 400039702207 is satisfied with the Transaction ID 200301038128
15:32:52.548 [AWT-EventQueue-0] INFO  com.satfnRegBot.automationScripts.SatisfactionRegisteration - 400039507817 is satisfied with the Transaction ID 200301038202
15:33:14.932 [AWT-EventQueue-0] INFO  com.satfnRegBot.automationScripts.SatisfactionRegisteration - 400024036803 is satisfied with the Transaction ID 200301038306
15:33:37.422 [AWT-EventQueue-0] INFO  com.satfnRegBot.automationScripts.SatisfactionRegisteration - 400039712577 is satisfied with the Transaction ID 200301038401
15:33:59.526 [AWT-EventQueue-0] INFO  com.satfnRegBot.automationScripts.SatisfactionRegisteration - 400061280025 is satisfied with the Transaction ID 200301038503
15:34:21.735 [AWT-EventQueue-0] INFO  com.satfnRegBot.automationScripts.SatisfactionRegisteration - 400039258107 is satisfied with the Transaction ID 200301038603
15:34:43.881 [AWT-EventQueue-0] INFO  com.satfnRegBot.automationScripts.SatisfactionRegisteration - 400039676429 is satisfied with the Transaction ID 200301038697
15:34:45.700 [AWT-EventQueue-0] INFO  com.satfnRegBot.automationScripts.SatisfactionRegisteration - 400061669547 is already satisfied
15:35:07.215 [AWT-EventQueue-0] INFO  com.satfnRegBot.automationScripts.SatisfactionRegisteration - 400032868171 is satisfied with the Transaction ID 200301038792
15:35:30.520 [AWT-EventQueue-0] INFO  com.satfnRegBot.automationScripts.SatisfactionRegisteration - 400061370913 is satisfied with the Transaction ID 200301038868
15:35:53.303 [AWT-EventQueue-0] INFO  com.satfnRegBot.automationScripts.SatisfactionRegisteration - 400026212818 is satisfied with the Transaction ID 200301038956
15:36:15.442 [AWT-EventQueue-0] INFO  com.satfnRegBot.automationScripts.SatisfactionRegisteration - 400027393233 is satisfied with the Transaction ID 200301039043
15:36:37.560 [AWT-EventQueue-0] INFO  com.satfnRegBot.automationScripts.SatisfactionRegisteration - 400021094127 is satisfied with the Transaction ID 200301039148
15:36:59.985 [AWT-EventQueue-0] INFO  com.satfnRegBot.automationScripts.SatisfactionRegisteration - 400029484262 is satisfied with the Transaction ID 200301039245
15:37:22.113 [AWT-EventQueue-0] INFO  com.satfnRegBot.automationScripts.SatisfactionRegisteration - 400032844205 is satisfied with the Transaction ID 200301039322
15:37:44.215 [AWT-EventQueue-0] INFO  com.satfnRegBot.automationScripts.SatisfactionRegisteration - 400020365032 is satisfied with the Transaction ID 200301039417
15:38:06.309 [AWT-EventQueue-0] INFO  com.satfnRegBot.automationScripts.SatisfactionRegisteration - 400023916056 is satisfied with the Transaction ID 200301039507
15:38:28.429 [AWT-EventQueue-0] INFO  com.satfnRegBot.automationScripts.SatisfactionRegisteration - 400024973178 is satisfied with the Transaction ID 200301039632
15:38:50.642 [AWT-EventQueue-0] INFO  com.satfnRegBot.automationScripts.SatisfactionRegisteration - 400071104159 is satisfied with the Transaction ID 200301039721
15:39:12.843 [AWT-EventQueue-0] INFO  com.satfnRegBot.automationScripts.SatisfactionRegisteration - 400020225297 is satisfied with the Transaction ID 200301039804
15:39:34.939 [AWT-EventQueue-0] INFO  com.satfnRegBot.automationScripts.SatisfactionRegisteration - 400060188785 is satisfied with the Transaction ID 200301039908
15:39:57.117 [AWT-EventQueue-0] INFO  com.satfnRegBot.automationScripts.SatisfactionRegisteration - 400060572038 is satisfied with the Transaction ID 200301039998
15:40:19.129 [AWT-EventQueue-0] INFO  com.satfnRegBot.automationScripts.SatisfactionRegisteration - 400026156531 is satisfied with the Transaction ID 200301040085
15:40:44.429 [AWT-EventQueue-0] INFO  com.satfnRegBot.automationScripts.SatisfactionRegisteration - 400025190339 is satisfied with the Transaction ID 200301040191
15:22:55.304 [AWT-EventQueue-0] INFO  com.satfnRegBot.automationScripts.SatisfactionRegisteration - https://www.cersai.org.in/CERSAI/home.prg URL Opened Successfully in chrome browser
15:24:53.345 [AWT-EventQueue-0] INFO  com.satfnRegBot.automationScripts.SatisfactionRegisteration - https://www.cersai.org.in/CERSAI/home.prg URL Opened Successfully in chrome browser
15:26:46.936 [AWT-EventQueue-0] INFO  com.satfnRegBot.automationScripts.SatisfactionRegisteration - https://www.cersai.org.in/CERSAI/home.prg URL Opened Successfully in chrome browser
15:29:45.445 [AWT-EventQueue-0] INFO  com.satfnRegBot.automationScripts.SatisfactionRegisteration - https://www.cersai.org.in/CERSAI/home.prg URL Opened Successfully in chrome browser
15:30:25.342 [AWT-EventQueue-0] INFO  com.satfnRegBot.automationScripts.SatisfactionRegisteration - https://www.cersai.org.in/CERSAI/home.prg URL Opened Successfully in chrome browser
15:31:25.363 [AWT-EventQueue-0] INFO  com.satfnRegBot.automationScripts.SatisfactionRegisteration - https://www.cersai.org.in/CERSAI/home.prg URL Opened Successfully in chrome browser
15:32:27.824 [AWT-EventQueue-0] INFO  com.satfnRegBot.automationScripts.SatisfactionRegisteration - 400075461488 is satisfied with the Transaction ID 200301201364
15:32:51.745 [AWT-EventQueue-0] INFO  com.satfnRegBot.automationScripts.SatisfactionRegisteration - 400039604619 is satisfied with the Transaction ID 200301201474
15:33:15.146 [AWT-EventQueue-0] INFO  com.satfnRegBot.automationScripts.SatisfactionRegisteration - 400033019418 is satisfied with the Transaction ID 200301201595
15:54:44.261 [AWT-EventQueue-0] INFO  com.satfnRegBot.automationScripts.SatisfactionRegisteration - https://www.cersai.org.in/CERSAI/home.prg URL Opened Successfully in chrome browser
15:55:24.161 [AWT-EventQueue-0] INFO  com.satfnRegBot.automationScripts.SatisfactionRegisteration - WebElement could not be able to find in the webpage
15:55:49.361 [AWT-EventQueue-0] INFO  com.satfnRegBot.automationScripts.SatisfactionRegisteration - https://www.cersai.org.in/CERSAI/home.prg URL Opened Successfully in chrome browser
15:56:29.652 [AWT-EventQueue-0] INFO  com.satfnRegBot.automationScripts.SatisfactionRegisteration - 400075461488 is already satisfied
15:56:30.657 [AWT-EventQueue-0] INFO  com.satfnRegBot.automationScripts.SatisfactionRegisteration - 400039604619 is already satisfied
15:56:31.666 [AWT-EventQueue-0] INFO  com.satfnRegBot.automationScripts.SatisfactionRegisteration - 400033019418 is already satisfied
12:28:52.053 [AWT-EventQueue-0] INFO  com.satfnRegBot.automationScripts.SatisfactionRegisteration - https://www.cersai.org.in/CERSAI/home.prg URL Opened Successfully in chrome browser
12:29:32.229 [AWT-EventQueue-0] INFO  com.satfnRegBot.automationScripts.SatisfactionRegisteration - 400075461488 is already satisfied
12:29:33.146 [AWT-EventQueue-0] INFO  com.satfnRegBot.automationScripts.SatisfactionRegisteration - 400039604619 is already satisfied
12:29:34.058 [AWT-EventQueue-0] INFO  com.satfnRegBot.automationScripts.SatisfactionRegisteration - 400033019418 is already satisfied
14:42:13.491 [AWT-EventQueue-0] INFO  com.satfnRegBot.automationScripts.SatisfactionRegisteration - https://www.cersai.org.in/CERSAI/home.prg URL Opened Successfully in chrome browser
14:43:14.418 [AWT-EventQueue-0] INFO  com.satfnRegBot.automationScripts.SatisfactionRegisteration - 400063348413 is satisfied with the Transaction ID 200301504996
14:43:37.257 [AWT-EventQueue-0] INFO  com.satfnRegBot.automationScripts.SatisfactionRegisteration - 400017912174 is satisfied with the Transaction ID 200301505054
14:43:59.692 [AWT-EventQueue-0] INFO  com.satfnRegBot.automationScripts.SatisfactionRegisteration - 400070191615 is satisfied with the Transaction ID 200301505123
14:44:23.071 [AWT-EventQueue-0] INFO  com.satfnRegBot.automationScripts.SatisfactionRegisteration - 400029362420 is satisfied with the Transaction ID 200301505178
14:44:45.458 [AWT-EventQueue-0] INFO  com.satfnRegBot.automationScripts.SatisfactionRegisteration - 400039701351 is satisfied with the Transaction ID 200301505250
14:45:08.044 [AWT-EventQueue-0] INFO  com.satfnRegBot.automationScripts.SatisfactionRegisteration - 400062074032 is satisfied with the Transaction ID 200301505325
15:25:53.723 [AWT-EventQueue-0] INFO  com.satfnRegBot.automationScripts.SatisfactionRegisteration - https://www.cersai.org.in/CERSAI/home.prg URL Opened Successfully in chrome browser
15:26:55.169 [AWT-EventQueue-0] INFO  com.satfnRegBot.automationScripts.SatisfactionRegisteration - 400063965097 is satisfied with the Transaction ID 200301514892
15:27:19.509 [AWT-EventQueue-0] INFO  com.satfnRegBot.automationScripts.SatisfactionRegisteration - 400064014774 is satisfied with the Transaction ID 200301515012
15:27:42.165 [AWT-EventQueue-0] INFO  com.satfnRegBot.automationScripts.SatisfactionRegisteration - 400061340725 is satisfied with the Transaction ID 200301515113
15:28:04.635 [AWT-EventQueue-0] INFO  com.satfnRegBot.automationScripts.SatisfactionRegisteration - 400064553353 is satisfied with the Transaction ID 200301515217
15:28:27.653 [AWT-EventQueue-0] INFO  com.satfnRegBot.automationScripts.SatisfactionRegisteration - 400059878518 is satisfied with the Transaction ID 200301515311
15:28:50.113 [AWT-EventQueue-0] INFO  com.satfnRegBot.automationScripts.SatisfactionRegisteration - 400024928638 is satisfied with the Transaction ID 200301515424
15:29:12.677 [AWT-EventQueue-0] INFO  com.satfnRegBot.automationScripts.SatisfactionRegisteration - 400062183138 is satisfied with the Transaction ID 200301515523
15:29:35.771 [AWT-EventQueue-0] INFO  com.satfnRegBot.automationScripts.SatisfactionRegisteration - 400061180031 is satisfied with the Transaction ID 200301515621
15:29:58.435 [AWT-EventQueue-0] INFO  com.satfnRegBot.automationScripts.SatisfactionRegisteration - 400069377669 is satisfied with the Transaction ID 200301515741
15:30:21.548 [AWT-EventQueue-0] INFO  com.satfnRegBot.automationScripts.SatisfactionRegisteration - 400060754891 is satisfied with the Transaction ID 200301515846
15:30:44.514 [AWT-EventQueue-0] INFO  com.satfnRegBot.automationScripts.SatisfactionRegisteration - 400061047759 is satisfied with the Transaction ID 200301515949
15:31:07.330 [AWT-EventQueue-0] INFO  com.satfnRegBot.automationScripts.SatisfactionRegisteration - 400061728610 is satisfied with the Transaction ID 200301516045
15:31:31.429 [AWT-EventQueue-0] INFO  com.satfnRegBot.automationScripts.SatisfactionRegisteration - 400020364718 is satisfied with the Transaction ID 200301516152
15:31:53.769 [AWT-EventQueue-0] INFO  com.satfnRegBot.automationScripts.SatisfactionRegisteration - 400070412144 is satisfied with the Transaction ID 200301516256
15:32:16.134 [AWT-EventQueue-0] INFO  com.satfnRegBot.automationScripts.SatisfactionRegisteration - 400061822159 is satisfied with the Transaction ID 200301516376
15:32:38.709 [AWT-EventQueue-0] INFO  com.satfnRegBot.automationScripts.SatisfactionRegisteration - 400026316738 is satisfied with the Transaction ID 200301516475
15:33:01.092 [AWT-EventQueue-0] INFO  com.satfnRegBot.automationScripts.SatisfactionRegisteration - 400036771711 is satisfied with the Transaction ID 200301516589
15:33:23.334 [AWT-EventQueue-0] INFO  com.satfnRegBot.automationScripts.SatisfactionRegisteration - 400061048821 is satisfied with the Transaction ID 200301516692
15:33:45.803 [AWT-EventQueue-0] INFO  com.satfnRegBot.automationScripts.SatisfactionRegisteration - 400033010223 is satisfied with the Transaction ID 200301516815
15:34:09.687 [AWT-EventQueue-0] INFO  com.satfnRegBot.automationScripts.SatisfactionRegisteration - 400063999808 is satisfied with the Transaction ID 200301516936
15:34:35.666 [AWT-EventQueue-0] INFO  com.satfnRegBot.automationScripts.SatisfactionRegisteration - 400061080819 is satisfied with the Transaction ID 200301517047
15:42:26.818 [AWT-EventQueue-0] INFO  com.satfnRegBot.automationScripts.SatisfactionRegisteration - https://www.cersai.org.in/CERSAI/home.prg URL Opened Successfully in chrome browser
15:43:06.240 [AWT-EventQueue-0] INFO  com.satfnRegBot.automationScripts.SatisfactionRegisteration - 400063965097 is already satisfied
15:43:07.162 [AWT-EventQueue-0] INFO  com.satfnRegBot.automationScripts.SatisfactionRegisteration - 400064014774 is already satisfied
15:43:08.118 [AWT-EventQueue-0] INFO  com.satfnRegBot.automationScripts.SatisfactionRegisteration - 400061340725 is already satisfied
10:41:01.422 [AWT-EventQueue-0] INFO  com.satfnRegBot.automationScripts.SatisfactionRegisteration - https://www.cersai.org.in/CERSAI/home.prg URL Opened Successfully in chrome browser
10:42:22.292 [AWT-EventQueue-0] INFO  com.satfnRegBot.automationScripts.SatisfactionRegisteration - https://www.cersai.org.in/CERSAI/home.prg URL Opened Successfully in chrome browser
10:43:11.632 [AWT-EventQueue-0] INFO  com.satfnRegBot.automationScripts.SatisfactionRegisteration - 400063965097 is already satisfied
10:43:12.808 [AWT-EventQueue-0] INFO  com.satfnRegBot.automationScripts.SatisfactionRegisteration - 400064014774 is already satisfied
10:43:13.699 [AWT-EventQueue-0] INFO  com.satfnRegBot.automationScripts.SatisfactionRegisteration - 400061340725 is already satisfied
10:48:48.950 [AWT-EventQueue-0] INFO  com.satfnRegBot.automationScripts.SatisfactionRegisteration - https://www.cersai.org.in/CERSAI/home.prg URL Opened Successfully in chrome browser
10:53:31.714 [AWT-EventQueue-0] INFO  com.satfnRegBot.automationScripts.SatisfactionRegisteration - https://www.cersai.org.in/CERSAI/home.prg URL Opened Successfully in chrome browser
11:03:01.604 [AWT-EventQueue-0] INFO  com.satfnRegBot.automationScripts.SatisfactionRegisteration - https://www.cersai.org.in/CERSAI/home.prg URL Opened Successfully in chrome browser
11:03:42.965 [AWT-EventQueue-0] INFO  com.satfnRegBot.automationScripts.SatisfactionRegisteration - 400063965097 is already satisfied
11:03:44.045 [AWT-EventQueue-0] INFO  com.satfnRegBot.automationScripts.SatisfactionRegisteration - 400064014774 is already satisfied
11:03:45.066 [AWT-EventQueue-0] INFO  com.satfnRegBot.automationScripts.SatisfactionRegisteration - 400061340725 is already satisfied
11:54:08.749 [AWT-EventQueue-0] INFO  com.satfnRegBot.automationScripts.SatisfactionRegisteration - https://www.cersai.org.in/CERSAI/home.prg URL Opened Successfully in chrome browser
11:54:49.152 [AWT-EventQueue-0] INFO  com.satfnRegBot.automationScripts.SatisfactionRegisteration - 400063965097 is already satisfied
11:54:50.110 [AWT-EventQueue-0] INFO  com.satfnRegBot.automationScripts.SatisfactionRegisteration - 400064014774 is already satisfied
11:54:51.119 [AWT-EventQueue-0] INFO  com.satfnRegBot.automationScripts.SatisfactionRegisteration - 400061340725 is already satisfied
12:03:56.602 [AWT-EventQueue-0] INFO  com.satfnRegBot.automationScripts.SatisfactionRegisteration - https://www.cersai.org.in/CERSAI/home.prg URL Opened Successfully in chrome browser
12:04:40.117 [AWT-EventQueue-0] INFO  com.satfnRegBot.automationScripts.SatisfactionRegisteration - 400063965097 is already satisfied
12:04:41.125 [AWT-EventQueue-0] INFO  com.satfnRegBot.automationScripts.SatisfactionRegisteration - 400064014774 is already satisfied
12:04:42.186 [AWT-EventQueue-0] INFO  com.satfnRegBot.automationScripts.SatisfactionRegisteration - 400061340725 is already satisfied
12:09:52.836 [AWT-EventQueue-0] INFO  com.satfnRegBot.automationScripts.SatisfactionRegisteration - https://www.cersai.org.in/CERSAI/home.prg URL Opened Successfully in chrome browser
12:10:37.179 [AWT-EventQueue-0] INFO  com.satfnRegBot.automationScripts.SatisfactionRegisteration - 400063965097 is already satisfied
12:10:38.365 [AWT-EventQueue-0] INFO  com.satfnRegBot.automationScripts.SatisfactionRegisteration - 400064014774 is already satisfied
12:10:39.609 [AWT-EventQueue-0] INFO  com.satfnRegBot.automationScripts.SatisfactionRegisteration - 400061340725 is already satisfied
12:17:01.546 [AWT-EventQueue-0] INFO  com.satfnRegBot.automationScripts.SatisfactionRegisteration - https://www.cersai.org.in/CERSAI/home.prg URL Opened Successfully in chrome browser
12:23:55.045 [AWT-EventQueue-0] INFO  com.satfnRegBot.automationScripts.SatisfactionRegisteration - https://www.cersai.org.in/CERSAI/home.prg URL Opened Successfully in chrome browser
12:25:00.155 [AWT-EventQueue-0] INFO  com.satfnRegBot.automationScripts.SatisfactionRegisteration - 400063965097 is already satisfied
12:25:01.517 [AWT-EventQueue-0] INFO  com.satfnRegBot.automationScripts.SatisfactionRegisteration - 400064014774 is already satisfied
12:25:03.221 [AWT-EventQueue-0] INFO  com.satfnRegBot.automationScripts.SatisfactionRegisteration - 400061340725 is already satisfied
17:07:18.095 [AWT-EventQueue-0] INFO  com.satfnRegBot.automationScripts.SatisfactionRegisteration - https://www.cersai.org.in/CERSAI/home.prg URL Opened Successfully in chrome browser
17:07:59.421 [AWT-EventQueue-0] INFO  com.satfnRegBot.automationScripts.SatisfactionRegisteration - 400063965097 is already satisfied
17:08:00.438 [AWT-EventQueue-0] INFO  com.satfnRegBot.automationScripts.SatisfactionRegisteration - 400064014774 is already satisfied
17:08:01.504 [AWT-EventQueue-0] INFO  com.satfnRegBot.automationScripts.SatisfactionRegisteration - 400061340725 is already satisfied
17:11:49.412 [AWT-EventQueue-0] INFO  com.satfnRegBot.automationScripts.SatisfactionRegisteration - https://www.cersai.org.in/CERSAI/home.prg URL Opened Successfully in chrome browser
17:12:33.455 [AWT-EventQueue-0] INFO  com.satfnRegBot.automationScripts.SatisfactionRegisteration - 400063965097 is already satisfied
17:12:34.457 [AWT-EventQueue-0] INFO  com.satfnRegBot.automationScripts.SatisfactionRegisteration - 400064014774 is already satisfied
17:12:35.491 [AWT-EventQueue-0] INFO  com.satfnRegBot.automationScripts.SatisfactionRegisteration - 400061340725 is already satisfied
12:58:09.820 [AWT-EventQueue-0] INFO  com.satfnRegBot.automationScripts.SatisfactionRegisteration - https://www.cersai.org.in/CERSAI/home.prg URL Opened Successfully in chrome browser
12:58:51.099 [AWT-EventQueue-0] INFO  com.satfnRegBot.automationScripts.SatisfactionRegisteration - WebElement could not be able to find in the webpage
12:07:13.872 [AWT-EventQueue-0] INFO  com.satfnRegBot.automationScripts.SatisfactionRegisteration - https://www.cersai.org.in/CERSAI/home.prg URL Opened Successfully in chrome browser
12:08:43.185 [AWT-EventQueue-0] INFO  com.satfnRegBot.automationScripts.SatisfactionRegisteration - WebElement could not be able to find in the webpage
12:08:48.374 [AWT-EventQueue-0] INFO  com.satfnRegBot.automationScripts.SatisfactionRegisteration - 400060937472 is already satisfied
12:08:49.223 [AWT-EventQueue-0] INFO  com.satfnRegBot.automationScripts.SatisfactionRegisteration - 400060950237 is already satisfied
12:12:43.281 [AWT-EventQueue-0] INFO  com.satfnRegBot.automationScripts.SatisfactionRegisteration - https://www.cersai.org.in/CERSAI/home.prg URL Opened Successfully in chrome browser
12:13:23.605 [AWT-EventQueue-0] INFO  com.satfnRegBot.automationScripts.SatisfactionRegisteration - 400022990791 is already satisfied
12:13:24.740 [AWT-EventQueue-0] INFO  com.satfnRegBot.automationScripts.SatisfactionRegisteration - 400060937472 is already satisfied
12:13:25.752 [AWT-EventQueue-0] INFO  com.satfnRegBot.automationScripts.SatisfactionRegisteration - 400060950237 is already satisfied
12:14:59.172 [AWT-EventQueue-0] INFO  com.satfnRegBot.automationScripts.SatisfactionRegisteration - 400070624693 is satisfied with the Transaction ID 200303854666
12:26:42.800 [AWT-EventQueue-0] INFO  com.satfnRegBot.automationScripts.SatisfactionRegisteration - https://www.cersai.org.in/CERSAI/home.prg URL Opened Successfully in chrome browser
12:27:22.480 [AWT-EventQueue-0] INFO  com.satfnRegBot.automationScripts.SatisfactionRegisteration - 400022990791 is already satisfied
12:27:23.558 [AWT-EventQueue-0] INFO  com.satfnRegBot.automationScripts.SatisfactionRegisteration - 400060937472 is already satisfied
12:27:24.438 [AWT-EventQueue-0] INFO  com.satfnRegBot.automationScripts.SatisfactionRegisteration - 400060950237 is already satisfied
12:27:25.423 [AWT-EventQueue-0] INFO  com.satfnRegBot.automationScripts.SatisfactionRegisteration - 400070624693 is already satisfied
12:27:47.114 [AWT-EventQueue-0] INFO  com.satfnRegBot.automationScripts.SatisfactionRegisteration - 400060217541 is satisfied with the Transaction ID 200303856745
12:28:10.050 [AWT-EventQueue-0] INFO  com.satfnRegBot.automationScripts.SatisfactionRegisteration - 400063414230 is satisfied with the Transaction ID 200303856810
12:28:33.972 [AWT-EventQueue-0] INFO  com.satfnRegBot.automationScripts.SatisfactionRegisteration - 400032877578 is satisfied with the Transaction ID 200303856874
12:28:56.194 [AWT-EventQueue-0] INFO  com.satfnRegBot.automationScripts.SatisfactionRegisteration - 400072460570 is satisfied with the Transaction ID 200303856931
12:29:18.172 [AWT-EventQueue-0] INFO  com.satfnRegBot.automationScripts.SatisfactionRegisteration - 400029732940 is satisfied with the Transaction ID 200303856985
12:29:40.806 [AWT-EventQueue-0] INFO  com.satfnRegBot.automationScripts.SatisfactionRegisteration - 400029784096 is satisfied with the Transaction ID 200303857050
12:39:00.330 [AWT-EventQueue-0] INFO  com.satfnRegBot.automationScripts.SatisfactionRegisteration - https://www.cersai.org.in/CERSAI/home.prg URL Opened Successfully in chrome browser
12:40:03.970 [AWT-EventQueue-0] INFO  com.satfnRegBot.automationScripts.SatisfactionRegisteration - 400022990791 is already satisfied
12:40:06.708 [AWT-EventQueue-0] INFO  com.satfnRegBot.automationScripts.SatisfactionRegisteration - 400060937472 is already satisfied
12:40:07.263 [AWT-EventQueue-0] INFO  com.satfnRegBot.automationScripts.SatisfactionRegisteration - 400060950237 is already satisfied
12:40:07.814 [AWT-EventQueue-0] INFO  com.satfnRegBot.automationScripts.SatisfactionRegisteration - 400070624693 is already satisfied
12:40:08.339 [AWT-EventQueue-0] INFO  com.satfnRegBot.automationScripts.SatisfactionRegisteration - 400060217541 is already satisfied
12:40:08.867 [AWT-EventQueue-0] INFO  com.satfnRegBot.automationScripts.SatisfactionRegisteration - 400063414230 is already satisfied
12:40:09.401 [AWT-EventQueue-0] INFO  com.satfnRegBot.automationScripts.SatisfactionRegisteration - 400032877578 is already satisfied
12:40:09.989 [AWT-EventQueue-0] INFO  com.satfnRegBot.automationScripts.SatisfactionRegisteration - 400072460570 is already satisfied
12:40:10.462 [AWT-EventQueue-0] INFO  com.satfnRegBot.automationScripts.SatisfactionRegisteration - 400029732940 is already satisfied
12:40:10.972 [AWT-EventQueue-0] INFO  com.satfnRegBot.automationScripts.SatisfactionRegisteration - 400029784096 is already satisfied
12:40:32.052 [AWT-EventQueue-0] INFO  com.satfnRegBot.automationScripts.SatisfactionRegisteration - 400030428504 is satisfied with the Transaction ID 200303858770
12:40:53.432 [AWT-EventQueue-0] INFO  com.satfnRegBot.automationScripts.SatisfactionRegisteration - 400069345023 is satisfied with the Transaction ID 200303858824
12:41:14.917 [AWT-EventQueue-0] INFO  com.satfnRegBot.automationScripts.SatisfactionRegisteration - 400075460286 is satisfied with the Transaction ID 200303858886
12:41:36.650 [AWT-EventQueue-0] INFO  com.satfnRegBot.automationScripts.SatisfactionRegisteration - 400026926230 is satisfied with the Transaction ID 200303858961
12:41:58.173 [AWT-EventQueue-0] INFO  com.satfnRegBot.automationScripts.SatisfactionRegisteration - 400037868763 is satisfied with the Transaction ID 200303859031
12:42:20.054 [AWT-EventQueue-0] INFO  com.satfnRegBot.automationScripts.SatisfactionRegisteration - 400026481334 is satisfied with the Transaction ID 200303859085
12:42:41.665 [AWT-EventQueue-0] INFO  com.satfnRegBot.automationScripts.SatisfactionRegisteration - 400039590695 is satisfied with the Transaction ID 200303859150
12:43:03.309 [AWT-EventQueue-0] INFO  com.satfnRegBot.automationScripts.SatisfactionRegisteration - 400071104724 is satisfied with the Transaction ID 200303859190
12:43:24.752 [AWT-EventQueue-0] INFO  com.satfnRegBot.automationScripts.SatisfactionRegisteration - 400061237970 is satisfied with the Transaction ID 200303859247
12:43:46.068 [AWT-EventQueue-0] INFO  com.satfnRegBot.automationScripts.SatisfactionRegisteration - 400060146070 is satisfied with the Transaction ID 200303859304
12:44:26.676 [AWT-EventQueue-0] INFO  com.satfnRegBot.automationScripts.SatisfactionRegisteration - 400063276765 is satisfied with the Transaction ID 200303859362
12:44:48.323 [AWT-EventQueue-0] INFO  com.satfnRegBot.automationScripts.SatisfactionRegisteration - 400070050763 is satisfied with the Transaction ID 200303859483
12:45:09.955 [AWT-EventQueue-0] INFO  com.satfnRegBot.automationScripts.SatisfactionRegisteration - 400061048223 is satisfied with the Transaction ID 200303859545
12:45:31.843 [AWT-EventQueue-0] INFO  com.satfnRegBot.automationScripts.SatisfactionRegisteration - 400032122660 is satisfied with the Transaction ID 200303859601
12:45:53.577 [AWT-EventQueue-0] INFO  com.satfnRegBot.automationScripts.SatisfactionRegisteration - 400061303788 is satisfied with the Transaction ID 200303859662
12:46:15.138 [AWT-EventQueue-0] INFO  com.satfnRegBot.automationScripts.SatisfactionRegisteration - 400060929489 is satisfied with the Transaction ID 200303859724
12:46:36.640 [AWT-EventQueue-0] INFO  com.satfnRegBot.automationScripts.SatisfactionRegisteration - 400037204343 is satisfied with the Transaction ID 200303859800
12:46:57.909 [AWT-EventQueue-0] INFO  com.satfnRegBot.automationScripts.SatisfactionRegisteration - 400026169527 is satisfied with the Transaction ID 200303859854
12:47:19.351 [AWT-EventQueue-0] INFO  com.satfnRegBot.automationScripts.SatisfactionRegisteration - 400024909797 is satisfied with the Transaction ID 200303859928
12:47:41.266 [AWT-EventQueue-0] INFO  com.satfnRegBot.automationScripts.SatisfactionRegisteration - 400062596872 is satisfied with the Transaction ID 200303859978
12:48:02.639 [AWT-EventQueue-0] INFO  com.satfnRegBot.automationScripts.SatisfactionRegisteration - 400069887691 is satisfied with the Transaction ID 200303860053
12:48:24.287 [AWT-EventQueue-0] INFO  com.satfnRegBot.automationScripts.SatisfactionRegisteration - 400023963730 is satisfied with the Transaction ID 200303860107
12:48:45.752 [AWT-EventQueue-0] INFO  com.satfnRegBot.automationScripts.SatisfactionRegisteration - 400069927827 is satisfied with the Transaction ID 200303860170
12:49:07.235 [AWT-EventQueue-0] INFO  com.satfnRegBot.automationScripts.SatisfactionRegisteration - 400060929225 is satisfied with the Transaction ID 200303860224
12:49:28.583 [AWT-EventQueue-0] INFO  com.satfnRegBot.automationScripts.SatisfactionRegisteration - 400027331015 is satisfied with the Transaction ID 200303860276
12:49:49.863 [AWT-EventQueue-0] INFO  com.satfnRegBot.automationScripts.SatisfactionRegisteration - 400063228453 is satisfied with the Transaction ID 200303860333
12:50:11.490 [AWT-EventQueue-0] INFO  com.satfnRegBot.automationScripts.SatisfactionRegisteration - 400070416135 is satisfied with the Transaction ID 200303860389
12:50:33.148 [AWT-EventQueue-0] INFO  com.satfnRegBot.automationScripts.SatisfactionRegisteration - 400039201147 is satisfied with the Transaction ID 200303860442
12:50:54.596 [AWT-EventQueue-0] INFO  com.satfnRegBot.automationScripts.SatisfactionRegisteration - 400028762262 is satisfied with the Transaction ID 200303860506
12:51:16.349 [AWT-EventQueue-0] INFO  com.satfnRegBot.automationScripts.SatisfactionRegisteration - 400072385447 is satisfied with the Transaction ID 200303860574
12:51:17.422 [AWT-EventQueue-0] INFO  com.satfnRegBot.automationScripts.SatisfactionRegisteration - 400015458440 is already satisfied
12:51:38.593 [AWT-EventQueue-0] INFO  com.satfnRegBot.automationScripts.SatisfactionRegisteration - 400060934686 is satisfied with the Transaction ID 200303860648
12:51:59.837 [AWT-EventQueue-0] INFO  com.satfnRegBot.automationScripts.SatisfactionRegisteration - 400060978402 is satisfied with the Transaction ID 200303860752
12:52:21.446 [AWT-EventQueue-0] INFO  com.satfnRegBot.automationScripts.SatisfactionRegisteration - 400038902539 is satisfied with the Transaction ID 200303860843
12:52:42.774 [AWT-EventQueue-0] INFO  com.satfnRegBot.automationScripts.SatisfactionRegisteration - 400060752060 is satisfied with the Transaction ID 200303860903
12:53:04.377 [AWT-EventQueue-0] INFO  com.satfnRegBot.automationScripts.SatisfactionRegisteration - 400032873768 is satisfied with the Transaction ID 200303860978
12:53:25.730 [AWT-EventQueue-0] INFO  com.satfnRegBot.automationScripts.SatisfactionRegisteration - 400032847628 is satisfied with the Transaction ID 200303861042
12:53:47.179 [AWT-EventQueue-0] INFO  com.satfnRegBot.automationScripts.SatisfactionRegisteration - 400039168046 is satisfied with the Transaction ID 200303861107
12:54:21.081 [AWT-EventQueue-0] INFO  com.satfnRegBot.automationScripts.SatisfactionRegisteration - 400075333999 is satisfied with the Transaction ID 200303861158
12:54:42.434 [AWT-EventQueue-0] INFO  com.satfnRegBot.automationScripts.SatisfactionRegisteration - 400061071939 is satisfied with the Transaction ID 200303861249
12:55:03.681 [AWT-EventQueue-0] INFO  com.satfnRegBot.automationScripts.SatisfactionRegisteration - 400060188263 is satisfied with the Transaction ID 200303861298
12:55:24.875 [AWT-EventQueue-0] INFO  com.satfnRegBot.automationScripts.SatisfactionRegisteration - 400039682496 is satisfied with the Transaction ID 200303861369
12:55:46.854 [AWT-EventQueue-0] INFO  com.satfnRegBot.automationScripts.SatisfactionRegisteration - 400029206845 is satisfied with the Transaction ID 200303861451
12:56:08.267 [AWT-EventQueue-0] INFO  com.satfnRegBot.automationScripts.SatisfactionRegisteration - 400063879556 is satisfied with the Transaction ID 200303861520
12:56:30.178 [AWT-EventQueue-0] INFO  com.satfnRegBot.automationScripts.SatisfactionRegisteration - 400061338777 is satisfied with the Transaction ID 200303861575
12:56:52.119 [AWT-EventQueue-0] INFO  com.satfnRegBot.automationScripts.SatisfactionRegisteration - 400063443152 is satisfied with the Transaction ID 200303861634
12:57:13.837 [AWT-EventQueue-0] INFO  com.satfnRegBot.automationScripts.SatisfactionRegisteration - 400069526601 is satisfied with the Transaction ID 200303861691
12:57:35.434 [AWT-EventQueue-0] INFO  com.satfnRegBot.automationScripts.SatisfactionRegisteration - 400035352832 is satisfied with the Transaction ID 200303861741
12:57:56.994 [AWT-EventQueue-0] INFO  com.satfnRegBot.automationScripts.SatisfactionRegisteration - 400075477168 is satisfied with the Transaction ID 200303861791
12:58:18.729 [AWT-EventQueue-0] INFO  com.satfnRegBot.automationScripts.SatisfactionRegisteration - 400039306063 is satisfied with the Transaction ID 200303861851
12:58:40.665 [AWT-EventQueue-0] INFO  com.satfnRegBot.automationScripts.SatisfactionRegisteration - 400070056590 is satisfied with the Transaction ID 200303861909
12:59:02.193 [AWT-EventQueue-0] INFO  com.satfnRegBot.automationScripts.SatisfactionRegisteration - 400071848345 is satisfied with the Transaction ID 200303861950
12:59:24.254 [AWT-EventQueue-0] INFO  com.satfnRegBot.automationScripts.SatisfactionRegisteration - 400073084493 is satisfied with the Transaction ID 200303862013
12:59:45.816 [AWT-EventQueue-0] INFO  com.satfnRegBot.automationScripts.SatisfactionRegisteration - 400039235354 is satisfied with the Transaction ID 200303862072
13:00:07.623 [AWT-EventQueue-0] INFO  com.satfnRegBot.automationScripts.SatisfactionRegisteration - 400070361142 is satisfied with the Transaction ID 200303862128
13:00:29.128 [AWT-EventQueue-0] INFO  com.satfnRegBot.automationScripts.SatisfactionRegisteration - 400062749621 is satisfied with the Transaction ID 200303862182
13:00:51.390 [AWT-EventQueue-0] INFO  com.satfnRegBot.automationScripts.SatisfactionRegisteration - 400072762650 is satisfied with the Transaction ID 200303862231
13:01:13.030 [AWT-EventQueue-0] INFO  com.satfnRegBot.automationScripts.SatisfactionRegisteration - 400063594544 is satisfied with the Transaction ID 200303862288
13:01:35.345 [AWT-EventQueue-0] INFO  com.satfnRegBot.automationScripts.SatisfactionRegisteration - 400024336291 is satisfied with the Transaction ID 200303862334
13:01:56.921 [AWT-EventQueue-0] INFO  com.satfnRegBot.automationScripts.SatisfactionRegisteration - 400020368527 is satisfied with the Transaction ID 200303862397
13:02:18.609 [AWT-EventQueue-0] INFO  com.satfnRegBot.automationScripts.SatisfactionRegisteration - 400062580215 is satisfied with the Transaction ID 200303862450
13:02:40.604 [AWT-EventQueue-0] INFO  com.satfnRegBot.automationScripts.SatisfactionRegisteration - 400064770532 is satisfied with the Transaction ID 200303862498
13:03:10.641 [AWT-EventQueue-0] INFO  com.satfnRegBot.automationScripts.SatisfactionRegisteration - 400061020263 is satisfied with the Transaction ID 200303862583
13:03:32.277 [AWT-EventQueue-0] INFO  com.satfnRegBot.automationScripts.SatisfactionRegisteration - 400032891919 is satisfied with the Transaction ID 200303862652
13:03:54.039 [AWT-EventQueue-0] INFO  com.satfnRegBot.automationScripts.SatisfactionRegisteration - 400033040398 is satisfied with the Transaction ID 200303862699
13:04:18.973 [AWT-EventQueue-0] INFO  com.satfnRegBot.automationScripts.SatisfactionRegisteration - 400076972710 is satisfied with the Transaction ID 200303862752
13:04:40.878 [AWT-EventQueue-0] INFO  com.satfnRegBot.automationScripts.SatisfactionRegisteration - 400029567603 is satisfied with the Transaction ID 200303862830
13:05:02.338 [AWT-EventQueue-0] INFO  com.satfnRegBot.automationScripts.SatisfactionRegisteration - 400030265492 is satisfied with the Transaction ID 200303862901
13:05:24.081 [AWT-EventQueue-0] INFO  com.satfnRegBot.automationScripts.SatisfactionRegisteration - 400067208624 is satisfied with the Transaction ID 200303862971
13:05:45.638 [AWT-EventQueue-0] INFO  com.satfnRegBot.automationScripts.SatisfactionRegisteration - 400069929941 is satisfied with the Transaction ID 200303863029
13:06:07.483 [AWT-EventQueue-0] INFO  com.satfnRegBot.automationScripts.SatisfactionRegisteration - 400069785337 is satisfied with the Transaction ID 200303863097
13:06:29.146 [AWT-EventQueue-0] INFO  com.satfnRegBot.automationScripts.SatisfactionRegisteration - 400063172884 is satisfied with the Transaction ID 200303863167
13:06:50.801 [AWT-EventQueue-0] INFO  com.satfnRegBot.automationScripts.SatisfactionRegisteration - 400070595115 is satisfied with the Transaction ID 200303863243
13:07:12.236 [AWT-EventQueue-0] INFO  com.satfnRegBot.automationScripts.SatisfactionRegisteration - 400039477561 is satisfied with the Transaction ID 200303863313
13:07:34.014 [AWT-EventQueue-0] INFO  com.satfnRegBot.automationScripts.SatisfactionRegisteration - 400060959720 is satisfied with the Transaction ID 200303863372
13:07:56.055 [AWT-EventQueue-0] INFO  com.satfnRegBot.automationScripts.SatisfactionRegisteration - 400060971877 is satisfied with the Transaction ID 200303863430
13:08:17.726 [AWT-EventQueue-0] INFO  com.satfnRegBot.automationScripts.SatisfactionRegisteration - 400029930398 is satisfied with the Transaction ID 200303863501
13:08:39.697 [AWT-EventQueue-0] INFO  com.satfnRegBot.automationScripts.SatisfactionRegisteration - 400063350481 is satisfied with the Transaction ID 200303863562
13:09:01.191 [AWT-EventQueue-0] INFO  com.satfnRegBot.automationScripts.SatisfactionRegisteration - 400060575736 is satisfied with the Transaction ID 200303863628
13:09:22.783 [AWT-EventQueue-0] INFO  com.satfnRegBot.automationScripts.SatisfactionRegisteration - 400032918725 is satisfied with the Transaction ID 200303863689
13:09:44.271 [AWT-EventQueue-0] INFO  com.satfnRegBot.automationScripts.SatisfactionRegisteration - 400032962956 is satisfied with the Transaction ID 200303863756
13:10:07.448 [AWT-EventQueue-0] INFO  com.satfnRegBot.automationScripts.SatisfactionRegisteration - 400069609549 is satisfied with the Transaction ID 200303863815
13:10:28.970 [AWT-EventQueue-0] INFO  com.satfnRegBot.automationScripts.SatisfactionRegisteration - 400026381232 is satisfied with the Transaction ID 200303863895
13:10:51.175 [AWT-EventQueue-0] INFO  com.satfnRegBot.automationScripts.SatisfactionRegisteration - 400060993121 is satisfied with the Transaction ID 200303863961
13:11:14.210 [AWT-EventQueue-0] INFO  com.satfnRegBot.automationScripts.SatisfactionRegisteration - 400062576974 is satisfied with the Transaction ID 200303864025
13:11:35.968 [AWT-EventQueue-0] INFO  com.satfnRegBot.automationScripts.SatisfactionRegisteration - 400062590361 is satisfied with the Transaction ID 200303864090
13:11:57.010 [AWT-EventQueue-0] INFO  com.satfnRegBot.automationScripts.SatisfactionRegisteration - 400060887035 is satisfied with the Transaction ID 200303864170
13:12:19.112 [AWT-EventQueue-0] INFO  com.satfnRegBot.automationScripts.SatisfactionRegisteration - 400060934181 is satisfied with the Transaction ID 200303864258
13:12:40.494 [AWT-EventQueue-0] INFO  com.satfnRegBot.automationScripts.SatisfactionRegisteration - 400023679319 is satisfied with the Transaction ID 200303864322
13:13:02.327 [AWT-EventQueue-0] INFO  com.satfnRegBot.automationScripts.SatisfactionRegisteration - 400037176060 is satisfied with the Transaction ID 200303864401
13:13:24.702 [AWT-EventQueue-0] INFO  com.satfnRegBot.automationScripts.SatisfactionRegisteration - 400061208733 is satisfied with the Transaction ID 200303864477
13:13:46.557 [AWT-EventQueue-0] INFO  com.satfnRegBot.automationScripts.SatisfactionRegisteration - 400061280636 is satisfied with the Transaction ID 200303864534
13:15:24.233 [AWT-EventQueue-0] INFO  com.satfnRegBot.automationScripts.SatisfactionRegisteration - 400030422577 is satisfied with the Transaction ID 200303864769
13:15:45.858 [AWT-EventQueue-0] INFO  com.satfnRegBot.automationScripts.SatisfactionRegisteration - 400029766045 is satisfied with the Transaction ID 200303864818
13:16:07.177 [AWT-EventQueue-0] INFO  com.satfnRegBot.automationScripts.SatisfactionRegisteration - 400032867640 is satisfied with the Transaction ID 200303864868
13:16:28.901 [AWT-EventQueue-0] INFO  com.satfnRegBot.automationScripts.SatisfactionRegisteration - 400021467238 is satisfied with the Transaction ID 200303864918
13:16:50.565 [AWT-EventQueue-0] INFO  com.satfnRegBot.automationScripts.SatisfactionRegisteration - 400015923139 is satisfied with the Transaction ID 200303864959
13:17:12.306 [AWT-EventQueue-0] INFO  com.satfnRegBot.automationScripts.SatisfactionRegisteration - 400028752961 is satisfied with the Transaction ID 200303865020
13:17:33.800 [AWT-EventQueue-0] INFO  com.satfnRegBot.automationScripts.SatisfactionRegisteration - 400071021356 is satisfied with the Transaction ID 200303865086
13:17:55.298 [AWT-EventQueue-0] INFO  com.satfnRegBot.automationScripts.SatisfactionRegisteration - 400029937088 is satisfied with the Transaction ID 200303865154
13:18:16.835 [AWT-EventQueue-0] INFO  com.satfnRegBot.automationScripts.SatisfactionRegisteration - 400061193129 is satisfied with the Transaction ID 200303865217
13:18:38.786 [AWT-EventQueue-0] INFO  com.satfnRegBot.automationScripts.SatisfactionRegisteration - 400070553599 is satisfied with the Transaction ID 200303865294
13:19:01.403 [AWT-EventQueue-0] INFO  com.satfnRegBot.automationScripts.SatisfactionRegisteration - 400069685002 is satisfied with the Transaction ID 200303865351
13:19:23.501 [AWT-EventQueue-0] INFO  com.satfnRegBot.automationScripts.SatisfactionRegisteration - 400060575453 is satisfied with the Transaction ID 200303865423
13:19:46.114 [AWT-EventQueue-0] INFO  com.satfnRegBot.automationScripts.SatisfactionRegisteration - 400061388987 is satisfied with the Transaction ID 200303865474
13:20:07.699 [AWT-EventQueue-0] INFO  com.satfnRegBot.automationScripts.SatisfactionRegisteration - 400063291717 is satisfied with the Transaction ID 200303865532
13:20:28.924 [AWT-EventQueue-0] INFO  com.satfnRegBot.automationScripts.SatisfactionRegisteration - 400061278265 is satisfied with the Transaction ID 200303865591
13:20:50.694 [AWT-EventQueue-0] INFO  com.satfnRegBot.automationScripts.SatisfactionRegisteration - 400061049266 is satisfied with the Transaction ID 200303865641
13:21:13.310 [AWT-EventQueue-0] INFO  com.satfnRegBot.automationScripts.SatisfactionRegisteration - 400070575281 is satisfied with the Transaction ID 200303865694
13:21:34.820 [AWT-EventQueue-0] INFO  com.satfnRegBot.automationScripts.SatisfactionRegisteration - 400032819600 is satisfied with the Transaction ID 200303865759
13:21:58.480 [AWT-EventQueue-0] INFO  com.satfnRegBot.automationScripts.SatisfactionRegisteration - 400062059843 is satisfied with the Transaction ID 200303865842
13:22:20.749 [AWT-EventQueue-0] INFO  com.satfnRegBot.automationScripts.SatisfactionRegisteration - 400075467908 is satisfied with the Transaction ID 200303865897
13:22:43.328 [AWT-EventQueue-0] INFO  com.satfnRegBot.automationScripts.SatisfactionRegisteration - 400037150069 is satisfied with the Transaction ID 200303865966
13:23:05.241 [AWT-EventQueue-0] INFO  com.satfnRegBot.automationScripts.SatisfactionRegisteration - 400060964737 is satisfied with the Transaction ID 200303866054
13:23:26.717 [AWT-EventQueue-0] INFO  com.satfnRegBot.automationScripts.SatisfactionRegisteration - 400064020237 is satisfied with the Transaction ID 200303866136
13:23:48.456 [AWT-EventQueue-0] INFO  com.satfnRegBot.automationScripts.SatisfactionRegisteration - 400069815366 is satisfied with the Transaction ID 200303866206
13:23:50.089 [AWT-EventQueue-0] INFO  com.satfnRegBot.automationScripts.SatisfactionRegisteration - 400020474024 is already satisfied
13:24:11.825 [AWT-EventQueue-0] INFO  com.satfnRegBot.automationScripts.SatisfactionRegisteration - 400062585175 is satisfied with the Transaction ID 200303866261
13:24:34.165 [AWT-EventQueue-0] INFO  com.satfnRegBot.automationScripts.SatisfactionRegisteration - 400073350849 is satisfied with the Transaction ID 200303866327
13:24:56.622 [AWT-EventQueue-0] INFO  com.satfnRegBot.automationScripts.SatisfactionRegisteration - 400063235452 is satisfied with the Transaction ID 200303866403
13:25:18.968 [AWT-EventQueue-0] INFO  com.satfnRegBot.automationScripts.SatisfactionRegisteration - 400039057553 is satisfied with the Transaction ID 200303866480
13:25:40.725 [AWT-EventQueue-0] INFO  com.satfnRegBot.automationScripts.SatisfactionRegisteration - 400061691862 is satisfied with the Transaction ID 200303866560
13:26:02.396 [AWT-EventQueue-0] INFO  com.satfnRegBot.automationScripts.SatisfactionRegisteration - 400066720128 is satisfied with the Transaction ID 200303866633
13:26:24.480 [AWT-EventQueue-0] INFO  com.satfnRegBot.automationScripts.SatisfactionRegisteration - 400060854055 is satisfied with the Transaction ID 200303866706
13:26:25.715 [AWT-EventQueue-0] INFO  com.satfnRegBot.automationScripts.SatisfactionRegisteration - 400061669636 is already satisfied
13:26:46.841 [AWT-EventQueue-0] INFO  com.satfnRegBot.automationScripts.SatisfactionRegisteration - 400061224858 is satisfied with the Transaction ID 200303866780
13:27:09.331 [AWT-EventQueue-0] INFO  com.satfnRegBot.automationScripts.SatisfactionRegisteration - 400063918393 is satisfied with the Transaction ID 200303866854
13:27:31.572 [AWT-EventQueue-0] INFO  com.satfnRegBot.automationScripts.SatisfactionRegisteration - 400070217048 is satisfied with the Transaction ID 200303866923
13:27:53.128 [AWT-EventQueue-0] INFO  com.satfnRegBot.automationScripts.SatisfactionRegisteration - 400061079607 is satisfied with the Transaction ID 200303867003
13:28:15.067 [AWT-EventQueue-0] INFO  com.satfnRegBot.automationScripts.SatisfactionRegisteration - 400029757561 is satisfied with the Transaction ID 200303867086
15:23:57.885 [AWT-EventQueue-0] INFO  com.satfnRegBot.automationScripts.SatisfactionRegisteration - https://www.cersai.org.in/CERSAI/home.prg URL Opened Successfully in chrome browser
15:24:40.542 [AWT-EventQueue-0] INFO  com.satfnRegBot.automationScripts.SatisfactionRegisteration - 400061321165 is already satisfied
15:40:22.232 [AWT-EventQueue-0] INFO  com.satfnRegBot.automationScripts.SatisfactionRegisteration - https://www.cersai.org.in/CERSAI/home.prg URL Opened Successfully in chrome browser
15:41:11.259 [AWT-EventQueue-0] INFO  com.satfnRegBot.automationScripts.SatisfactionRegisteration - WebElement could not be able to find in the webpage
15:41:32.771 [AWT-EventQueue-0] INFO  com.satfnRegBot.automationScripts.SatisfactionRegisteration - WebElement could not be able to find in the webpage
15:45:06.349 [AWT-EventQueue-0] INFO  com.satfnRegBot.automationScripts.SatisfactionRegisteration - 400061321224 is satisfied with the Transaction ID 200319624567
15:57:12.491 [AWT-EventQueue-0] INFO  com.satfnRegBot.automationScripts.SatisfactionRegisteration - https://www.cersai.org.in/CERSAI/home.prg URL Opened Successfully in chrome browser
15:57:57.255 [AWT-EventQueue-0] INFO  com.satfnRegBot.automationScripts.SatisfactionRegisteration - 400061321165 is already satisfied
15:57:58.034 [AWT-EventQueue-0] INFO  com.satfnRegBot.automationScripts.SatisfactionRegisteration - 400061321224 is already satisfied
17:18:02.745 [AWT-EventQueue-0] INFO  com.satfnRegBot.automationScripts.SatisfactionRegisteration - https://www.cersai.org.in/CERSAI/home.prg URL Opened Successfully in chrome browser
17:18:52.223 [AWT-EventQueue-0] INFO  com.satfnRegBot.automationScripts.SatisfactionRegisteration - 400061321263 is satisfied with the Transaction ID 200319647889
17:19:06.653 [AWT-EventQueue-0] INFO  com.satfnRegBot.automationScripts.SatisfactionRegisteration - 400061321267 is satisfied with the Transaction ID 200319647937
17:19:20.947 [AWT-EventQueue-0] INFO  com.satfnRegBot.automationScripts.SatisfactionRegisteration - 400061321283 is satisfied with the Transaction ID 200319647993
