14:41:01.860 [main] INFO  com.satfnRegBot.automationScripts.SatisfactionRegisteration - https://www.cersai.org.in/CERSAI/home.prgURL Opened Successfully in chrome browser
16:41:41.522 [main] INFO  com.satfnRegBot.automationScripts.SatisfactionRegisteration - https://www.cersai.org.in/CERSAI/home.prg URL Opened Successfully in chrome browser
16:42:18.438 [main] INFO  com.satfnRegBot.automationScripts.SatisfactionRegisteration - 400037196349 is already satisfied
16:42:31.152 [main] INFO  com.satfnRegBot.automationScripts.SatisfactionRegisteration - 400063407726 is satisfied with the Transaction ID 200297523469
16:42:33.530 [main] INFO  com.satfnRegBot.automationScripts.SatisfactionRegisteration - 400067434292 is already satisfied
16:42:45.718 [main] INFO  com.satfnRegBot.automationScripts.SatisfactionRegisteration - 400024534823 is satisfied with the Transaction ID 200297523581
16:42:47.777 [main] INFO  com.satfnRegBot.automationScripts.SatisfactionRegisteration - 400039240308 is already satisfied
16:43:00.065 [main] INFO  com.satfnRegBot.automationScripts.SatisfactionRegisteration - 400061305002 is satisfied with the Transaction ID 200297523694
16:43:13.838 [main] INFO  com.satfnRegBot.automationScripts.SatisfactionRegisteration - 400069475538 is satisfied with the Transaction ID 200297523798
16:43:26.775 [main] INFO  com.satfnRegBot.automationScripts.SatisfactionRegisteration - 400061019757 is satisfied with the Transaction ID 200297523896
16:43:41.031 [main] INFO  com.satfnRegBot.automationScripts.SatisfactionRegisteration - 400061304744 is satisfied with the Transaction ID 200297523988
16:43:42.681 [main] INFO  com.satfnRegBot.automationScripts.SatisfactionRegisteration - 400039606048 is already satisfied
16:43:43.528 [main] INFO  com.satfnRegBot.automationScripts.SatisfactionRegisteration -  is already satisfied
17:03:37.540 [main] INFO  com.satfnRegBot.automationScripts.SatisfactionRegisteration - https://www.cersai.org.in/CERSAI/home.prg URL Opened Successfully in chrome browser
17:04:20.801 [main] INFO  com.satfnRegBot.automationScripts.SatisfactionRegisteration - 400061048504 is satisfied with the Transaction ID 200297530909
17:04:22.859 [main] INFO  com.satfnRegBot.automationScripts.SatisfactionRegisteration - 400067434835 is already satisfied
17:04:34.851 [main] INFO  com.satfnRegBot.automationScripts.SatisfactionRegisteration - 400039228127 is satisfied with the Transaction ID 200297530968
17:04:36.654 [main] INFO  com.satfnRegBot.automationScripts.SatisfactionRegisteration - 400039564343 is already satisfied
17:04:37.879 [main] INFO  com.satfnRegBot.automationScripts.SatisfactionRegisteration - 400060904278 is already satisfied
17:04:50.281 [main] INFO  com.satfnRegBot.automationScripts.SatisfactionRegisteration - 400061004979 is satisfied with the Transaction ID 200297531032
17:04:52.138 [main] INFO  com.satfnRegBot.automationScripts.SatisfactionRegisteration - 400062580510 is already satisfied
17:04:53.232 [main] INFO  com.satfnRegBot.automationScripts.SatisfactionRegisteration - 400061148826 is already satisfied
17:04:54.270 [main] INFO  com.satfnRegBot.automationScripts.SatisfactionRegisteration - 400069705553 is already satisfied
17:04:55.211 [main] INFO  com.satfnRegBot.automationScripts.SatisfactionRegisteration - 400069825650 is already satisfied
12:04:47.522 [main] INFO  com.satfnRegBot.automationScripts.SatisfactionRegisteration - https://www.cersai.org.in/CERSAI/home.prg URL Opened Successfully in chrome browser
12:06:57.621 [main] INFO  com.satfnRegBot.automationScripts.SatisfactionRegisteration - https://www.cersai.org.in/CERSAI/home.prg URL Opened Successfully in chrome browser
12:07:30.128 [main] INFO  com.satfnRegBot.automationScripts.SatisfactionRegisteration - 400021514009 is already satisfied
12:07:31.283 [main] INFO  com.satfnRegBot.automationScripts.SatisfactionRegisteration - 400027855247 is already satisfied
12:07:32.340 [main] INFO  com.satfnRegBot.automationScripts.SatisfactionRegisteration - 400037739744 is already satisfied
12:07:44.641 [main] INFO  com.satfnRegBot.automationScripts.SatisfactionRegisteration - 400039248157 is satisfied with the Transaction ID 200297599022
12:07:46.714 [main] INFO  com.satfnRegBot.automationScripts.SatisfactionRegisteration - 400067054105 is already satisfied
12:07:58.824 [main] INFO  com.satfnRegBot.automationScripts.SatisfactionRegisteration - 400061720014 is satisfied with the Transaction ID 200297599075
12:08:01.029 [main] INFO  com.satfnRegBot.automationScripts.SatisfactionRegisteration - 400060850633 is already satisfied
12:08:13.451 [main] INFO  com.satfnRegBot.automationScripts.SatisfactionRegisteration - 400061209132 is satisfied with the Transaction ID 200297599126
12:08:15.378 [main] INFO  com.satfnRegBot.automationScripts.SatisfactionRegisteration - 400026484562 is already satisfied
12:08:16.366 [main] INFO  com.satfnRegBot.automationScripts.SatisfactionRegisteration - 400039106320 is already satisfied
12:16:24.957 [main] INFO  com.satfnRegBot.automationScripts.SatisfactionRegisteration - https://www.cersai.org.in/CERSAI/home.prg URL Opened Successfully in chrome browser
12:17:09.257 [main] INFO  com.satfnRegBot.automationScripts.SatisfactionRegisteration - 400039340485 is satisfied with the Transaction ID 200297601116
12:17:22.972 [main] INFO  com.satfnRegBot.automationScripts.SatisfactionRegisteration - 400025782306 is satisfied with the Transaction ID 200297601161
12:17:25.216 [main] INFO  com.satfnRegBot.automationScripts.SatisfactionRegisteration - 400039286358 is already satisfied
12:17:37.634 [main] INFO  com.satfnRegBot.automationScripts.SatisfactionRegisteration - 400039239550 is satisfied with the Transaction ID 200297601222
12:17:50.754 [main] INFO  com.satfnRegBot.automationScripts.SatisfactionRegisteration - 400061209817 is satisfied with the Transaction ID 200297601280
12:17:52.938 [main] INFO  com.satfnRegBot.automationScripts.SatisfactionRegisteration - 400028758212 is already satisfied
12:18:05.339 [main] INFO  com.satfnRegBot.automationScripts.SatisfactionRegisteration - 400033122403 is satisfied with the Transaction ID 200297601334
12:18:07.005 [main] INFO  com.satfnRegBot.automationScripts.SatisfactionRegisteration - 400060904397 is already satisfied
12:18:07.987 [main] INFO  com.satfnRegBot.automationScripts.SatisfactionRegisteration - 400061321444 is already satisfied
12:18:20.442 [main] INFO  com.satfnRegBot.automationScripts.SatisfactionRegisteration - 400026166145 is satisfied with the Transaction ID 200297601381
12:18:33.835 [main] INFO  com.satfnRegBot.automationScripts.SatisfactionRegisteration - 400061186591 is satisfied with the Transaction ID 200297601434
12:18:46.562 [main] INFO  com.satfnRegBot.automationScripts.SatisfactionRegisteration - 400061210376 is satisfied with the Transaction ID 200297601484
12:18:48.331 [main] INFO  com.satfnRegBot.automationScripts.SatisfactionRegisteration - 400027924864 is already satisfied
12:19:00.325 [main] INFO  com.satfnRegBot.automationScripts.SatisfactionRegisteration - 400032554099 is satisfied with the Transaction ID 200297601532
12:19:13.225 [main] INFO  com.satfnRegBot.automationScripts.SatisfactionRegisteration - 400039369266 is satisfied with the Transaction ID 200297601585
12:19:14.816 [main] INFO  com.satfnRegBot.automationScripts.SatisfactionRegisteration - 400060980068 is already satisfied
12:19:27.045 [main] INFO  com.satfnRegBot.automationScripts.SatisfactionRegisteration - 400060986768 is satisfied with the Transaction ID 200297601646
12:19:40.148 [main] INFO  com.satfnRegBot.automationScripts.SatisfactionRegisteration - 400070360573 is satisfied with the Transaction ID 200297601697
12:19:41.878 [main] INFO  com.satfnRegBot.automationScripts.SatisfactionRegisteration - 400063315743 is already satisfied
12:19:54.068 [main] INFO  com.satfnRegBot.automationScripts.SatisfactionRegisteration - 400039561838 is satisfied with the Transaction ID 200297601768
12:19:55.865 [main] INFO  com.satfnRegBot.automationScripts.SatisfactionRegisteration - 400064043471 is already satisfied
12:20:08.106 [main] INFO  com.satfnRegBot.automationScripts.SatisfactionRegisteration - 400060904744 is satisfied with the Transaction ID 200297601817
12:20:20.897 [main] INFO  com.satfnRegBot.automationScripts.SatisfactionRegisteration - 400039478861 is satisfied with the Transaction ID 200297601882
12:20:33.581 [main] INFO  com.satfnRegBot.automationScripts.SatisfactionRegisteration - 400059903060 is satisfied with the Transaction ID 200297601931
12:20:46.768 [main] INFO  com.satfnRegBot.automationScripts.SatisfactionRegisteration - 400061048297 is satisfied with the Transaction ID 200297601984
12:20:48.731 [main] INFO  com.satfnRegBot.automationScripts.SatisfactionRegisteration - 400063959651 is already satisfied
12:20:49.512 [main] INFO  com.satfnRegBot.automationScripts.SatisfactionRegisteration - 400031755491 is already satisfied
12:21:01.476 [main] INFO  com.satfnRegBot.automationScripts.SatisfactionRegisteration - 400035749294 is satisfied with the Transaction ID 200297602041
12:21:03.530 [main] INFO  com.satfnRegBot.automationScripts.SatisfactionRegisteration - 400060904880 is already satisfied
12:21:04.649 [main] INFO  com.satfnRegBot.automationScripts.SatisfactionRegisteration - 400018477584 is already satisfied
12:21:16.670 [main] INFO  com.satfnRegBot.automationScripts.SatisfactionRegisteration - 400020392744 is satisfied with the Transaction ID 200297602105
12:21:32.470 [main] INFO  com.satfnRegBot.automationScripts.SatisfactionRegisteration - 400035238568 is satisfied with the Transaction ID 200297602161
12:21:46.421 [main] INFO  com.satfnRegBot.automationScripts.SatisfactionRegisteration - 400038031637 is satisfied with the Transaction ID 200297602232
12:22:01.644 [main] INFO  com.satfnRegBot.automationScripts.SatisfactionRegisteration - 400039216982 is satisfied with the Transaction ID 200297602304
12:22:14.177 [main] INFO  com.satfnRegBot.automationScripts.SatisfactionRegisteration - 400060929435 is satisfied with the Transaction ID 200297602396
12:22:15.929 [main] INFO  com.satfnRegBot.automationScripts.SatisfactionRegisteration - 400037168441 is already satisfied
12:22:27.970 [main] INFO  com.satfnRegBot.automationScripts.SatisfactionRegisteration - 400021825037 is satisfied with the Transaction ID 200297602479
12:22:40.770 [main] INFO  com.satfnRegBot.automationScripts.SatisfactionRegisteration - 400021813148 is satisfied with the Transaction ID 200297602555
12:22:42.402 [main] INFO  com.satfnRegBot.automationScripts.SatisfactionRegisteration - 400024377473 is already satisfied
12:22:54.603 [main] INFO  com.satfnRegBot.automationScripts.SatisfactionRegisteration - 400037265524 is satisfied with the Transaction ID 200297602613
13:13:44.361 [main] INFO  com.satfnRegBot.automationScripts.SatisfactionRegisteration - https://www.cersai.org.in/CERSAI/home.prg URL Opened Successfully in chrome browser
13:14:16.817 [main] INFO  com.satfnRegBot.automationScripts.SatisfactionRegisteration - 400060573678 is already satisfied
13:14:17.858 [main] INFO  com.satfnRegBot.automationScripts.SatisfactionRegisteration - 400033018580 is already satisfied
13:14:18.859 [main] INFO  com.satfnRegBot.automationScripts.SatisfactionRegisteration - 400060982207 is already satisfied
13:14:31.093 [main] INFO  com.satfnRegBot.automationScripts.SatisfactionRegisteration - 400063229934 is satisfied with the Transaction ID 200297617075
13:14:33.157 [main] INFO  com.satfnRegBot.automationScripts.SatisfactionRegisteration - 400064840753 is already satisfied
13:15:02.629 [main] INFO  com.satfnRegBot.automationScripts.SatisfactionRegisteration - 400039232184 is satisfied with the Transaction ID 200297617130
13:15:17.254 [main] INFO  com.satfnRegBot.automationScripts.SatisfactionRegisteration - 400039679287 is satisfied with the Transaction ID 200297617233
13:15:18.798 [main] INFO  com.satfnRegBot.automationScripts.SatisfactionRegisteration - 400069883381 is already satisfied
13:15:30.769 [main] INFO  com.satfnRegBot.automationScripts.SatisfactionRegisteration - 400039259981 is satisfied with the Transaction ID 200297617297
13:15:33.162 [main] INFO  com.satfnRegBot.automationScripts.SatisfactionRegisteration - 400038904280 is already satisfied
13:15:34.213 [main] INFO  com.satfnRegBot.automationScripts.SatisfactionRegisteration - 400015449854 is already satisfied
13:15:46.508 [main] INFO  com.satfnRegBot.automationScripts.SatisfactionRegisteration - 400061321443 is satisfied with the Transaction ID 200297617354
13:15:59.081 [main] INFO  com.satfnRegBot.automationScripts.SatisfactionRegisteration - 400063863838 is satisfied with the Transaction ID 200297617395
13:16:12.011 [main] INFO  com.satfnRegBot.automationScripts.SatisfactionRegisteration - 400022096036 is satisfied with the Transaction ID 200297617441
13:16:13.793 [main] INFO  com.satfnRegBot.automationScripts.SatisfactionRegisteration - 400016996513 is already satisfied
13:16:25.638 [main] INFO  com.satfnRegBot.automationScripts.SatisfactionRegisteration - 400021751998 is satisfied with the Transaction ID 200297617493
13:16:38.611 [main] INFO  com.satfnRegBot.automationScripts.SatisfactionRegisteration - 400060188769 is satisfied with the Transaction ID 200297617530
13:16:40.078 [main] INFO  com.satfnRegBot.automationScripts.SatisfactionRegisteration - 400019576873 is already satisfied
13:16:40.838 [main] INFO  com.satfnRegBot.automationScripts.SatisfactionRegisteration - 400032071498 is already satisfied
13:16:41.623 [main] INFO  com.satfnRegBot.automationScripts.SatisfactionRegisteration - 400033179632 is already satisfied
13:16:53.598 [main] INFO  com.satfnRegBot.automationScripts.SatisfactionRegisteration - 400063431299 is satisfied with the Transaction ID 200297617587
13:16:55.195 [main] INFO  com.satfnRegBot.automationScripts.SatisfactionRegisteration - 400024148904 is already satisfied
13:17:07.044 [main] INFO  com.satfnRegBot.automationScripts.SatisfactionRegisteration - 400071608769 is satisfied with the Transaction ID 200297617632
13:17:08.597 [main] INFO  com.satfnRegBot.automationScripts.SatisfactionRegisteration - 400020291336 is already satisfied
13:17:09.405 [main] INFO  com.satfnRegBot.automationScripts.SatisfactionRegisteration - 400061692402 is already satisfied
13:17:21.192 [main] INFO  com.satfnRegBot.automationScripts.SatisfactionRegisteration - 400061700818 is satisfied with the Transaction ID 200297617682
13:17:23.050 [main] INFO  com.satfnRegBot.automationScripts.SatisfactionRegisteration - 400061659260 is already satisfied
13:17:34.977 [main] INFO  com.satfnRegBot.automationScripts.SatisfactionRegisteration - 400072759057 is satisfied with the Transaction ID 200297617724
13:17:48.026 [main] INFO  com.satfnRegBot.automationScripts.SatisfactionRegisteration - 400021870064 is satisfied with the Transaction ID 200297617761
13:17:49.733 [main] INFO  com.satfnRegBot.automationScripts.SatisfactionRegisteration - 400060905980 is already satisfied
13:18:01.508 [main] INFO  com.satfnRegBot.automationScripts.SatisfactionRegisteration - 400075048200 is satisfied with the Transaction ID 200297617807
13:18:02.984 [main] INFO  com.satfnRegBot.automationScripts.SatisfactionRegisteration - 400060929871 is already satisfied
13:18:03.810 [main] INFO  com.satfnRegBot.automationScripts.SatisfactionRegisteration - 400062731873 is already satisfied
13:18:15.847 [main] INFO  com.satfnRegBot.automationScripts.SatisfactionRegisteration - 400060929188 is satisfied with the Transaction ID 200297617856
13:18:17.722 [main] INFO  com.satfnRegBot.automationScripts.SatisfactionRegisteration - 400025803320 is already satisfied
13:18:29.650 [main] INFO  com.satfnRegBot.automationScripts.SatisfactionRegisteration - 400025802054 is satisfied with the Transaction ID 200297617898
13:18:31.272 [main] INFO  com.satfnRegBot.automationScripts.SatisfactionRegisteration - 400026488954 is already satisfied
13:18:43.125 [main] INFO  com.satfnRegBot.automationScripts.SatisfactionRegisteration - 400026459418 is satisfied with the Transaction ID 200297617943
13:18:44.583 [main] INFO  com.satfnRegBot.automationScripts.SatisfactionRegisteration - 400039651707 is already satisfied
13:18:56.605 [main] INFO  com.satfnRegBot.automationScripts.SatisfactionRegisteration - 400063437979 is satisfied with the Transaction ID 200297617999
13:19:09.212 [main] INFO  com.satfnRegBot.automationScripts.SatisfactionRegisteration - 400064915878 is satisfied with the Transaction ID 200297618054
13:19:10.718 [main] INFO  com.satfnRegBot.automationScripts.SatisfactionRegisteration - 400037915358 is already satisfied
13:19:22.606 [main] INFO  com.satfnRegBot.automationScripts.SatisfactionRegisteration - 400038955196 is satisfied with the Transaction ID 200297618112
13:19:35.326 [main] INFO  com.satfnRegBot.automationScripts.SatisfactionRegisteration - 400024686171 is satisfied with the Transaction ID 200297618166
13:19:37.468 [main] INFO  com.satfnRegBot.automationScripts.SatisfactionRegisteration - 400029972814 is already satisfied
13:19:49.379 [main] INFO  com.satfnRegBot.automationScripts.SatisfactionRegisteration - 400030274215 is satisfied with the Transaction ID 200297618216
13:20:01.862 [main] INFO  com.satfnRegBot.automationScripts.SatisfactionRegisteration - 400061310938 is satisfied with the Transaction ID 200297618258
13:20:04.729 [main] INFO  com.satfnRegBot.automationScripts.SatisfactionRegisteration - 400061074999 is already satisfied
13:20:16.495 [main] INFO  com.satfnRegBot.automationScripts.SatisfactionRegisteration - 400025795129 is satisfied with the Transaction ID 200297618300
13:20:28.927 [main] INFO  com.satfnRegBot.automationScripts.SatisfactionRegisteration - 400030751671 is satisfied with the Transaction ID 200297618345
13:20:50.467 [main] INFO  com.satfnRegBot.automationScripts.SatisfactionRegisteration - 400061276473 is satisfied with the Transaction ID 200297618413
13:20:51.993 [main] INFO  com.satfnRegBot.automationScripts.SatisfactionRegisteration - 400072902252 is already satisfied
13:20:52.751 [main] INFO  com.satfnRegBot.automationScripts.SatisfactionRegisteration - 400060732696 is already satisfied
13:20:53.531 [main] INFO  com.satfnRegBot.automationScripts.SatisfactionRegisteration - 400063185829 is already satisfied
13:21:05.351 [main] INFO  com.satfnRegBot.automationScripts.SatisfactionRegisteration - 400039285979 is satisfied with the Transaction ID 200297618497
13:21:07.222 [main] INFO  com.satfnRegBot.automationScripts.SatisfactionRegisteration - 400029583518 is already satisfied
13:21:08.180 [main] INFO  com.satfnRegBot.automationScripts.SatisfactionRegisteration - 400060929649 is already satisfied
13:21:21.476 [main] INFO  com.satfnRegBot.automationScripts.SatisfactionRegisteration - 400023124014 is satisfied with the Transaction ID 200297618540
13:21:35.089 [main] INFO  com.satfnRegBot.automationScripts.SatisfactionRegisteration - 400026371307 is satisfied with the Transaction ID 200297618595
13:21:49.039 [main] INFO  com.satfnRegBot.automationScripts.SatisfactionRegisteration - 400060937817 is satisfied with the Transaction ID 200297618644
13:21:50.424 [main] INFO  com.satfnRegBot.automationScripts.SatisfactionRegisteration - 400016841959 is already satisfied
13:22:02.309 [main] INFO  com.satfnRegBot.automationScripts.SatisfactionRegisteration - 400069206824 is satisfied with the Transaction ID 200297618712
13:22:15.276 [main] INFO  com.satfnRegBot.automationScripts.SatisfactionRegisteration - 400018715211 is satisfied with the Transaction ID 200297618786
13:22:16.727 [main] INFO  com.satfnRegBot.automationScripts.SatisfactionRegisteration - 400016991003 is already satisfied
13:22:38.248 [main] INFO  com.satfnRegBot.automationScripts.SatisfactionRegisteration - 400020407499 is satisfied with the Transaction ID 200297618909
13:22:39.889 [main] INFO  com.satfnRegBot.automationScripts.SatisfactionRegisteration - 400037907833 is already satisfied
13:22:40.606 [main] INFO  com.satfnRegBot.automationScripts.SatisfactionRegisteration - 400037244465 is already satisfied
13:22:52.631 [main] INFO  com.satfnRegBot.automationScripts.SatisfactionRegisteration - 400020461876 is satisfied with the Transaction ID 200297618956
13:22:54.060 [main] INFO  com.satfnRegBot.automationScripts.SatisfactionRegisteration - 400032887577 is already satisfied
13:23:06.119 [main] INFO  com.satfnRegBot.automationScripts.SatisfactionRegisteration - 400061209564 is satisfied with the Transaction ID 200297619003
13:23:18.876 [main] INFO  com.satfnRegBot.automationScripts.SatisfactionRegisteration - 400061796530 is satisfied with the Transaction ID 200297619062
13:23:31.691 [main] INFO  com.satfnRegBot.automationScripts.SatisfactionRegisteration - 400038916389 is satisfied with the Transaction ID 200297619104
13:23:33.277 [main] INFO  com.satfnRegBot.automationScripts.SatisfactionRegisteration - 400017537248 is already satisfied
13:23:34.007 [main] INFO  com.satfnRegBot.automationScripts.SatisfactionRegisteration - 400039394520 is already satisfied
13:23:45.799 [main] INFO  com.satfnRegBot.automationScripts.SatisfactionRegisteration - 400071434389 is satisfied with the Transaction ID 200297619155
13:23:58.530 [main] INFO  com.satfnRegBot.automationScripts.SatisfactionRegisteration - 400063925419 is satisfied with the Transaction ID 200297619197
13:24:11.467 [main] INFO  com.satfnRegBot.automationScripts.SatisfactionRegisteration - 400063979346 is satisfied with the Transaction ID 200297619235
13:24:13.357 [main] INFO  com.satfnRegBot.automationScripts.SatisfactionRegisteration - 400020984970 is already satisfied
13:24:25.132 [main] INFO  com.satfnRegBot.automationScripts.SatisfactionRegisteration - 400039257170 is satisfied with the Transaction ID 200297619270
13:24:26.822 [main] INFO  com.satfnRegBot.automationScripts.SatisfactionRegisteration - 400021894807 is already satisfied
13:24:27.541 [main] INFO  com.satfnRegBot.automationScripts.SatisfactionRegisteration - 400029486691 is already satisfied
13:24:39.355 [main] INFO  com.satfnRegBot.automationScripts.SatisfactionRegisteration - 400063236406 is satisfied with the Transaction ID 200297619329
13:24:54.765 [main] INFO  com.satfnRegBot.automationScripts.SatisfactionRegisteration - 400070221229 is satisfied with the Transaction ID 200297619380
13:24:56.536 [main] INFO  com.satfnRegBot.automationScripts.SatisfactionRegisteration - 400020540939 is already satisfied
13:24:57.389 [main] INFO  com.satfnRegBot.automationScripts.SatisfactionRegisteration - 400061339627 is already satisfied
13:25:14.842 [main] INFO  com.satfnRegBot.automationScripts.SatisfactionRegisteration - 400032872950 is satisfied with the Transaction ID 200297619454
13:25:16.589 [main] INFO  com.satfnRegBot.automationScripts.SatisfactionRegisteration - 400061240335 is already satisfied
13:25:17.287 [main] INFO  com.satfnRegBot.automationScripts.SatisfactionRegisteration - 400020363092 is already satisfied
13:25:29.021 [main] INFO  com.satfnRegBot.automationScripts.SatisfactionRegisteration - 400061763774 is satisfied with the Transaction ID 200297619544
13:25:30.822 [main] INFO  com.satfnRegBot.automationScripts.SatisfactionRegisteration - 400026449463 is already satisfied
13:25:42.693 [main] INFO  com.satfnRegBot.automationScripts.SatisfactionRegisteration - 400021432991 is satisfied with the Transaction ID 200297619612
13:25:56.307 [main] INFO  com.satfnRegBot.automationScripts.SatisfactionRegisteration - 400031586950 is satisfied with the Transaction ID 200297619675
13:26:09.113 [main] INFO  com.satfnRegBot.automationScripts.SatisfactionRegisteration - 400032891842 is satisfied with the Transaction ID 200297619735
13:26:21.876 [main] INFO  com.satfnRegBot.automationScripts.SatisfactionRegisteration - 400024039559 is satisfied with the Transaction ID 200297619787
13:26:23.536 [main] INFO  com.satfnRegBot.automationScripts.SatisfactionRegisteration - 400063439448 is already satisfied
13:26:35.675 [main] INFO  com.satfnRegBot.automationScripts.SatisfactionRegisteration - 400023489010 is satisfied with the Transaction ID 200297619861
13:26:37.345 [main] INFO  com.satfnRegBot.automationScripts.SatisfactionRegisteration - 400071886519 is already satisfied
13:26:49.113 [main] INFO  com.satfnRegBot.automationScripts.SatisfactionRegisteration - 400060759869 is satisfied with the Transaction ID 200297619911
13:27:03.373 [main] INFO  com.satfnRegBot.automationScripts.SatisfactionRegisteration - 400021582787 is satisfied with the Transaction ID 200297619964
13:27:05.036 [main] INFO  com.satfnRegBot.automationScripts.SatisfactionRegisteration - 400060092470 is already satisfied
15:46:38.243 [main] INFO  com.satfnRegBot.automationScripts.SatisfactionRegisteration - https://www.cersai.org.in/CERSAI/home.prg URL Opened Successfully in chrome browser
15:47:15.652 [main] INFO  com.satfnRegBot.automationScripts.SatisfactionRegisteration - 400026348747 is already satisfied
15:47:17.179 [main] INFO  com.satfnRegBot.automationScripts.SatisfactionRegisteration - 400022295293 is already satisfied
15:47:18.664 [main] INFO  com.satfnRegBot.automationScripts.SatisfactionRegisteration - 400060852962 is already satisfied
15:47:20.327 [main] INFO  com.satfnRegBot.automationScripts.SatisfactionRegisteration - 400060095935 is already satisfied
15:47:22.020 [main] INFO  com.satfnRegBot.automationScripts.SatisfactionRegisteration - 400039303932 is already satisfied
15:47:23.396 [main] INFO  com.satfnRegBot.automationScripts.SatisfactionRegisteration - 400017225648 is already satisfied
15:47:36.205 [main] INFO  com.satfnRegBot.automationScripts.SatisfactionRegisteration - 400026242006 is satisfied with the Transaction ID 200297649290
15:47:38.706 [main] INFO  com.satfnRegBot.automationScripts.SatisfactionRegisteration - 400036760351 is already satisfied
15:47:39.877 [main] INFO  com.satfnRegBot.automationScripts.SatisfactionRegisteration - 400060866735 is already satisfied
15:47:52.752 [main] INFO  com.satfnRegBot.automationScripts.SatisfactionRegisteration - 400061355406 is satisfied with the Transaction ID 200297649357
16:13:24.610 [main] INFO  com.satfnRegBot.automationScripts.SatisfactionRegisteration - https://www.cersai.org.in/CERSAI/home.prg URL Opened Successfully in chrome browser
16:14:11.726 [main] INFO  com.satfnRegBot.automationScripts.SatisfactionRegisteration - 400060757076 is satisfied with the Transaction ID 200297656010
16:14:25.564 [main] INFO  com.satfnRegBot.automationScripts.SatisfactionRegisteration - 400060913743 is satisfied with the Transaction ID 200297656066
16:14:39.124 [main] INFO  com.satfnRegBot.automationScripts.SatisfactionRegisteration - 400063291103 is satisfied with the Transaction ID 200297656111
16:14:53.066 [main] INFO  com.satfnRegBot.automationScripts.SatisfactionRegisteration - 400026385925 is satisfied with the Transaction ID 200297656166
16:14:55.464 [main] INFO  com.satfnRegBot.automationScripts.SatisfactionRegisteration - 400060840770 is already satisfied
16:14:56.561 [main] INFO  com.satfnRegBot.automationScripts.SatisfactionRegisteration - 400061687634 is already satisfied
16:14:57.722 [main] INFO  com.satfnRegBot.automationScripts.SatisfactionRegisteration - 400039662987 is already satisfied
16:15:10.277 [main] INFO  com.satfnRegBot.automationScripts.SatisfactionRegisteration - 400026490771 is satisfied with the Transaction ID 200297656228
16:15:11.942 [main] INFO  com.satfnRegBot.automationScripts.SatisfactionRegisteration - 400039518743 is already satisfied
16:15:24.237 [main] INFO  com.satfnRegBot.automationScripts.SatisfactionRegisteration - 400025645772 is satisfied with the Transaction ID 200297656299
16:15:37.344 [main] INFO  com.satfnRegBot.automationScripts.SatisfactionRegisteration - 400062615486 is satisfied with the Transaction ID 200297656372
16:15:39.341 [main] INFO  com.satfnRegBot.automationScripts.SatisfactionRegisteration - 400034390070 is already satisfied
16:15:51.621 [main] INFO  com.satfnRegBot.automationScripts.SatisfactionRegisteration - 400060903023 is satisfied with the Transaction ID 200297656425
16:15:53.312 [main] INFO  com.satfnRegBot.automationScripts.SatisfactionRegisteration - 400061321256 is already satisfied
16:15:54.243 [main] INFO  com.satfnRegBot.automationScripts.SatisfactionRegisteration - 400022373255 is already satisfied
16:16:06.317 [main] INFO  com.satfnRegBot.automationScripts.SatisfactionRegisteration - 400023053218 is satisfied with the Transaction ID 200297656503
16:16:19.258 [main] INFO  com.satfnRegBot.automationScripts.SatisfactionRegisteration - 400031558085 is satisfied with the Transaction ID 200297656580
16:16:32.194 [main] INFO  com.satfnRegBot.automationScripts.SatisfactionRegisteration - 400030438118 is satisfied with the Transaction ID 200297656625
16:16:33.891 [main] INFO  com.satfnRegBot.automationScripts.SatisfactionRegisteration - 400069261254 is already satisfied
16:16:46.120 [main] INFO  com.satfnRegBot.automationScripts.SatisfactionRegisteration - 400061276420 is satisfied with the Transaction ID 200297656678
16:16:59.327 [main] INFO  com.satfnRegBot.automationScripts.SatisfactionRegisteration - 400061019877 is satisfied with the Transaction ID 200297656738
16:17:12.655 [main] INFO  com.satfnRegBot.automationScripts.SatisfactionRegisteration - 400039167531 is satisfied with the Transaction ID 200297656792
16:17:45.026 [main] INFO  com.satfnRegBot.automationScripts.SatisfactionRegisteration - 400033127998 is satisfied with the Transaction ID 200297656930
16:17:58.164 [main] INFO  com.satfnRegBot.automationScripts.SatisfactionRegisteration - 400039163945 is satisfied with the Transaction ID 200297656991
16:18:00.225 [main] INFO  com.satfnRegBot.automationScripts.SatisfactionRegisteration - 400014430673 is already satisfied
16:18:01.075 [main] INFO  com.satfnRegBot.automationScripts.SatisfactionRegisteration - 400039256838 is already satisfied
16:18:01.983 [main] INFO  com.satfnRegBot.automationScripts.SatisfactionRegisteration - 400037345133 is already satisfied
16:18:02.769 [main] INFO  com.satfnRegBot.automationScripts.SatisfactionRegisteration - 400060690530 is already satisfied
16:18:15.014 [main] INFO  com.satfnRegBot.automationScripts.SatisfactionRegisteration - 400039702789 is satisfied with the Transaction ID 200297657068
16:18:16.791 [main] INFO  com.satfnRegBot.automationScripts.SatisfactionRegisteration - 400060862218 is already satisfied
16:18:28.853 [main] INFO  com.satfnRegBot.automationScripts.SatisfactionRegisteration - 400020343829 is satisfied with the Transaction ID 200297657140
16:18:41.380 [main] INFO  com.satfnRegBot.automationScripts.SatisfactionRegisteration - 400062383285 is satisfied with the Transaction ID 200297657200
16:18:54.415 [main] INFO  com.satfnRegBot.automationScripts.SatisfactionRegisteration - 400069310198 is satisfied with the Transaction ID 200297657255
16:19:07.886 [main] INFO  com.satfnRegBot.automationScripts.SatisfactionRegisteration - 400037198837 is satisfied with the Transaction ID 200297657311
16:19:09.782 [main] INFO  com.satfnRegBot.automationScripts.SatisfactionRegisteration - 400059673276 is already satisfied
16:19:22.341 [main] INFO  com.satfnRegBot.automationScripts.SatisfactionRegisteration - 400064046406 is satisfied with the Transaction ID 200297657368
16:19:24.271 [main] INFO  com.satfnRegBot.automationScripts.SatisfactionRegisteration - 400069194922 is already satisfied
16:19:25.182 [main] INFO  com.satfnRegBot.automationScripts.SatisfactionRegisteration - 400022650024 is already satisfied
16:19:37.197 [main] INFO  com.satfnRegBot.automationScripts.SatisfactionRegisteration - 400032929475 is satisfied with the Transaction ID 200297657429
16:19:39.803 [main] INFO  com.satfnRegBot.automationScripts.SatisfactionRegisteration - 400063437829 is already satisfied
16:19:52.101 [main] INFO  com.satfnRegBot.automationScripts.SatisfactionRegisteration - 400069838353 is satisfied with the Transaction ID 200297657488
16:20:08.993 [main] INFO  com.satfnRegBot.automationScripts.SatisfactionRegisteration - 400025273544 is satisfied with the Transaction ID 200297657537
16:20:10.813 [main] INFO  com.satfnRegBot.automationScripts.SatisfactionRegisteration - 400039234942 is already satisfied
16:20:23.493 [main] INFO  com.satfnRegBot.automationScripts.SatisfactionRegisteration - 400066651694 is satisfied with the Transaction ID 200297657630
16:20:37.024 [main] INFO  com.satfnRegBot.automationScripts.SatisfactionRegisteration - 400024083140 is satisfied with the Transaction ID 200297657697
16:20:50.203 [main] INFO  com.satfnRegBot.automationScripts.SatisfactionRegisteration - 400038924663 is satisfied with the Transaction ID 200297657751
16:21:03.130 [main] INFO  com.satfnRegBot.automationScripts.SatisfactionRegisteration - 400020405725 is satisfied with the Transaction ID 200297657795
16:21:04.922 [main] INFO  com.satfnRegBot.automationScripts.SatisfactionRegisteration - 400060950073 is already satisfied
16:21:17.321 [main] INFO  com.satfnRegBot.automationScripts.SatisfactionRegisteration - 400022355376 is satisfied with the Transaction ID 200297657859
16:21:18.876 [main] INFO  com.satfnRegBot.automationScripts.SatisfactionRegisteration - 400036828357 is already satisfied
16:21:31.076 [main] INFO  com.satfnRegBot.automationScripts.SatisfactionRegisteration - 400061339122 is satisfied with the Transaction ID 200297657917
16:21:44.248 [main] INFO  com.satfnRegBot.automationScripts.SatisfactionRegisteration - 400024380579 is satisfied with the Transaction ID 200297657976
16:21:46.016 [main] INFO  com.satfnRegBot.automationScripts.SatisfactionRegisteration - 400025970543 is already satisfied
16:21:58.317 [main] INFO  com.satfnRegBot.automationScripts.SatisfactionRegisteration - 400039183210 is satisfied with the Transaction ID 200297658029
16:22:00.143 [main] INFO  com.satfnRegBot.automationScripts.SatisfactionRegisteration - 400063909610 is already satisfied
16:22:12.275 [main] INFO  com.satfnRegBot.automationScripts.SatisfactionRegisteration - 400039311103 is satisfied with the Transaction ID 200297658091
16:22:25.246 [main] INFO  com.satfnRegBot.automationScripts.SatisfactionRegisteration - 400038193814 is satisfied with the Transaction ID 200297658150
16:22:38.279 [main] INFO  com.satfnRegBot.automationScripts.SatisfactionRegisteration - 400023697230 is satisfied with the Transaction ID 200297658193
16:22:51.655 [main] INFO  com.satfnRegBot.automationScripts.SatisfactionRegisteration - 400039162993 is satisfied with the Transaction ID 200297658245
16:22:53.613 [main] INFO  com.satfnRegBot.automationScripts.SatisfactionRegisteration - 400064777182 is already satisfied
16:22:54.435 [main] INFO  com.satfnRegBot.automationScripts.SatisfactionRegisteration - 400071264546 is already satisfied
16:22:55.204 [main] INFO  com.satfnRegBot.automationScripts.SatisfactionRegisteration - 400069929766 is already satisfied
16:22:56.009 [main] INFO  com.satfnRegBot.automationScripts.SatisfactionRegisteration - 400061287604 is already satisfied
16:23:08.862 [main] INFO  com.satfnRegBot.automationScripts.SatisfactionRegisteration - 400061305102 is satisfied with the Transaction ID 200297658314
16:23:21.989 [main] INFO  com.satfnRegBot.automationScripts.SatisfactionRegisteration - 400060895011 is satisfied with the Transaction ID 200297658370
16:23:23.902 [main] INFO  com.satfnRegBot.automationScripts.SatisfactionRegisteration - 400061036705 is already satisfied
16:23:36.122 [main] INFO  com.satfnRegBot.automationScripts.SatisfactionRegisteration - 400060885529 is satisfied with the Transaction ID 200297658441
16:23:49.380 [main] INFO  com.satfnRegBot.automationScripts.SatisfactionRegisteration - 400061137851 is satisfied with the Transaction ID 200297658500
16:23:51.407 [main] INFO  com.satfnRegBot.automationScripts.SatisfactionRegisteration - 400039359208 is already satisfied
16:24:03.458 [main] INFO  com.satfnRegBot.automationScripts.SatisfactionRegisteration - 400039235803 is satisfied with the Transaction ID 200297658567
16:24:17.327 [main] INFO  com.satfnRegBot.automationScripts.SatisfactionRegisteration - 400062857476 is satisfied with the Transaction ID 200297658631
16:24:30.307 [main] INFO  com.satfnRegBot.automationScripts.SatisfactionRegisteration - 400039265849 is satisfied with the Transaction ID 200297658687
16:24:32.030 [main] INFO  com.satfnRegBot.automationScripts.SatisfactionRegisteration - 400060904238 is already satisfied
16:24:32.857 [main] INFO  com.satfnRegBot.automationScripts.SatisfactionRegisteration - 400060755994 is already satisfied
16:24:33.872 [main] INFO  com.satfnRegBot.automationScripts.SatisfactionRegisteration - 400060923939 is already satisfied
16:24:45.751 [main] INFO  com.satfnRegBot.automationScripts.SatisfactionRegisteration - 400023189425 is satisfied with the Transaction ID 200297658756
16:25:06.027 [main] INFO  com.satfnRegBot.automationScripts.SatisfactionRegisteration - 400061318108 is satisfied with the Transaction ID 200297658808
16:25:07.730 [main] INFO  com.satfnRegBot.automationScripts.SatisfactionRegisteration - 400061156093 is already satisfied
16:25:08.618 [main] INFO  com.satfnRegBot.automationScripts.SatisfactionRegisteration - 400021153200 is already satisfied
16:25:09.408 [main] INFO  com.satfnRegBot.automationScripts.SatisfactionRegisteration - 400025701855 is already satisfied
16:25:10.236 [main] INFO  com.satfnRegBot.automationScripts.SatisfactionRegisteration - 400060904348 is already satisfied
16:25:23.272 [main] INFO  com.satfnRegBot.automationScripts.SatisfactionRegisteration - 400033030800 is satisfied with the Transaction ID 200297658885
16:25:25.325 [main] INFO  com.satfnRegBot.automationScripts.SatisfactionRegisteration - 400063321311 is already satisfied
16:25:26.161 [main] INFO  com.satfnRegBot.automationScripts.SatisfactionRegisteration - 400026259127 is already satisfied
16:25:37.985 [main] INFO  com.satfnRegBot.automationScripts.SatisfactionRegisteration - 400062432635 is satisfied with the Transaction ID 200297658949
16:25:51.189 [main] INFO  com.satfnRegBot.automationScripts.SatisfactionRegisteration - 400039216539 is satisfied with the Transaction ID 200297659010
16:26:04.862 [main] INFO  com.satfnRegBot.automationScripts.SatisfactionRegisteration - 400027202976 is satisfied with the Transaction ID 200297659057
16:26:18.428 [main] INFO  com.satfnRegBot.automationScripts.SatisfactionRegisteration - 400039746673 is satisfied with the Transaction ID 200297659121
16:26:31.653 [main] INFO  com.satfnRegBot.automationScripts.SatisfactionRegisteration - 400039562120 is satisfied with the Transaction ID 200297659178
16:26:45.244 [main] INFO  com.satfnRegBot.automationScripts.SatisfactionRegisteration - 400039494263 is satisfied with the Transaction ID 200297659237
16:26:47.297 [main] INFO  com.satfnRegBot.automationScripts.SatisfactionRegisteration - 400039642345 is already satisfied
16:26:48.153 [main] INFO  com.satfnRegBot.automationScripts.SatisfactionRegisteration - 400072792909 is already satisfied
16:26:59.967 [main] INFO  com.satfnRegBot.automationScripts.SatisfactionRegisteration - 400061370661 is satisfied with the Transaction ID 200297659284
16:27:12.859 [main] INFO  com.satfnRegBot.automationScripts.SatisfactionRegisteration - 400061337243 is satisfied with the Transaction ID 200297659340
16:27:25.753 [main] INFO  com.satfnRegBot.automationScripts.SatisfactionRegisteration - 400039483773 is satisfied with the Transaction ID 200297659397
16:27:27.615 [main] INFO  com.satfnRegBot.automationScripts.SatisfactionRegisteration - 400069065899 is already satisfied
16:27:39.486 [main] INFO  com.satfnRegBot.automationScripts.SatisfactionRegisteration - 400061047190 is satisfied with the Transaction ID 200297659451
16:27:52.384 [main] INFO  com.satfnRegBot.automationScripts.SatisfactionRegisteration - 400037195841 is satisfied with the Transaction ID 200297659497
16:28:05.353 [main] INFO  com.satfnRegBot.automationScripts.SatisfactionRegisteration - 400060561364 is satisfied with the Transaction ID 200297659534
16:28:18.509 [main] INFO  com.satfnRegBot.automationScripts.SatisfactionRegisteration - 400061321192 is satisfied with the Transaction ID 200297659584
16:39:48.906 [main] INFO  com.satfnRegBot.automationScripts.SatisfactionRegisteration - https://www.cersai.org.in/CERSAI/home.prg URL Opened Successfully in chrome browser
16:40:22.309 [main] INFO  com.satfnRegBot.automationScripts.SatisfactionRegisteration - 400067081565 is already satisfied
16:40:34.814 [main] INFO  com.satfnRegBot.automationScripts.SatisfactionRegisteration - 400023830053 is satisfied with the Transaction ID 200297662590
16:40:41.883 [main] INFO  com.satfnRegBot.automationScripts.SatisfactionRegisteration - 400061048811 is already satisfied
16:40:47.195 [main] INFO  com.satfnRegBot.automationScripts.SatisfactionRegisteration - 400060904592 is already satisfied
16:40:59.897 [main] INFO  com.satfnRegBot.automationScripts.SatisfactionRegisteration - 400062596744 is satisfied with the Transaction ID 200297662689
16:41:13.729 [main] INFO  com.satfnRegBot.automationScripts.SatisfactionRegisteration - 400064841794 is satisfied with the Transaction ID 200297662744
16:41:27.139 [main] INFO  com.satfnRegBot.automationScripts.SatisfactionRegisteration - 400039207479 is satisfied with the Transaction ID 200297662798
16:41:28.990 [main] INFO  com.satfnRegBot.automationScripts.SatisfactionRegisteration - 400039507615 is already satisfied
16:41:29.900 [main] INFO  com.satfnRegBot.automationScripts.SatisfactionRegisteration - 400061006787 is already satisfied
16:41:30.875 [main] INFO  com.satfnRegBot.automationScripts.SatisfactionRegisteration - 400022338288 is already satisfied
16:41:31.928 [main] INFO  com.satfnRegBot.automationScripts.SatisfactionRegisteration - 400025964418 is already satisfied
16:41:32.828 [main] INFO  com.satfnRegBot.automationScripts.SatisfactionRegisteration - 400025964444 is already satisfied
16:41:45.037 [main] INFO  com.satfnRegBot.automationScripts.SatisfactionRegisteration - 400062257365 is satisfied with the Transaction ID 200297662890
16:41:57.872 [main] INFO  com.satfnRegBot.automationScripts.SatisfactionRegisteration - 400060924666 is satisfied with the Transaction ID 200297662946
16:41:59.555 [main] INFO  com.satfnRegBot.automationScripts.SatisfactionRegisteration - 400027342830 is already satisfied
16:42:00.402 [main] INFO  com.satfnRegBot.automationScripts.SatisfactionRegisteration - 400025845247 is already satisfied
16:42:01.241 [main] INFO  com.satfnRegBot.automationScripts.SatisfactionRegisteration - 400026384910 is already satisfied
16:42:13.722 [main] INFO  com.satfnRegBot.automationScripts.SatisfactionRegisteration - 400020373195 is satisfied with the Transaction ID 200297663023
16:42:26.472 [main] INFO  com.satfnRegBot.automationScripts.SatisfactionRegisteration - 400027227026 is satisfied with the Transaction ID 200297663125
16:42:39.815 [main] INFO  com.satfnRegBot.automationScripts.SatisfactionRegisteration - 400023764477 is satisfied with the Transaction ID 200297663202
16:42:41.452 [main] INFO  com.satfnRegBot.automationScripts.SatisfactionRegisteration - 400060886052 is already satisfied
16:42:42.275 [main] INFO  com.satfnRegBot.automationScripts.SatisfactionRegisteration - 400024281574 is already satisfied
16:42:54.354 [main] INFO  com.satfnRegBot.automationScripts.SatisfactionRegisteration - 400061879137 is satisfied with the Transaction ID 200297663312
16:43:07.466 [main] INFO  com.satfnRegBot.automationScripts.SatisfactionRegisteration - 400061635421 is satisfied with the Transaction ID 200297663399
16:43:21.026 [main] INFO  com.satfnRegBot.automationScripts.SatisfactionRegisteration - 400062060939 is satisfied with the Transaction ID 200297663505
16:43:34.643 [main] INFO  com.satfnRegBot.automationScripts.SatisfactionRegisteration - 400072691583 is satisfied with the Transaction ID 200297663588
16:43:36.286 [main] INFO  com.satfnRegBot.automationScripts.SatisfactionRegisteration - 400060751899 is already satisfied
16:43:48.280 [main] INFO  com.satfnRegBot.automationScripts.SatisfactionRegisteration - 400062369161 is satisfied with the Transaction ID 200297663698
16:44:01.375 [main] INFO  com.satfnRegBot.automationScripts.SatisfactionRegisteration - 400061675243 is satisfied with the Transaction ID 200297663793
16:44:02.945 [main] INFO  com.satfnRegBot.automationScripts.SatisfactionRegisteration - 400039606584 is already satisfied
16:44:03.766 [main] INFO  com.satfnRegBot.automationScripts.SatisfactionRegisteration - 400060731733 is already satisfied
16:44:15.967 [main] INFO  com.satfnRegBot.automationScripts.SatisfactionRegisteration - 400039603681 is satisfied with the Transaction ID 200297663900
16:44:29.226 [main] INFO  com.satfnRegBot.automationScripts.SatisfactionRegisteration - 400039605112 is satisfied with the Transaction ID 200297664005
16:48:53.004 [main] INFO  com.satfnRegBot.automationScripts.SatisfactionRegisteration - https://www.cersai.org.in/CERSAI/home.prg URL Opened Successfully in chrome browser
16:49:26.035 [main] INFO  com.satfnRegBot.automationScripts.SatisfactionRegisteration - 400060867092 is already satisfied
16:49:38.608 [main] INFO  com.satfnRegBot.automationScripts.SatisfactionRegisteration - 400064776047 is satisfied with the Transaction ID 200297665423
16:49:52.042 [main] INFO  com.satfnRegBot.automationScripts.SatisfactionRegisteration - 400039336703 is satisfied with the Transaction ID 200297665485
16:50:18.925 [main] INFO  com.satfnRegBot.automationScripts.SatisfactionRegisteration - 400060995780 is satisfied with the Transaction ID 200297665563
16:50:32.722 [main] INFO  com.satfnRegBot.automationScripts.SatisfactionRegisteration - 400063396993 is satisfied with the Transaction ID 200297665670
16:50:34.567 [main] INFO  com.satfnRegBot.automationScripts.SatisfactionRegisteration - 400069593145 is already satisfied
16:50:35.674 [main] INFO  com.satfnRegBot.automationScripts.SatisfactionRegisteration - 400025124715 is already satisfied
16:50:37.100 [main] INFO  com.satfnRegBot.automationScripts.SatisfactionRegisteration - 400022474245 is already satisfied
16:50:39.030 [main] INFO  com.satfnRegBot.automationScripts.SatisfactionRegisteration - 400039233366 is already satisfied
16:50:51.043 [main] INFO  com.satfnRegBot.automationScripts.SatisfactionRegisteration - 400061305000 is satisfied with the Transaction ID 200297665745
16:50:52.835 [main] INFO  com.satfnRegBot.automationScripts.SatisfactionRegisteration - 400072747466 is already satisfied
16:50:54.517 [main] INFO  com.satfnRegBot.automationScripts.SatisfactionRegisteration - 400060972846 is already satisfied
16:51:06.602 [main] INFO  com.satfnRegBot.automationScripts.SatisfactionRegisteration - 400039603624 is satisfied with the Transaction ID 200297665831
16:51:08.380 [main] INFO  com.satfnRegBot.automationScripts.SatisfactionRegisteration - 400060564699 is already satisfied
16:51:09.929 [main] INFO  com.satfnRegBot.automationScripts.SatisfactionRegisteration - 400060977133 is already satisfied
16:51:11.347 [main] INFO  com.satfnRegBot.automationScripts.SatisfactionRegisteration - 400061022565 is already satisfied
16:51:23.555 [main] INFO  com.satfnRegBot.automationScripts.SatisfactionRegisteration - 400061048392 is satisfied with the Transaction ID 200297665910
16:51:36.443 [main] INFO  com.satfnRegBot.automationScripts.SatisfactionRegisteration - 400039224308 is satisfied with the Transaction ID 200297665964
16:51:38.258 [main] INFO  com.satfnRegBot.automationScripts.SatisfactionRegisteration - 400039148366 is already satisfied
16:51:50.792 [main] INFO  com.satfnRegBot.automationScripts.SatisfactionRegisteration - 400039746534 is satisfied with the Transaction ID 200297666038
16:52:03.676 [main] INFO  com.satfnRegBot.automationScripts.SatisfactionRegisteration - 400021867083 is satisfied with the Transaction ID 200297666088
16:52:17.020 [main] INFO  com.satfnRegBot.automationScripts.SatisfactionRegisteration - 400062164569 is satisfied with the Transaction ID 200297666139
16:52:30.512 [main] INFO  com.satfnRegBot.automationScripts.SatisfactionRegisteration - 400033167153 is satisfied with the Transaction ID 200297666206
16:52:32.336 [main] INFO  com.satfnRegBot.automationScripts.SatisfactionRegisteration - 400039248534 is already satisfied
16:52:44.574 [main] INFO  com.satfnRegBot.automationScripts.SatisfactionRegisteration - 400064815652 is satisfied with the Transaction ID 200297666269
16:52:46.328 [main] INFO  com.satfnRegBot.automationScripts.SatisfactionRegisteration - 400072883581 is already satisfied
16:52:58.678 [main] INFO  com.satfnRegBot.automationScripts.SatisfactionRegisteration - 400063624003 is satisfied with the Transaction ID 200297666335
16:53:11.961 [main] INFO  com.satfnRegBot.automationScripts.SatisfactionRegisteration - 400060919671 is satisfied with the Transaction ID 200297666385
16:53:25.069 [main] INFO  com.satfnRegBot.automationScripts.SatisfactionRegisteration - 400061314612 is satisfied with the Transaction ID 200297666438
16:53:38.127 [main] INFO  com.satfnRegBot.automationScripts.SatisfactionRegisteration - 400024265249 is satisfied with the Transaction ID 200297666496
16:53:51.292 [main] INFO  com.satfnRegBot.automationScripts.SatisfactionRegisteration - 400020367628 is satisfied with the Transaction ID 200297666549
16:53:53.139 [main] INFO  com.satfnRegBot.automationScripts.SatisfactionRegisteration - 400036882470 is already satisfied
16:53:53.969 [main] INFO  com.satfnRegBot.automationScripts.SatisfactionRegisteration - 400064621182 is already satisfied
